[0.402s] Invoking command in '/home/ps/dof_6_ws/src/ur5': PYTHONPATH=/home/ps/dof_6_ws/build/ur5/prefix_override:/usr/lib/python3/dist-packages/colcon_core/task/python/colcon_distutils_commands:/home/ps/dof_6_ws/install/ur5/lib/python3.10/site-packages:${PYTHONPATH} /usr/bin/python3 -W ignore:setup.py install is deprecated setup.py egg_info --egg-base ../../build/ur5 build --build-base /home/ps/dof_6_ws/build/ur5/build install --record /home/ps/dof_6_ws/build/ur5/install.log --single-version-externally-managed install_data
[0.546s] running egg_info
[0.546s] writing ../../build/ur5/ur5.egg-info/PKG-INFO
[0.546s] writing dependency_links to ../../build/ur5/ur5.egg-info/dependency_links.txt
[0.546s] writing entry points to ../../build/ur5/ur5.egg-info/entry_points.txt
[0.546s] writing requirements to ../../build/ur5/ur5.egg-info/requires.txt
[0.546s] writing top-level names to ../../build/ur5/ur5.egg-info/top_level.txt
[0.548s] reading manifest file '../../build/ur5/ur5.egg-info/SOURCES.txt'
[0.549s] writing manifest file '../../build/ur5/ur5.egg-info/SOURCES.txt'
[0.549s] running build
[0.549s] running build_py
[0.549s] running install
[0.549s] running install_lib
[0.551s] running install_data
[0.551s] running install_egg_info
[0.553s] removing '/home/ps/dof_6_ws/install/ur5/lib/python3.10/site-packages/ur5-0.0.0-py3.10.egg-info' (and everything under it)
[0.553s] Copying ../../build/ur5/ur5.egg-info to /home/ps/dof_6_ws/install/ur5/lib/python3.10/site-packages/ur5-0.0.0-py3.10.egg-info
[0.554s] running install_scripts
[0.566s] Installing cap script to /home/ps/dof_6_ws/install/ur5/lib/ur5
[0.566s] Installing grip script to /home/ps/dof_6_ws/install/ur5/lib/ur5
[0.567s] Installing gz script to /home/ps/dof_6_ws/install/ur5/lib/ur5
[0.567s] Installing gz_ik script to /home/ps/dof_6_ws/install/ur5/lib/ur5
[0.567s] Installing pnp script to /home/ps/dof_6_ws/install/ur5/lib/ur5
[0.567s] Installing pose script to /home/ps/dof_6_ws/install/ur5/lib/ur5
[0.567s] Installing prox script to /home/ps/dof_6_ws/install/ur5/lib/ur5
[0.567s] Installing rviz script to /home/ps/dof_6_ws/install/ur5/lib/ur5
[0.567s] Installing rviz_ik script to /home/ps/dof_6_ws/install/ur5/lib/ur5
[0.567s] Installing scheduler script to /home/ps/dof_6_ws/install/ur5/lib/ur5
[0.567s] writing list of installed files to '/home/ps/dof_6_ws/build/ur5/install.log'
[0.582s] Invoked command in '/home/ps/dof_6_ws/src/ur5' returned '0': PYTHONPATH=/home/ps/dof_6_ws/build/ur5/prefix_override:/usr/lib/python3/dist-packages/colcon_core/task/python/colcon_distutils_commands:/home/ps/dof_6_ws/install/ur5/lib/python3.10/site-packages:${PYTHONPATH} /usr/bin/python3 -W ignore:setup.py install is deprecated setup.py egg_info --egg-base ../../build/ur5 build --build-base /home/ps/dof_6_ws/build/ur5/build install --record /home/ps/dof_6_ws/build/ur5/install.log --single-version-externally-managed install_data
