[0.011s] Invoking command in '/home/ps/dof_6_ws/build/conveyorbelt_msgs': CMAKE_PREFIX_PATH=/opt/ros/humble /usr/bin/cmake /home/ps/dof_6_ws/src/conveyorbelt_msgs -DCMAKE_INSTALL_PREFIX=/home/ps/dof_6_ws/install/conveyorbelt_msgs
[0.157s] -- The C compiler identification is GNU 11.4.0
[0.158s] -- The CXX compiler identification is GNU 11.4.0
[0.158s] -- Detecting C compiler ABI info
[0.158s] -- Detecting C compiler ABI info - done
[0.158s] -- Check for working C compiler: /usr/bin/cc - skipped
[0.158s] -- Detecting C compile features
[0.159s] -- Detecting C compile features - done
[0.161s] -- Detecting CXX compiler ABI info
[0.212s] -- Detecting CXX compiler ABI info - done
[0.216s] -- Check for working CXX compiler: /usr/bin/c++ - skipped
[0.216s] -- Detecting CXX compile features
[0.216s] -- Detecting CXX compile features - done
[0.218s] -- Found ament_cmake: 1.3.10 (/opt/ros/humble/share/ament_cmake/cmake)
[0.326s] -- Found Python3: /usr/bin/python3 (found version "3.10.12") found components: Interpreter 
[0.385s] -- Found ament_lint_auto: 0.12.11 (/opt/ros/humble/share/ament_lint_auto/cmake)
[0.442s] -- Found rosidl_default_generators: 1.2.0 (/opt/ros/humble/share/rosidl_default_generators/cmake)
[0.444s] -- Using all available rosidl_typesupport_c: rosidl_typesupport_fastrtps_c;rosidl_typesupport_introspection_c
[0.448s] -- Found rosidl_adapter: 3.1.5 (/opt/ros/humble/share/rosidl_adapter/cmake)
[0.473s] -- Using all available rosidl_typesupport_cpp: rosidl_typesupport_fastrtps_cpp;rosidl_typesupport_introspection_cpp
[0.624s] -- Found ament_cmake_ros: 0.10.0 (/opt/ros/humble/share/ament_cmake_ros/cmake)
[0.745s] -- Using all available rosidl_typesupport_c: rosidl_typesupport_fastrtps_c;rosidl_typesupport_introspection_c
[0.901s] -- Using all available rosidl_typesupport_cpp: rosidl_typesupport_fastrtps_cpp;rosidl_typesupport_introspection_cpp
[0.916s] -- Found PythonInterp: /usr/bin/python3 (found suitable version "3.10.12", minimum required is "3.6") 
[0.917s] -- Found python_cmake_module: 0.10.0 (/opt/ros/humble/share/python_cmake_module/cmake)
[0.936s] -- Found PythonLibs: /usr/lib/x86_64-linux-gnu/libpython3.10.so (found suitable version "3.10.12", minimum required is "3.5") 
[0.936s] -- Using PYTHON_EXECUTABLE: /usr/bin/python3
[0.936s] -- Using PYTHON_INCLUDE_DIRS: /usr/include/python3.10
[0.936s] -- Using PYTHON_LIBRARIES: /usr/lib/x86_64-linux-gnu/libpython3.10.so
[0.949s] -- Found PythonExtra: .so  
[0.970s] -- Added test 'copyright' to check source files copyright and LICENSE
[0.971s] -- Added test 'lint_cmake' to check CMake code style
[0.971s] -- Added test 'xmllint' to check XML markup files
[0.973s] -- Configuring done
[0.987s] -- Generating done
[0.989s] -- Build files have been written to: /home/ps/dof_6_ws/build/conveyorbelt_msgs
[0.993s] Invoked command in '/home/ps/dof_6_ws/build/conveyorbelt_msgs' returned '0': CMAKE_PREFIX_PATH=/opt/ros/humble /usr/bin/cmake /home/ps/dof_6_ws/src/conveyorbelt_msgs -DCMAKE_INSTALL_PREFIX=/home/ps/dof_6_ws/install/conveyorbelt_msgs
[0.994s] Invoking command in '/home/ps/dof_6_ws/build/conveyorbelt_msgs': CMAKE_PREFIX_PATH=/opt/ros/humble /usr/bin/cmake --build /home/ps/dof_6_ws/build/conveyorbelt_msgs -- -j12 -l12
[1.023s] [  2%] [34m[1mGenerating C code for ROS interfaces[0m
[1.028s] [  5%] [34m[1mGenerating C++ code for ROS interfaces[0m
[1.032s] [  5%] Built target ament_cmake_python_copy_conveyorbelt_msgs
[1.174s] running egg_info
[1.175s] creating conveyorbelt_msgs.egg-info
[1.175s] writing conveyorbelt_msgs.egg-info/PKG-INFO
[1.175s] writing dependency_links to conveyorbelt_msgs.egg-info/dependency_links.txt
[1.175s] writing top-level names to conveyorbelt_msgs.egg-info/top_level.txt
[1.175s] writing manifest file 'conveyorbelt_msgs.egg-info/SOURCES.txt'
[1.176s] reading manifest file 'conveyorbelt_msgs.egg-info/SOURCES.txt'
[1.176s] writing manifest file 'conveyorbelt_msgs.egg-info/SOURCES.txt'
[1.196s] [  5%] Built target ament_cmake_python_build_conveyorbelt_msgs_egg
[1.222s] [  5%] Built target conveyorbelt_msgs__cpp
[1.229s] [  7%] [34m[1mGenerating C++ type support dispatch for ROS interfaces[0m
[1.230s] [ 10%] [34m[1mGenerating C++ type support for eProsima Fast-RTPS[0m
[1.232s] [ 12%] [34m[1mGenerating C++ introspection for ROS interfaces[0m
[1.232s] [ 17%] [32mBuilding C object CMakeFiles/conveyorbelt_msgs__rosidl_generator_c.dir/rosidl_generator_c/conveyorbelt_msgs/srv/detail/conveyor_belt_control__functions.c.o[0m
[1.232s] [ 17%] [32mBuilding C object CMakeFiles/conveyorbelt_msgs__rosidl_generator_c.dir/rosidl_generator_c/conveyorbelt_msgs/msg/detail/conveyor_belt_state__functions.c.o[0m
[1.267s] [ 20%] [32m[1mLinking C shared library libconveyorbelt_msgs__rosidl_generator_c.so[0m
[1.293s] [ 20%] Built target conveyorbelt_msgs__rosidl_generator_c
[1.299s] [ 23%] [34m[1mGenerating C type support dispatch for ROS interfaces[0m
[1.300s] [ 25%] [34m[1mGenerating C type support for eProsima Fast-RTPS[0m
[1.302s] [ 28%] [34m[1mGenerating C introspection for ROS interfaces[0m
[1.399s] [ 30%] [32mBuilding CXX object CMakeFiles/conveyorbelt_msgs__rosidl_typesupport_cpp.dir/rosidl_typesupport_cpp/conveyorbelt_msgs/srv/conveyor_belt_control__type_support.cpp.o[0m
[1.402s] [ 33%] [32mBuilding CXX object CMakeFiles/conveyorbelt_msgs__rosidl_typesupport_cpp.dir/rosidl_typesupport_cpp/conveyorbelt_msgs/msg/conveyor_belt_state__type_support.cpp.o[0m
[1.415s] [ 35%] [32mBuilding CXX object CMakeFiles/conveyorbelt_msgs__rosidl_typesupport_introspection_cpp.dir/rosidl_typesupport_introspection_cpp/conveyorbelt_msgs/msg/detail/conveyor_belt_state__type_support.cpp.o[0m
[1.418s] [ 38%] [32mBuilding CXX object CMakeFiles/conveyorbelt_msgs__rosidl_typesupport_introspection_cpp.dir/rosidl_typesupport_introspection_cpp/conveyorbelt_msgs/srv/detail/conveyor_belt_control__type_support.cpp.o[0m
[1.472s] [ 41%] [32mBuilding CXX object CMakeFiles/conveyorbelt_msgs__rosidl_typesupport_c.dir/rosidl_typesupport_c/conveyorbelt_msgs/msg/conveyor_belt_state__type_support.cpp.o[0m
[1.473s] [ 43%] [32mBuilding CXX object CMakeFiles/conveyorbelt_msgs__rosidl_typesupport_c.dir/rosidl_typesupport_c/conveyorbelt_msgs/srv/conveyor_belt_control__type_support.cpp.o[0m
[1.494s] [ 46%] [32m[1mLinking CXX shared library libconveyorbelt_msgs__rosidl_typesupport_c.so[0m
[1.500s] [ 48%] [32mBuilding CXX object CMakeFiles/conveyorbelt_msgs__rosidl_typesupport_fastrtps_c.dir/rosidl_typesupport_fastrtps_c/conveyorbelt_msgs/srv/detail/conveyor_belt_control__type_support_c.cpp.o[0m
[1.502s] [ 51%] [32mBuilding CXX object CMakeFiles/conveyorbelt_msgs__rosidl_typesupport_fastrtps_c.dir/rosidl_typesupport_fastrtps_c/conveyorbelt_msgs/msg/detail/conveyor_belt_state__type_support_c.cpp.o[0m
[1.525s] [ 51%] Built target conveyorbelt_msgs__rosidl_typesupport_c
[1.578s] [ 53%] [32mBuilding CXX object CMakeFiles/conveyorbelt_msgs__rosidl_typesupport_fastrtps_cpp.dir/rosidl_typesupport_fastrtps_cpp/conveyorbelt_msgs/msg/detail/dds_fastrtps/conveyor_belt_state__type_support.cpp.o[0m
[1.580s] [ 56%] [32mBuilding CXX object CMakeFiles/conveyorbelt_msgs__rosidl_typesupport_fastrtps_cpp.dir/rosidl_typesupport_fastrtps_cpp/conveyorbelt_msgs/srv/detail/dds_fastrtps/conveyor_belt_control__type_support.cpp.o[0m
[1.604s] [ 58%] [32m[1mLinking CXX shared library libconveyorbelt_msgs__rosidl_typesupport_cpp.so[0m
[1.646s] [ 61%] [32mBuilding C object CMakeFiles/conveyorbelt_msgs__rosidl_typesupport_introspection_c.dir/rosidl_typesupport_introspection_c/conveyorbelt_msgs/msg/detail/conveyor_belt_state__type_support.c.o[0m
[1.646s] [ 64%] [32mBuilding C object CMakeFiles/conveyorbelt_msgs__rosidl_typesupport_introspection_c.dir/rosidl_typesupport_introspection_c/conveyorbelt_msgs/srv/detail/conveyor_belt_control__type_support.c.o[0m
[1.647s] [ 64%] Built target conveyorbelt_msgs__rosidl_typesupport_cpp
[1.676s] [ 66%] [32m[1mLinking C shared library libconveyorbelt_msgs__rosidl_typesupport_introspection_c.so[0m
[1.703s] [ 66%] Built target conveyorbelt_msgs__rosidl_typesupport_introspection_c
[1.740s] [ 69%] [32m[1mLinking CXX shared library libconveyorbelt_msgs__rosidl_typesupport_fastrtps_c.so[0m
[1.752s] [ 71%] [32m[1mLinking CXX shared library libconveyorbelt_msgs__rosidl_typesupport_introspection_cpp.so[0m
[1.789s] [ 71%] Built target conveyorbelt_msgs__rosidl_typesupport_introspection_cpp
[1.795s] [ 71%] Built target conveyorbelt_msgs__rosidl_typesupport_fastrtps_c
[1.867s] [ 74%] [32m[1mLinking CXX shared library libconveyorbelt_msgs__rosidl_typesupport_fastrtps_cpp.so[0m
[1.918s] [ 74%] Built target conveyorbelt_msgs__rosidl_typesupport_fastrtps_cpp
[1.932s] [ 74%] Built target conveyorbelt_msgs
[1.948s] [ 76%] [34m[1mGenerating Python code for ROS interfaces[0m
[2.208s] [ 76%] Built target conveyorbelt_msgs__py
[2.221s] [ 79%] [32mBuilding C object CMakeFiles/conveyorbelt_msgs__rosidl_generator_py.dir/rosidl_generator_py/conveyorbelt_msgs/srv/_conveyor_belt_control_s.c.o[0m
[2.221s] [ 82%] [32mBuilding C object CMakeFiles/conveyorbelt_msgs__rosidl_generator_py.dir/rosidl_generator_py/conveyorbelt_msgs/msg/_conveyor_belt_state_s.c.o[0m
[2.282s] [ 84%] [32m[1mLinking C shared library rosidl_generator_py/conveyorbelt_msgs/libconveyorbelt_msgs__rosidl_generator_py.so[0m
[2.311s] [ 84%] Built target conveyorbelt_msgs__rosidl_generator_py
[2.325s] [ 87%] [32mBuilding C object CMakeFiles/conveyorbelt_msgs__rosidl_typesupport_fastrtps_c__pyext.dir/rosidl_generator_py/conveyorbelt_msgs/_conveyorbelt_msgs_s.ep.rosidl_typesupport_fastrtps_c.c.o[0m
[2.325s] [ 89%] [32mBuilding C object CMakeFiles/conveyorbelt_msgs__rosidl_typesupport_c__pyext.dir/rosidl_generator_py/conveyorbelt_msgs/_conveyorbelt_msgs_s.ep.rosidl_typesupport_c.c.o[0m
[2.328s] [ 92%] [32mBuilding C object CMakeFiles/conveyorbelt_msgs__rosidl_typesupport_introspection_c__pyext.dir/rosidl_generator_py/conveyorbelt_msgs/_conveyorbelt_msgs_s.ep.rosidl_typesupport_introspection_c.c.o[0m
[2.380s] [ 94%] [32m[1mLinking C shared library rosidl_generator_py/conveyorbelt_msgs/conveyorbelt_msgs_s__rosidl_typesupport_c.cpython-310-x86_64-linux-gnu.so[0m
[2.386s] [ 97%] [32m[1mLinking C shared library rosidl_generator_py/conveyorbelt_msgs/conveyorbelt_msgs_s__rosidl_typesupport_fastrtps_c.cpython-310-x86_64-linux-gnu.so[0m
[2.386s] [100%] [32m[1mLinking C shared library rosidl_generator_py/conveyorbelt_msgs/conveyorbelt_msgs_s__rosidl_typesupport_introspection_c.cpython-310-x86_64-linux-gnu.so[0m
[2.401s] [100%] Built target conveyorbelt_msgs__rosidl_typesupport_c__pyext
[2.410s] [100%] Built target conveyorbelt_msgs__rosidl_typesupport_introspection_c__pyext
[2.411s] [100%] Built target conveyorbelt_msgs__rosidl_typesupport_fastrtps_c__pyext
[2.420s] Invoked command in '/home/ps/dof_6_ws/build/conveyorbelt_msgs' returned '0': CMAKE_PREFIX_PATH=/opt/ros/humble /usr/bin/cmake --build /home/ps/dof_6_ws/build/conveyorbelt_msgs -- -j12 -l12
[2.478s] Invoking command in '/home/ps/dof_6_ws/build/conveyorbelt_msgs': CMAKE_PREFIX_PATH=/opt/ros/humble /usr/bin/cmake --install /home/ps/dof_6_ws/build/conveyorbelt_msgs
[2.483s] -- Install configuration: ""
[2.483s] -- Installing: /home/ps/dof_6_ws/install/conveyorbelt_msgs/share/conveyorbelt_msgs/msg
[2.483s] -- Installing: /home/ps/dof_6_ws/install/conveyorbelt_msgs/share/conveyorbelt_msgs/msg/ConveyorBeltState.msg
[2.484s] -- Installing: /home/ps/dof_6_ws/install/conveyorbelt_msgs/share/conveyorbelt_msgs/srv
[2.484s] -- Installing: /home/ps/dof_6_ws/install/conveyorbelt_msgs/share/conveyorbelt_msgs/srv/ConveyorBeltControl.srv
[2.484s] -- Installing: /home/ps/dof_6_ws/install/conveyorbelt_msgs/share/ament_index/resource_index/rosidl_interfaces/conveyorbelt_msgs
[2.484s] -- Installing: /home/ps/dof_6_ws/install/conveyorbelt_msgs/include/conveyorbelt_msgs/conveyorbelt_msgs
[2.484s] -- Installing: /home/ps/dof_6_ws/install/conveyorbelt_msgs/include/conveyorbelt_msgs/conveyorbelt_msgs/srv
[2.484s] -- Installing: /home/ps/dof_6_ws/install/conveyorbelt_msgs/include/conveyorbelt_msgs/conveyorbelt_msgs/srv/conveyor_belt_control.h
[2.484s] -- Installing: /home/ps/dof_6_ws/install/conveyorbelt_msgs/include/conveyorbelt_msgs/conveyorbelt_msgs/srv/detail
[2.484s] -- Installing: /home/ps/dof_6_ws/install/conveyorbelt_msgs/include/conveyorbelt_msgs/conveyorbelt_msgs/srv/detail/conveyor_belt_control__struct.h
[2.484s] -- Installing: /home/ps/dof_6_ws/install/conveyorbelt_msgs/include/conveyorbelt_msgs/conveyorbelt_msgs/srv/detail/conveyor_belt_control__functions.h
[2.484s] -- Installing: /home/ps/dof_6_ws/install/conveyorbelt_msgs/include/conveyorbelt_msgs/conveyorbelt_msgs/srv/detail/conveyor_belt_control__type_support.h
[2.484s] -- Installing: /home/ps/dof_6_ws/install/conveyorbelt_msgs/include/conveyorbelt_msgs/conveyorbelt_msgs/srv/detail/conveyor_belt_control__functions.c
[2.484s] -- Installing: /home/ps/dof_6_ws/install/conveyorbelt_msgs/include/conveyorbelt_msgs/conveyorbelt_msgs/msg
[2.484s] -- Installing: /home/ps/dof_6_ws/install/conveyorbelt_msgs/include/conveyorbelt_msgs/conveyorbelt_msgs/msg/conveyor_belt_state.h
[2.484s] -- Installing: /home/ps/dof_6_ws/install/conveyorbelt_msgs/include/conveyorbelt_msgs/conveyorbelt_msgs/msg/rosidl_generator_c__visibility_control.h
[2.484s] -- Installing: /home/ps/dof_6_ws/install/conveyorbelt_msgs/include/conveyorbelt_msgs/conveyorbelt_msgs/msg/detail
[2.484s] -- Installing: /home/ps/dof_6_ws/install/conveyorbelt_msgs/include/conveyorbelt_msgs/conveyorbelt_msgs/msg/detail/conveyor_belt_state__type_support.h
[2.484s] -- Installing: /home/ps/dof_6_ws/install/conveyorbelt_msgs/include/conveyorbelt_msgs/conveyorbelt_msgs/msg/detail/conveyor_belt_state__functions.h
[2.485s] -- Installing: /home/ps/dof_6_ws/install/conveyorbelt_msgs/include/conveyorbelt_msgs/conveyorbelt_msgs/msg/detail/conveyor_belt_state__functions.c
[2.485s] -- Installing: /home/ps/dof_6_ws/install/conveyorbelt_msgs/include/conveyorbelt_msgs/conveyorbelt_msgs/msg/detail/conveyor_belt_state__struct.h
[2.485s] -- Installing: /home/ps/dof_6_ws/install/conveyorbelt_msgs/share/conveyorbelt_msgs/environment/library_path.sh
[2.485s] -- Installing: /home/ps/dof_6_ws/install/conveyorbelt_msgs/share/conveyorbelt_msgs/environment/library_path.dsv
[2.485s] -- Installing: /home/ps/dof_6_ws/install/conveyorbelt_msgs/lib/libconveyorbelt_msgs__rosidl_generator_c.so
[2.485s] -- Set runtime path of "/home/ps/dof_6_ws/install/conveyorbelt_msgs/lib/libconveyorbelt_msgs__rosidl_generator_c.so" to ""
[2.485s] -- Up-to-date: /home/ps/dof_6_ws/install/conveyorbelt_msgs/include/conveyorbelt_msgs/conveyorbelt_msgs
[2.485s] -- Up-to-date: /home/ps/dof_6_ws/install/conveyorbelt_msgs/include/conveyorbelt_msgs/conveyorbelt_msgs/srv
[2.485s] -- Up-to-date: /home/ps/dof_6_ws/install/conveyorbelt_msgs/include/conveyorbelt_msgs/conveyorbelt_msgs/srv/detail
[2.485s] -- Installing: /home/ps/dof_6_ws/install/conveyorbelt_msgs/include/conveyorbelt_msgs/conveyorbelt_msgs/srv/detail/conveyor_belt_control__rosidl_typesupport_fastrtps_c.h
[2.485s] -- Up-to-date: /home/ps/dof_6_ws/install/conveyorbelt_msgs/include/conveyorbelt_msgs/conveyorbelt_msgs/msg
[2.485s] -- Installing: /home/ps/dof_6_ws/install/conveyorbelt_msgs/include/conveyorbelt_msgs/conveyorbelt_msgs/msg/rosidl_typesupport_fastrtps_c__visibility_control.h
[2.485s] -- Up-to-date: /home/ps/dof_6_ws/install/conveyorbelt_msgs/include/conveyorbelt_msgs/conveyorbelt_msgs/msg/detail
[2.485s] -- Installing: /home/ps/dof_6_ws/install/conveyorbelt_msgs/include/conveyorbelt_msgs/conveyorbelt_msgs/msg/detail/conveyor_belt_state__rosidl_typesupport_fastrtps_c.h
[2.485s] -- Installing: /home/ps/dof_6_ws/install/conveyorbelt_msgs/lib/libconveyorbelt_msgs__rosidl_typesupport_fastrtps_c.so
[2.486s] -- Set runtime path of "/home/ps/dof_6_ws/install/conveyorbelt_msgs/lib/libconveyorbelt_msgs__rosidl_typesupport_fastrtps_c.so" to ""
[2.486s] -- Up-to-date: /home/ps/dof_6_ws/install/conveyorbelt_msgs/include/conveyorbelt_msgs/conveyorbelt_msgs
[2.486s] -- Up-to-date: /home/ps/dof_6_ws/install/conveyorbelt_msgs/include/conveyorbelt_msgs/conveyorbelt_msgs/srv
[2.486s] -- Up-to-date: /home/ps/dof_6_ws/install/conveyorbelt_msgs/include/conveyorbelt_msgs/conveyorbelt_msgs/srv/detail
[2.486s] -- Installing: /home/ps/dof_6_ws/install/conveyorbelt_msgs/include/conveyorbelt_msgs/conveyorbelt_msgs/srv/detail/conveyor_belt_control__rosidl_typesupport_introspection_c.h
[2.486s] -- Installing: /home/ps/dof_6_ws/install/conveyorbelt_msgs/include/conveyorbelt_msgs/conveyorbelt_msgs/srv/detail/conveyor_belt_control__type_support.c
[2.486s] -- Up-to-date: /home/ps/dof_6_ws/install/conveyorbelt_msgs/include/conveyorbelt_msgs/conveyorbelt_msgs/msg
[2.486s] -- Installing: /home/ps/dof_6_ws/install/conveyorbelt_msgs/include/conveyorbelt_msgs/conveyorbelt_msgs/msg/rosidl_typesupport_introspection_c__visibility_control.h
[2.486s] -- Up-to-date: /home/ps/dof_6_ws/install/conveyorbelt_msgs/include/conveyorbelt_msgs/conveyorbelt_msgs/msg/detail
[2.486s] -- Installing: /home/ps/dof_6_ws/install/conveyorbelt_msgs/include/conveyorbelt_msgs/conveyorbelt_msgs/msg/detail/conveyor_belt_state__rosidl_typesupport_introspection_c.h
[2.486s] -- Installing: /home/ps/dof_6_ws/install/conveyorbelt_msgs/include/conveyorbelt_msgs/conveyorbelt_msgs/msg/detail/conveyor_belt_state__type_support.c
[2.486s] -- Installing: /home/ps/dof_6_ws/install/conveyorbelt_msgs/lib/libconveyorbelt_msgs__rosidl_typesupport_introspection_c.so
[2.486s] -- Set runtime path of "/home/ps/dof_6_ws/install/conveyorbelt_msgs/lib/libconveyorbelt_msgs__rosidl_typesupport_introspection_c.so" to ""
[2.486s] -- Installing: /home/ps/dof_6_ws/install/conveyorbelt_msgs/lib/libconveyorbelt_msgs__rosidl_typesupport_c.so
[2.486s] -- Set runtime path of "/home/ps/dof_6_ws/install/conveyorbelt_msgs/lib/libconveyorbelt_msgs__rosidl_typesupport_c.so" to ""
[2.487s] -- Up-to-date: /home/ps/dof_6_ws/install/conveyorbelt_msgs/include/conveyorbelt_msgs/conveyorbelt_msgs
[2.487s] -- Up-to-date: /home/ps/dof_6_ws/install/conveyorbelt_msgs/include/conveyorbelt_msgs/conveyorbelt_msgs/srv
[2.487s] -- Installing: /home/ps/dof_6_ws/install/conveyorbelt_msgs/include/conveyorbelt_msgs/conveyorbelt_msgs/srv/conveyor_belt_control.hpp
[2.487s] -- Up-to-date: /home/ps/dof_6_ws/install/conveyorbelt_msgs/include/conveyorbelt_msgs/conveyorbelt_msgs/srv/detail
[2.487s] -- Installing: /home/ps/dof_6_ws/install/conveyorbelt_msgs/include/conveyorbelt_msgs/conveyorbelt_msgs/srv/detail/conveyor_belt_control__struct.hpp
[2.487s] -- Installing: /home/ps/dof_6_ws/install/conveyorbelt_msgs/include/conveyorbelt_msgs/conveyorbelt_msgs/srv/detail/conveyor_belt_control__traits.hpp
[2.487s] -- Installing: /home/ps/dof_6_ws/install/conveyorbelt_msgs/include/conveyorbelt_msgs/conveyorbelt_msgs/srv/detail/conveyor_belt_control__builder.hpp
[2.487s] -- Up-to-date: /home/ps/dof_6_ws/install/conveyorbelt_msgs/include/conveyorbelt_msgs/conveyorbelt_msgs/msg
[2.487s] -- Installing: /home/ps/dof_6_ws/install/conveyorbelt_msgs/include/conveyorbelt_msgs/conveyorbelt_msgs/msg/conveyor_belt_state.hpp
[2.487s] -- Up-to-date: /home/ps/dof_6_ws/install/conveyorbelt_msgs/include/conveyorbelt_msgs/conveyorbelt_msgs/msg/detail
[2.487s] -- Installing: /home/ps/dof_6_ws/install/conveyorbelt_msgs/include/conveyorbelt_msgs/conveyorbelt_msgs/msg/detail/conveyor_belt_state__traits.hpp
[2.487s] -- Installing: /home/ps/dof_6_ws/install/conveyorbelt_msgs/include/conveyorbelt_msgs/conveyorbelt_msgs/msg/detail/conveyor_belt_state__builder.hpp
[2.487s] -- Installing: /home/ps/dof_6_ws/install/conveyorbelt_msgs/include/conveyorbelt_msgs/conveyorbelt_msgs/msg/detail/conveyor_belt_state__struct.hpp
[2.487s] -- Up-to-date: /home/ps/dof_6_ws/install/conveyorbelt_msgs/include/conveyorbelt_msgs/conveyorbelt_msgs
[2.487s] -- Up-to-date: /home/ps/dof_6_ws/install/conveyorbelt_msgs/include/conveyorbelt_msgs/conveyorbelt_msgs/srv
[2.487s] -- Up-to-date: /home/ps/dof_6_ws/install/conveyorbelt_msgs/include/conveyorbelt_msgs/conveyorbelt_msgs/srv/detail
[2.487s] -- Installing: /home/ps/dof_6_ws/install/conveyorbelt_msgs/include/conveyorbelt_msgs/conveyorbelt_msgs/srv/detail/conveyor_belt_control__rosidl_typesupport_fastrtps_cpp.hpp
[2.487s] -- Installing: /home/ps/dof_6_ws/install/conveyorbelt_msgs/include/conveyorbelt_msgs/conveyorbelt_msgs/srv/detail/dds_fastrtps
[2.488s] -- Up-to-date: /home/ps/dof_6_ws/install/conveyorbelt_msgs/include/conveyorbelt_msgs/conveyorbelt_msgs/msg
[2.488s] -- Installing: /home/ps/dof_6_ws/install/conveyorbelt_msgs/include/conveyorbelt_msgs/conveyorbelt_msgs/msg/rosidl_typesupport_fastrtps_cpp__visibility_control.h
[2.488s] -- Up-to-date: /home/ps/dof_6_ws/install/conveyorbelt_msgs/include/conveyorbelt_msgs/conveyorbelt_msgs/msg/detail
[2.488s] -- Installing: /home/ps/dof_6_ws/install/conveyorbelt_msgs/include/conveyorbelt_msgs/conveyorbelt_msgs/msg/detail/conveyor_belt_state__rosidl_typesupport_fastrtps_cpp.hpp
[2.488s] -- Installing: /home/ps/dof_6_ws/install/conveyorbelt_msgs/include/conveyorbelt_msgs/conveyorbelt_msgs/msg/detail/dds_fastrtps
[2.488s] -- Installing: /home/ps/dof_6_ws/install/conveyorbelt_msgs/lib/libconveyorbelt_msgs__rosidl_typesupport_fastrtps_cpp.so
[2.488s] -- Set runtime path of "/home/ps/dof_6_ws/install/conveyorbelt_msgs/lib/libconveyorbelt_msgs__rosidl_typesupport_fastrtps_cpp.so" to ""
[2.488s] -- Up-to-date: /home/ps/dof_6_ws/install/conveyorbelt_msgs/include/conveyorbelt_msgs/conveyorbelt_msgs
[2.488s] -- Up-to-date: /home/ps/dof_6_ws/install/conveyorbelt_msgs/include/conveyorbelt_msgs/conveyorbelt_msgs/srv
[2.488s] -- Up-to-date: /home/ps/dof_6_ws/install/conveyorbelt_msgs/include/conveyorbelt_msgs/conveyorbelt_msgs/srv/detail
[2.488s] -- Installing: /home/ps/dof_6_ws/install/conveyorbelt_msgs/include/conveyorbelt_msgs/conveyorbelt_msgs/srv/detail/conveyor_belt_control__type_support.cpp
[2.488s] -- Installing: /home/ps/dof_6_ws/install/conveyorbelt_msgs/include/conveyorbelt_msgs/conveyorbelt_msgs/srv/detail/conveyor_belt_control__rosidl_typesupport_introspection_cpp.hpp
[2.488s] -- Up-to-date: /home/ps/dof_6_ws/install/conveyorbelt_msgs/include/conveyorbelt_msgs/conveyorbelt_msgs/msg
[2.488s] -- Up-to-date: /home/ps/dof_6_ws/install/conveyorbelt_msgs/include/conveyorbelt_msgs/conveyorbelt_msgs/msg/detail
[2.488s] -- Installing: /home/ps/dof_6_ws/install/conveyorbelt_msgs/include/conveyorbelt_msgs/conveyorbelt_msgs/msg/detail/conveyor_belt_state__rosidl_typesupport_introspection_cpp.hpp
[2.488s] -- Installing: /home/ps/dof_6_ws/install/conveyorbelt_msgs/include/conveyorbelt_msgs/conveyorbelt_msgs/msg/detail/conveyor_belt_state__type_support.cpp
[2.488s] -- Installing: /home/ps/dof_6_ws/install/conveyorbelt_msgs/lib/libconveyorbelt_msgs__rosidl_typesupport_introspection_cpp.so
[2.489s] -- Set runtime path of "/home/ps/dof_6_ws/install/conveyorbelt_msgs/lib/libconveyorbelt_msgs__rosidl_typesupport_introspection_cpp.so" to ""
[2.489s] -- Installing: /home/ps/dof_6_ws/install/conveyorbelt_msgs/lib/libconveyorbelt_msgs__rosidl_typesupport_cpp.so
[2.489s] -- Set runtime path of "/home/ps/dof_6_ws/install/conveyorbelt_msgs/lib/libconveyorbelt_msgs__rosidl_typesupport_cpp.so" to ""
[2.489s] -- Installing: /home/ps/dof_6_ws/install/conveyorbelt_msgs/share/conveyorbelt_msgs/environment/pythonpath.sh
[2.489s] -- Installing: /home/ps/dof_6_ws/install/conveyorbelt_msgs/share/conveyorbelt_msgs/environment/pythonpath.dsv
[2.489s] -- Installing: /home/ps/dof_6_ws/install/conveyorbelt_msgs/local/lib/python3.10/dist-packages/conveyorbelt_msgs-0.0.0-py3.10.egg-info
[2.489s] -- Installing: /home/ps/dof_6_ws/install/conveyorbelt_msgs/local/lib/python3.10/dist-packages/conveyorbelt_msgs-0.0.0-py3.10.egg-info/SOURCES.txt
[2.489s] -- Installing: /home/ps/dof_6_ws/install/conveyorbelt_msgs/local/lib/python3.10/dist-packages/conveyorbelt_msgs-0.0.0-py3.10.egg-info/dependency_links.txt
[2.489s] -- Installing: /home/ps/dof_6_ws/install/conveyorbelt_msgs/local/lib/python3.10/dist-packages/conveyorbelt_msgs-0.0.0-py3.10.egg-info/PKG-INFO
[2.489s] -- Installing: /home/ps/dof_6_ws/install/conveyorbelt_msgs/local/lib/python3.10/dist-packages/conveyorbelt_msgs-0.0.0-py3.10.egg-info/top_level.txt
[2.489s] -- Installing: /home/ps/dof_6_ws/install/conveyorbelt_msgs/local/lib/python3.10/dist-packages/conveyorbelt_msgs
[2.489s] -- Installing: /home/ps/dof_6_ws/install/conveyorbelt_msgs/local/lib/python3.10/dist-packages/conveyorbelt_msgs/libconveyorbelt_msgs__rosidl_generator_py.so
[2.489s] -- Installing: /home/ps/dof_6_ws/install/conveyorbelt_msgs/local/lib/python3.10/dist-packages/conveyorbelt_msgs/srv
[2.489s] -- Installing: /home/ps/dof_6_ws/install/conveyorbelt_msgs/local/lib/python3.10/dist-packages/conveyorbelt_msgs/srv/_conveyor_belt_control_s.c
[2.489s] -- Installing: /home/ps/dof_6_ws/install/conveyorbelt_msgs/local/lib/python3.10/dist-packages/conveyorbelt_msgs/srv/__init__.py
[2.489s] -- Installing: /home/ps/dof_6_ws/install/conveyorbelt_msgs/local/lib/python3.10/dist-packages/conveyorbelt_msgs/srv/_conveyor_belt_control.py
[2.489s] -- Installing: /home/ps/dof_6_ws/install/conveyorbelt_msgs/local/lib/python3.10/dist-packages/conveyorbelt_msgs/msg
[2.489s] -- Installing: /home/ps/dof_6_ws/install/conveyorbelt_msgs/local/lib/python3.10/dist-packages/conveyorbelt_msgs/msg/_conveyor_belt_state_s.c
[2.489s] -- Installing: /home/ps/dof_6_ws/install/conveyorbelt_msgs/local/lib/python3.10/dist-packages/conveyorbelt_msgs/msg/_conveyor_belt_state.py
[2.489s] -- Installing: /home/ps/dof_6_ws/install/conveyorbelt_msgs/local/lib/python3.10/dist-packages/conveyorbelt_msgs/msg/__init__.py
[2.489s] -- Installing: /home/ps/dof_6_ws/install/conveyorbelt_msgs/local/lib/python3.10/dist-packages/conveyorbelt_msgs/conveyorbelt_msgs_s__rosidl_typesupport_fastrtps_c.cpython-310-x86_64-linux-gnu.so
[2.489s] -- Installing: /home/ps/dof_6_ws/install/conveyorbelt_msgs/local/lib/python3.10/dist-packages/conveyorbelt_msgs/_conveyorbelt_msgs_s.ep.rosidl_typesupport_introspection_c.c
[2.489s] -- Installing: /home/ps/dof_6_ws/install/conveyorbelt_msgs/local/lib/python3.10/dist-packages/conveyorbelt_msgs/_conveyorbelt_msgs_s.ep.rosidl_typesupport_c.c
[2.490s] -- Installing: /home/ps/dof_6_ws/install/conveyorbelt_msgs/local/lib/python3.10/dist-packages/conveyorbelt_msgs/_conveyorbelt_msgs_s.ep.rosidl_typesupport_fastrtps_c.c
[2.490s] -- Installing: /home/ps/dof_6_ws/install/conveyorbelt_msgs/local/lib/python3.10/dist-packages/conveyorbelt_msgs/conveyorbelt_msgs_s__rosidl_typesupport_introspection_c.cpython-310-x86_64-linux-gnu.so
[2.490s] -- Installing: /home/ps/dof_6_ws/install/conveyorbelt_msgs/local/lib/python3.10/dist-packages/conveyorbelt_msgs/__init__.py
[2.490s] -- Installing: /home/ps/dof_6_ws/install/conveyorbelt_msgs/local/lib/python3.10/dist-packages/conveyorbelt_msgs/conveyorbelt_msgs_s__rosidl_typesupport_c.cpython-310-x86_64-linux-gnu.so
[2.514s] Listing '/home/ps/dof_6_ws/install/conveyorbelt_msgs/local/lib/python3.10/dist-packages/conveyorbelt_msgs'...
[2.514s] Compiling '/home/ps/dof_6_ws/install/conveyorbelt_msgs/local/lib/python3.10/dist-packages/conveyorbelt_msgs/__init__.py'...
[2.514s] Listing '/home/ps/dof_6_ws/install/conveyorbelt_msgs/local/lib/python3.10/dist-packages/conveyorbelt_msgs/msg'...
[2.514s] Compiling '/home/ps/dof_6_ws/install/conveyorbelt_msgs/local/lib/python3.10/dist-packages/conveyorbelt_msgs/msg/__init__.py'...
[2.514s] Compiling '/home/ps/dof_6_ws/install/conveyorbelt_msgs/local/lib/python3.10/dist-packages/conveyorbelt_msgs/msg/_conveyor_belt_state.py'...
[2.514s] Listing '/home/ps/dof_6_ws/install/conveyorbelt_msgs/local/lib/python3.10/dist-packages/conveyorbelt_msgs/srv'...
[2.514s] Compiling '/home/ps/dof_6_ws/install/conveyorbelt_msgs/local/lib/python3.10/dist-packages/conveyorbelt_msgs/srv/__init__.py'...
[2.514s] Compiling '/home/ps/dof_6_ws/install/conveyorbelt_msgs/local/lib/python3.10/dist-packages/conveyorbelt_msgs/srv/_conveyor_belt_control.py'...
[2.517s] -- Installing: /home/ps/dof_6_ws/install/conveyorbelt_msgs/local/lib/python3.10/dist-packages/conveyorbelt_msgs/conveyorbelt_msgs_s__rosidl_typesupport_fastrtps_c.cpython-310-x86_64-linux-gnu.so
[2.517s] -- Set runtime path of "/home/ps/dof_6_ws/install/conveyorbelt_msgs/local/lib/python3.10/dist-packages/conveyorbelt_msgs/conveyorbelt_msgs_s__rosidl_typesupport_fastrtps_c.cpython-310-x86_64-linux-gnu.so" to ""
[2.517s] -- Installing: /home/ps/dof_6_ws/install/conveyorbelt_msgs/local/lib/python3.10/dist-packages/conveyorbelt_msgs/conveyorbelt_msgs_s__rosidl_typesupport_introspection_c.cpython-310-x86_64-linux-gnu.so
[2.517s] -- Set runtime path of "/home/ps/dof_6_ws/install/conveyorbelt_msgs/local/lib/python3.10/dist-packages/conveyorbelt_msgs/conveyorbelt_msgs_s__rosidl_typesupport_introspection_c.cpython-310-x86_64-linux-gnu.so" to ""
[2.517s] -- Installing: /home/ps/dof_6_ws/install/conveyorbelt_msgs/local/lib/python3.10/dist-packages/conveyorbelt_msgs/conveyorbelt_msgs_s__rosidl_typesupport_c.cpython-310-x86_64-linux-gnu.so
[2.517s] -- Set runtime path of "/home/ps/dof_6_ws/install/conveyorbelt_msgs/local/lib/python3.10/dist-packages/conveyorbelt_msgs/conveyorbelt_msgs_s__rosidl_typesupport_c.cpython-310-x86_64-linux-gnu.so" to ""
[2.517s] -- Installing: /home/ps/dof_6_ws/install/conveyorbelt_msgs/lib/libconveyorbelt_msgs__rosidl_generator_py.so
[2.517s] -- Set runtime path of "/home/ps/dof_6_ws/install/conveyorbelt_msgs/lib/libconveyorbelt_msgs__rosidl_generator_py.so" to ""
[2.517s] -- Installing: /home/ps/dof_6_ws/install/conveyorbelt_msgs/share/conveyorbelt_msgs/msg/ConveyorBeltState.idl
[2.517s] -- Installing: /home/ps/dof_6_ws/install/conveyorbelt_msgs/share/conveyorbelt_msgs/srv/ConveyorBeltControl.idl
[2.518s] -- Up-to-date: /home/ps/dof_6_ws/install/conveyorbelt_msgs/share/conveyorbelt_msgs/msg/ConveyorBeltState.msg
[2.518s] -- Up-to-date: /home/ps/dof_6_ws/install/conveyorbelt_msgs/share/conveyorbelt_msgs/srv/ConveyorBeltControl.srv
[2.518s] -- Installing: /home/ps/dof_6_ws/install/conveyorbelt_msgs/share/conveyorbelt_msgs/srv/ConveyorBeltControl_Request.msg
[2.518s] -- Installing: /home/ps/dof_6_ws/install/conveyorbelt_msgs/share/conveyorbelt_msgs/srv/ConveyorBeltControl_Response.msg
[2.518s] -- Installing: /home/ps/dof_6_ws/install/conveyorbelt_msgs/share/ament_index/resource_index/package_run_dependencies/conveyorbelt_msgs
[2.518s] -- Installing: /home/ps/dof_6_ws/install/conveyorbelt_msgs/share/ament_index/resource_index/parent_prefix_path/conveyorbelt_msgs
[2.518s] -- Installing: /home/ps/dof_6_ws/install/conveyorbelt_msgs/share/conveyorbelt_msgs/environment/ament_prefix_path.sh
[2.518s] -- Installing: /home/ps/dof_6_ws/install/conveyorbelt_msgs/share/conveyorbelt_msgs/environment/ament_prefix_path.dsv
[2.518s] -- Installing: /home/ps/dof_6_ws/install/conveyorbelt_msgs/share/conveyorbelt_msgs/environment/path.sh
[2.518s] -- Installing: /home/ps/dof_6_ws/install/conveyorbelt_msgs/share/conveyorbelt_msgs/environment/path.dsv
[2.518s] -- Installing: /home/ps/dof_6_ws/install/conveyorbelt_msgs/share/conveyorbelt_msgs/local_setup.bash
[2.518s] -- Installing: /home/ps/dof_6_ws/install/conveyorbelt_msgs/share/conveyorbelt_msgs/local_setup.sh
[2.518s] -- Installing: /home/ps/dof_6_ws/install/conveyorbelt_msgs/share/conveyorbelt_msgs/local_setup.zsh
[2.518s] -- Installing: /home/ps/dof_6_ws/install/conveyorbelt_msgs/share/conveyorbelt_msgs/local_setup.dsv
[2.518s] -- Installing: /home/ps/dof_6_ws/install/conveyorbelt_msgs/share/conveyorbelt_msgs/package.dsv
[2.518s] -- Installing: /home/ps/dof_6_ws/install/conveyorbelt_msgs/share/ament_index/resource_index/packages/conveyorbelt_msgs
[2.518s] -- Installing: /home/ps/dof_6_ws/install/conveyorbelt_msgs/share/conveyorbelt_msgs/cmake/export_conveyorbelt_msgs__rosidl_generator_cExport.cmake
[2.518s] -- Installing: /home/ps/dof_6_ws/install/conveyorbelt_msgs/share/conveyorbelt_msgs/cmake/export_conveyorbelt_msgs__rosidl_generator_cExport-noconfig.cmake
[2.518s] -- Installing: /home/ps/dof_6_ws/install/conveyorbelt_msgs/share/conveyorbelt_msgs/cmake/export_conveyorbelt_msgs__rosidl_typesupport_fastrtps_cExport.cmake
[2.518s] -- Installing: /home/ps/dof_6_ws/install/conveyorbelt_msgs/share/conveyorbelt_msgs/cmake/export_conveyorbelt_msgs__rosidl_typesupport_fastrtps_cExport-noconfig.cmake
[2.518s] -- Installing: /home/ps/dof_6_ws/install/conveyorbelt_msgs/share/conveyorbelt_msgs/cmake/conveyorbelt_msgs__rosidl_typesupport_introspection_cExport.cmake
[2.518s] -- Installing: /home/ps/dof_6_ws/install/conveyorbelt_msgs/share/conveyorbelt_msgs/cmake/conveyorbelt_msgs__rosidl_typesupport_introspection_cExport-noconfig.cmake
[2.518s] -- Installing: /home/ps/dof_6_ws/install/conveyorbelt_msgs/share/conveyorbelt_msgs/cmake/conveyorbelt_msgs__rosidl_typesupport_cExport.cmake
[2.519s] -- Installing: /home/ps/dof_6_ws/install/conveyorbelt_msgs/share/conveyorbelt_msgs/cmake/conveyorbelt_msgs__rosidl_typesupport_cExport-noconfig.cmake
[2.519s] -- Installing: /home/ps/dof_6_ws/install/conveyorbelt_msgs/share/conveyorbelt_msgs/cmake/export_conveyorbelt_msgs__rosidl_generator_cppExport.cmake
[2.519s] -- Installing: /home/ps/dof_6_ws/install/conveyorbelt_msgs/share/conveyorbelt_msgs/cmake/export_conveyorbelt_msgs__rosidl_typesupport_fastrtps_cppExport.cmake
[2.519s] -- Installing: /home/ps/dof_6_ws/install/conveyorbelt_msgs/share/conveyorbelt_msgs/cmake/export_conveyorbelt_msgs__rosidl_typesupport_fastrtps_cppExport-noconfig.cmake
[2.519s] -- Installing: /home/ps/dof_6_ws/install/conveyorbelt_msgs/share/conveyorbelt_msgs/cmake/conveyorbelt_msgs__rosidl_typesupport_introspection_cppExport.cmake
[2.519s] -- Installing: /home/ps/dof_6_ws/install/conveyorbelt_msgs/share/conveyorbelt_msgs/cmake/conveyorbelt_msgs__rosidl_typesupport_introspection_cppExport-noconfig.cmake
[2.519s] -- Installing: /home/ps/dof_6_ws/install/conveyorbelt_msgs/share/conveyorbelt_msgs/cmake/conveyorbelt_msgs__rosidl_typesupport_cppExport.cmake
[2.519s] -- Installing: /home/ps/dof_6_ws/install/conveyorbelt_msgs/share/conveyorbelt_msgs/cmake/conveyorbelt_msgs__rosidl_typesupport_cppExport-noconfig.cmake
[2.519s] -- Installing: /home/ps/dof_6_ws/install/conveyorbelt_msgs/share/conveyorbelt_msgs/cmake/export_conveyorbelt_msgs__rosidl_generator_pyExport.cmake
[2.519s] -- Installing: /home/ps/dof_6_ws/install/conveyorbelt_msgs/share/conveyorbelt_msgs/cmake/export_conveyorbelt_msgs__rosidl_generator_pyExport-noconfig.cmake
[2.519s] -- Installing: /home/ps/dof_6_ws/install/conveyorbelt_msgs/share/conveyorbelt_msgs/cmake/rosidl_cmake-extras.cmake
[2.519s] -- Installing: /home/ps/dof_6_ws/install/conveyorbelt_msgs/share/conveyorbelt_msgs/cmake/ament_cmake_export_include_directories-extras.cmake
[2.519s] -- Installing: /home/ps/dof_6_ws/install/conveyorbelt_msgs/share/conveyorbelt_msgs/cmake/ament_cmake_export_libraries-extras.cmake
[2.519s] -- Installing: /home/ps/dof_6_ws/install/conveyorbelt_msgs/share/conveyorbelt_msgs/cmake/ament_cmake_export_targets-extras.cmake
[2.519s] -- Installing: /home/ps/dof_6_ws/install/conveyorbelt_msgs/share/conveyorbelt_msgs/cmake/rosidl_cmake_export_typesupport_targets-extras.cmake
[2.519s] -- Installing: /home/ps/dof_6_ws/install/conveyorbelt_msgs/share/conveyorbelt_msgs/cmake/ament_cmake_export_dependencies-extras.cmake
[2.519s] -- Installing: /home/ps/dof_6_ws/install/conveyorbelt_msgs/share/conveyorbelt_msgs/cmake/rosidl_cmake_export_typesupport_libraries-extras.cmake
[2.519s] -- Installing: /home/ps/dof_6_ws/install/conveyorbelt_msgs/share/conveyorbelt_msgs/cmake/conveyorbelt_msgsConfig.cmake
[2.519s] -- Installing: /home/ps/dof_6_ws/install/conveyorbelt_msgs/share/conveyorbelt_msgs/cmake/conveyorbelt_msgsConfig-version.cmake
[2.519s] -- Installing: /home/ps/dof_6_ws/install/conveyorbelt_msgs/share/conveyorbelt_msgs/package.xml
[2.521s] Invoked command in '/home/ps/dof_6_ws/build/conveyorbelt_msgs' returned '0': CMAKE_PREFIX_PATH=/opt/ros/humble /usr/bin/cmake --install /home/ps/dof_6_ws/build/conveyorbelt_msgs
