[0.070s] DEBUG:colcon:Command line arguments: ['/usr/bin/colcon', 'build']
[0.071s] DEBUG:colcon:Parsed command line arguments: Namespace(log_base=None, log_level=None, verb_name='build', build_base='build', install_base='install', merge_install=False, symlink_install=False, test_result_base=None, continue_on_error=False, executor='parallel', parallel_workers=12, event_handlers=None, ignore_user_meta=False, metas=['./colcon.meta'], base_paths=['.'], packages_ignore=None, packages_ignore_regex=None, paths=None, packages_up_to=None, packages_up_to_regex=None, packages_above=None, packages_above_and_dependencies=None, packages_above_depth=None, packages_select_by_dep=None, packages_skip_by_dep=None, packages_skip_up_to=None, packages_select_build_failed=False, packages_skip_build_finished=False, packages_select_test_failures=False, packages_skip_test_passed=False, packages_select=None, packages_skip=None, packages_select_regex=None, packages_skip_regex=None, packages_start=None, packages_end=None, allow_overriding=[], cmake_args=None, cmake_target=None, cmake_target_skip_unavailable=False, cmake_clean_cache=False, cmake_clean_first=False, cmake_force_configure=False, ament_cmake_args=None, catkin_cmake_args=None, catkin_skip_building_tests=False, mixin_files=None, mixin=None, verb_parser=<colcon_mixin.mixin.mixin_argument.MixinArgumentDecorator object at 0x7dc6fa53ac80>, verb_extension=<colcon_core.verb.build.BuildVerb object at 0x7dc6fa6f4580>, main=<bound method BuildVerb.main of <colcon_core.verb.build.BuildVerb object at 0x7dc6fa6f4580>>, mixin_verb=('build',))
[0.166s] Level 1:colcon.colcon_core.package_discovery:discover_packages(colcon_meta) check parameters
[0.166s] Level 1:colcon.colcon_core.package_discovery:discover_packages(recursive) check parameters
[0.166s] Level 1:colcon.colcon_core.package_discovery:discover_packages(ignore) check parameters
[0.166s] Level 1:colcon.colcon_core.package_discovery:discover_packages(path) check parameters
[0.166s] Level 1:colcon.colcon_core.package_discovery:discover_packages(colcon_meta) discover
[0.166s] Level 1:colcon.colcon_core.package_discovery:discover_packages(recursive) discover
[0.166s] INFO:colcon.colcon_core.package_discovery:Crawling recursively for packages in '/home/ps/dof_6_ws'
[0.166s] Level 1:colcon.colcon_core.package_identification:_identify(.) by extensions ['ignore', 'ignore_ament_install']
[0.166s] Level 1:colcon.colcon_core.package_identification:_identify(.) by extension 'ignore'
[0.166s] Level 1:colcon.colcon_core.package_identification:_identify(.) by extension 'ignore_ament_install'
[0.166s] Level 1:colcon.colcon_core.package_identification:_identify(.) by extensions ['colcon_pkg']
[0.166s] Level 1:colcon.colcon_core.package_identification:_identify(.) by extension 'colcon_pkg'
[0.166s] Level 1:colcon.colcon_core.package_identification:_identify(.) by extensions ['colcon_meta']
[0.166s] Level 1:colcon.colcon_core.package_identification:_identify(.) by extension 'colcon_meta'
[0.166s] Level 1:colcon.colcon_core.package_identification:_identify(.) by extensions ['ros']
[0.166s] Level 1:colcon.colcon_core.package_identification:_identify(.) by extension 'ros'
[0.173s] Level 1:colcon.colcon_core.package_identification:_identify(.) by extensions ['cmake', 'python']
[0.173s] Level 1:colcon.colcon_core.package_identification:_identify(.) by extension 'cmake'
[0.173s] Level 1:colcon.colcon_core.package_identification:_identify(.) by extension 'python'
[0.173s] Level 1:colcon.colcon_core.package_identification:_identify(.) by extensions ['python_setup_py']
[0.173s] Level 1:colcon.colcon_core.package_identification:_identify(.) by extension 'python_setup_py'
[0.173s] Level 1:colcon.colcon_core.package_identification:_identify(build) by extensions ['ignore', 'ignore_ament_install']
[0.173s] Level 1:colcon.colcon_core.package_identification:_identify(build) by extension 'ignore'
[0.173s] Level 1:colcon.colcon_core.package_identification:_identify(build) ignored
[0.173s] Level 1:colcon.colcon_core.package_identification:_identify(install) by extensions ['ignore', 'ignore_ament_install']
[0.173s] Level 1:colcon.colcon_core.package_identification:_identify(install) by extension 'ignore'
[0.173s] Level 1:colcon.colcon_core.package_identification:_identify(install) ignored
[0.173s] Level 1:colcon.colcon_core.package_identification:_identify(log) by extensions ['ignore', 'ignore_ament_install']
[0.173s] Level 1:colcon.colcon_core.package_identification:_identify(log) by extension 'ignore'
[0.173s] Level 1:colcon.colcon_core.package_identification:_identify(log) ignored
[0.173s] Level 1:colcon.colcon_core.package_identification:_identify(src) by extensions ['ignore', 'ignore_ament_install']
[0.173s] Level 1:colcon.colcon_core.package_identification:_identify(src) by extension 'ignore'
[0.174s] Level 1:colcon.colcon_core.package_identification:_identify(src) by extension 'ignore_ament_install'
[0.174s] Level 1:colcon.colcon_core.package_identification:_identify(src) by extensions ['colcon_pkg']
[0.174s] Level 1:colcon.colcon_core.package_identification:_identify(src) by extension 'colcon_pkg'
[0.174s] Level 1:colcon.colcon_core.package_identification:_identify(src) by extensions ['colcon_meta']
[0.174s] Level 1:colcon.colcon_core.package_identification:_identify(src) by extension 'colcon_meta'
[0.174s] Level 1:colcon.colcon_core.package_identification:_identify(src) by extensions ['ros']
[0.174s] Level 1:colcon.colcon_core.package_identification:_identify(src) by extension 'ros'
[0.174s] Level 1:colcon.colcon_core.package_identification:_identify(src) by extensions ['cmake', 'python']
[0.174s] Level 1:colcon.colcon_core.package_identification:_identify(src) by extension 'cmake'
[0.174s] Level 1:colcon.colcon_core.package_identification:_identify(src) by extension 'python'
[0.174s] Level 1:colcon.colcon_core.package_identification:_identify(src) by extensions ['python_setup_py']
[0.174s] Level 1:colcon.colcon_core.package_identification:_identify(src) by extension 'python_setup_py'
[0.174s] Level 1:colcon.colcon_core.package_identification:_identify(src/conveyorbelt_gazebo) by extensions ['ignore', 'ignore_ament_install']
[0.174s] Level 1:colcon.colcon_core.package_identification:_identify(src/conveyorbelt_gazebo) by extension 'ignore'
[0.174s] Level 1:colcon.colcon_core.package_identification:_identify(src/conveyorbelt_gazebo) by extension 'ignore_ament_install'
[0.174s] Level 1:colcon.colcon_core.package_identification:_identify(src/conveyorbelt_gazebo) by extensions ['colcon_pkg']
[0.174s] Level 1:colcon.colcon_core.package_identification:_identify(src/conveyorbelt_gazebo) by extension 'colcon_pkg'
[0.174s] Level 1:colcon.colcon_core.package_identification:_identify(src/conveyorbelt_gazebo) by extensions ['colcon_meta']
[0.174s] Level 1:colcon.colcon_core.package_identification:_identify(src/conveyorbelt_gazebo) by extension 'colcon_meta'
[0.174s] Level 1:colcon.colcon_core.package_identification:_identify(src/conveyorbelt_gazebo) by extensions ['ros']
[0.174s] Level 1:colcon.colcon_core.package_identification:_identify(src/conveyorbelt_gazebo) by extension 'ros'
[0.176s] DEBUG:colcon.colcon_core.package_identification:Package 'src/conveyorbelt_gazebo' with type 'ros.ament_cmake' and name 'conveyorbelt_gazebo'
[0.176s] Level 1:colcon.colcon_core.package_identification:_identify(src/conveyorbelt_msgs) by extensions ['ignore', 'ignore_ament_install']
[0.176s] Level 1:colcon.colcon_core.package_identification:_identify(src/conveyorbelt_msgs) by extension 'ignore'
[0.176s] Level 1:colcon.colcon_core.package_identification:_identify(src/conveyorbelt_msgs) by extension 'ignore_ament_install'
[0.176s] Level 1:colcon.colcon_core.package_identification:_identify(src/conveyorbelt_msgs) by extensions ['colcon_pkg']
[0.176s] Level 1:colcon.colcon_core.package_identification:_identify(src/conveyorbelt_msgs) by extension 'colcon_pkg'
[0.176s] Level 1:colcon.colcon_core.package_identification:_identify(src/conveyorbelt_msgs) by extensions ['colcon_meta']
[0.176s] Level 1:colcon.colcon_core.package_identification:_identify(src/conveyorbelt_msgs) by extension 'colcon_meta'
[0.176s] Level 1:colcon.colcon_core.package_identification:_identify(src/conveyorbelt_msgs) by extensions ['ros']
[0.176s] Level 1:colcon.colcon_core.package_identification:_identify(src/conveyorbelt_msgs) by extension 'ros'
[0.176s] DEBUG:colcon.colcon_core.package_identification:Package 'src/conveyorbelt_msgs' with type 'ros.ament_cmake' and name 'conveyorbelt_msgs'
[0.176s] Level 1:colcon.colcon_core.package_identification:_identify(src/moveit) by extensions ['ignore', 'ignore_ament_install']
[0.176s] Level 1:colcon.colcon_core.package_identification:_identify(src/moveit) by extension 'ignore'
[0.176s] Level 1:colcon.colcon_core.package_identification:_identify(src/moveit) by extension 'ignore_ament_install'
[0.177s] Level 1:colcon.colcon_core.package_identification:_identify(src/moveit) by extensions ['colcon_pkg']
[0.177s] Level 1:colcon.colcon_core.package_identification:_identify(src/moveit) by extension 'colcon_pkg'
[0.177s] Level 1:colcon.colcon_core.package_identification:_identify(src/moveit) by extensions ['colcon_meta']
[0.177s] Level 1:colcon.colcon_core.package_identification:_identify(src/moveit) by extension 'colcon_meta'
[0.177s] Level 1:colcon.colcon_core.package_identification:_identify(src/moveit) by extensions ['ros']
[0.177s] Level 1:colcon.colcon_core.package_identification:_identify(src/moveit) by extension 'ros'
[0.177s] DEBUG:colcon.colcon_core.package_identification:Package 'src/moveit' with type 'ros.ament_cmake' and name 'moveit'
[0.177s] Level 1:colcon.colcon_core.package_identification:_identify(src/ros2_conveyorbelt) by extensions ['ignore', 'ignore_ament_install']
[0.177s] Level 1:colcon.colcon_core.package_identification:_identify(src/ros2_conveyorbelt) by extension 'ignore'
[0.177s] Level 1:colcon.colcon_core.package_identification:_identify(src/ros2_conveyorbelt) by extension 'ignore_ament_install'
[0.177s] Level 1:colcon.colcon_core.package_identification:_identify(src/ros2_conveyorbelt) by extensions ['colcon_pkg']
[0.177s] Level 1:colcon.colcon_core.package_identification:_identify(src/ros2_conveyorbelt) by extension 'colcon_pkg'
[0.177s] Level 1:colcon.colcon_core.package_identification:_identify(src/ros2_conveyorbelt) by extensions ['colcon_meta']
[0.177s] Level 1:colcon.colcon_core.package_identification:_identify(src/ros2_conveyorbelt) by extension 'colcon_meta'
[0.177s] Level 1:colcon.colcon_core.package_identification:_identify(src/ros2_conveyorbelt) by extensions ['ros']
[0.177s] Level 1:colcon.colcon_core.package_identification:_identify(src/ros2_conveyorbelt) by extension 'ros'
[0.178s] DEBUG:colcon.colcon_core.package_identification:Package 'src/ros2_conveyorbelt' with type 'ros.ament_cmake' and name 'ros2_conveyorbelt'
[0.178s] Level 1:colcon.colcon_core.package_identification:_identify(src/ur5) by extensions ['ignore', 'ignore_ament_install']
[0.178s] Level 1:colcon.colcon_core.package_identification:_identify(src/ur5) by extension 'ignore'
[0.178s] Level 1:colcon.colcon_core.package_identification:_identify(src/ur5) by extension 'ignore_ament_install'
[0.178s] Level 1:colcon.colcon_core.package_identification:_identify(src/ur5) by extensions ['colcon_pkg']
[0.178s] Level 1:colcon.colcon_core.package_identification:_identify(src/ur5) by extension 'colcon_pkg'
[0.178s] Level 1:colcon.colcon_core.package_identification:_identify(src/ur5) by extensions ['colcon_meta']
[0.178s] Level 1:colcon.colcon_core.package_identification:_identify(src/ur5) by extension 'colcon_meta'
[0.178s] Level 1:colcon.colcon_core.package_identification:_identify(src/ur5) by extensions ['ros']
[0.178s] Level 1:colcon.colcon_core.package_identification:_identify(src/ur5) by extension 'ros'
[0.179s] DEBUG:colcon.colcon_core.package_identification:Package 'src/ur5' with type 'ros.ament_python' and name 'ur5'
[0.179s] Level 1:colcon.colcon_core.package_discovery:discover_packages(recursive) using defaults
[0.179s] Level 1:colcon.colcon_core.package_discovery:discover_packages(ignore) discover
[0.179s] Level 1:colcon.colcon_core.package_discovery:discover_packages(ignore) using defaults
[0.179s] Level 1:colcon.colcon_core.package_discovery:discover_packages(path) discover
[0.179s] Level 1:colcon.colcon_core.package_discovery:discover_packages(path) using defaults
[0.199s] Level 1:colcon.colcon_core.package_discovery:discover_packages(prefix_path) check parameters
[0.199s] Level 1:colcon.colcon_core.package_discovery:discover_packages(prefix_path) discover
[0.200s] DEBUG:colcon.colcon_installed_package_information.package_discovery:Found 5 installed packages in /home/ps/RoboticsLab-6DOF-master/install
[0.200s] DEBUG:colcon.colcon_installed_package_information.package_discovery:Found 5 installed packages in /home/ps/dof_6_ws/install
[0.202s] DEBUG:colcon.colcon_installed_package_information.package_discovery:Found 441 installed packages in /opt/ros/humble
[0.203s] Level 1:colcon.colcon_core.package_discovery:discover_packages(prefix_path) using defaults
[0.232s] Level 5:colcon.colcon_core.verb:set package 'conveyorbelt_gazebo' build argument 'cmake_args' from command line to 'None'
[0.232s] Level 5:colcon.colcon_core.verb:set package 'conveyorbelt_gazebo' build argument 'cmake_target' from command line to 'None'
[0.232s] Level 5:colcon.colcon_core.verb:set package 'conveyorbelt_gazebo' build argument 'cmake_target_skip_unavailable' from command line to 'False'
[0.232s] Level 5:colcon.colcon_core.verb:set package 'conveyorbelt_gazebo' build argument 'cmake_clean_cache' from command line to 'False'
[0.232s] Level 5:colcon.colcon_core.verb:set package 'conveyorbelt_gazebo' build argument 'cmake_clean_first' from command line to 'False'
[0.232s] Level 5:colcon.colcon_core.verb:set package 'conveyorbelt_gazebo' build argument 'cmake_force_configure' from command line to 'False'
[0.232s] Level 5:colcon.colcon_core.verb:set package 'conveyorbelt_gazebo' build argument 'ament_cmake_args' from command line to 'None'
[0.232s] Level 5:colcon.colcon_core.verb:set package 'conveyorbelt_gazebo' build argument 'catkin_cmake_args' from command line to 'None'
[0.232s] Level 5:colcon.colcon_core.verb:set package 'conveyorbelt_gazebo' build argument 'catkin_skip_building_tests' from command line to 'False'
[0.232s] DEBUG:colcon.colcon_core.verb:Building package 'conveyorbelt_gazebo' with the following arguments: {'ament_cmake_args': None, 'build_base': '/home/ps/dof_6_ws/build/conveyorbelt_gazebo', 'catkin_cmake_args': None, 'catkin_skip_building_tests': False, 'cmake_args': None, 'cmake_clean_cache': False, 'cmake_clean_first': False, 'cmake_force_configure': False, 'cmake_target': None, 'cmake_target_skip_unavailable': False, 'install_base': '/home/ps/dof_6_ws/install/conveyorbelt_gazebo', 'merge_install': False, 'path': '/home/ps/dof_6_ws/src/conveyorbelt_gazebo', 'symlink_install': False, 'test_result_base': None}
[0.232s] Level 5:colcon.colcon_core.verb:set package 'conveyorbelt_msgs' build argument 'cmake_args' from command line to 'None'
[0.232s] Level 5:colcon.colcon_core.verb:set package 'conveyorbelt_msgs' build argument 'cmake_target' from command line to 'None'
[0.232s] Level 5:colcon.colcon_core.verb:set package 'conveyorbelt_msgs' build argument 'cmake_target_skip_unavailable' from command line to 'False'
[0.232s] Level 5:colcon.colcon_core.verb:set package 'conveyorbelt_msgs' build argument 'cmake_clean_cache' from command line to 'False'
[0.232s] Level 5:colcon.colcon_core.verb:set package 'conveyorbelt_msgs' build argument 'cmake_clean_first' from command line to 'False'
[0.232s] Level 5:colcon.colcon_core.verb:set package 'conveyorbelt_msgs' build argument 'cmake_force_configure' from command line to 'False'
[0.232s] Level 5:colcon.colcon_core.verb:set package 'conveyorbelt_msgs' build argument 'ament_cmake_args' from command line to 'None'
[0.232s] Level 5:colcon.colcon_core.verb:set package 'conveyorbelt_msgs' build argument 'catkin_cmake_args' from command line to 'None'
[0.232s] Level 5:colcon.colcon_core.verb:set package 'conveyorbelt_msgs' build argument 'catkin_skip_building_tests' from command line to 'False'
[0.232s] DEBUG:colcon.colcon_core.verb:Building package 'conveyorbelt_msgs' with the following arguments: {'ament_cmake_args': None, 'build_base': '/home/ps/dof_6_ws/build/conveyorbelt_msgs', 'catkin_cmake_args': None, 'catkin_skip_building_tests': False, 'cmake_args': None, 'cmake_clean_cache': False, 'cmake_clean_first': False, 'cmake_force_configure': False, 'cmake_target': None, 'cmake_target_skip_unavailable': False, 'install_base': '/home/ps/dof_6_ws/install/conveyorbelt_msgs', 'merge_install': False, 'path': '/home/ps/dof_6_ws/src/conveyorbelt_msgs', 'symlink_install': False, 'test_result_base': None}
[0.232s] Level 5:colcon.colcon_core.verb:set package 'ur5' build argument 'cmake_args' from command line to 'None'
[0.232s] Level 5:colcon.colcon_core.verb:set package 'ur5' build argument 'cmake_target' from command line to 'None'
[0.232s] Level 5:colcon.colcon_core.verb:set package 'ur5' build argument 'cmake_target_skip_unavailable' from command line to 'False'
[0.232s] Level 5:colcon.colcon_core.verb:set package 'ur5' build argument 'cmake_clean_cache' from command line to 'False'
[0.232s] Level 5:colcon.colcon_core.verb:set package 'ur5' build argument 'cmake_clean_first' from command line to 'False'
[0.232s] Level 5:colcon.colcon_core.verb:set package 'ur5' build argument 'cmake_force_configure' from command line to 'False'
[0.232s] Level 5:colcon.colcon_core.verb:set package 'ur5' build argument 'ament_cmake_args' from command line to 'None'
[0.232s] Level 5:colcon.colcon_core.verb:set package 'ur5' build argument 'catkin_cmake_args' from command line to 'None'
[0.232s] Level 5:colcon.colcon_core.verb:set package 'ur5' build argument 'catkin_skip_building_tests' from command line to 'False'
[0.232s] DEBUG:colcon.colcon_core.verb:Building package 'ur5' with the following arguments: {'ament_cmake_args': None, 'build_base': '/home/ps/dof_6_ws/build/ur5', 'catkin_cmake_args': None, 'catkin_skip_building_tests': False, 'cmake_args': None, 'cmake_clean_cache': False, 'cmake_clean_first': False, 'cmake_force_configure': False, 'cmake_target': None, 'cmake_target_skip_unavailable': False, 'install_base': '/home/ps/dof_6_ws/install/ur5', 'merge_install': False, 'path': '/home/ps/dof_6_ws/src/ur5', 'symlink_install': False, 'test_result_base': None}
[0.233s] Level 5:colcon.colcon_core.verb:set package 'moveit' build argument 'cmake_args' from command line to 'None'
[0.233s] Level 5:colcon.colcon_core.verb:set package 'moveit' build argument 'cmake_target' from command line to 'None'
[0.233s] Level 5:colcon.colcon_core.verb:set package 'moveit' build argument 'cmake_target_skip_unavailable' from command line to 'False'
[0.233s] Level 5:colcon.colcon_core.verb:set package 'moveit' build argument 'cmake_clean_cache' from command line to 'False'
[0.233s] Level 5:colcon.colcon_core.verb:set package 'moveit' build argument 'cmake_clean_first' from command line to 'False'
[0.233s] Level 5:colcon.colcon_core.verb:set package 'moveit' build argument 'cmake_force_configure' from command line to 'False'
[0.233s] Level 5:colcon.colcon_core.verb:set package 'moveit' build argument 'ament_cmake_args' from command line to 'None'
[0.233s] Level 5:colcon.colcon_core.verb:set package 'moveit' build argument 'catkin_cmake_args' from command line to 'None'
[0.233s] Level 5:colcon.colcon_core.verb:set package 'moveit' build argument 'catkin_skip_building_tests' from command line to 'False'
[0.233s] DEBUG:colcon.colcon_core.verb:Building package 'moveit' with the following arguments: {'ament_cmake_args': None, 'build_base': '/home/ps/dof_6_ws/build/moveit', 'catkin_cmake_args': None, 'catkin_skip_building_tests': False, 'cmake_args': None, 'cmake_clean_cache': False, 'cmake_clean_first': False, 'cmake_force_configure': False, 'cmake_target': None, 'cmake_target_skip_unavailable': False, 'install_base': '/home/ps/dof_6_ws/install/moveit', 'merge_install': False, 'path': '/home/ps/dof_6_ws/src/moveit', 'symlink_install': False, 'test_result_base': None}
[0.233s] Level 5:colcon.colcon_core.verb:set package 'ros2_conveyorbelt' build argument 'cmake_args' from command line to 'None'
[0.233s] Level 5:colcon.colcon_core.verb:set package 'ros2_conveyorbelt' build argument 'cmake_target' from command line to 'None'
[0.233s] Level 5:colcon.colcon_core.verb:set package 'ros2_conveyorbelt' build argument 'cmake_target_skip_unavailable' from command line to 'False'
[0.233s] Level 5:colcon.colcon_core.verb:set package 'ros2_conveyorbelt' build argument 'cmake_clean_cache' from command line to 'False'
[0.233s] Level 5:colcon.colcon_core.verb:set package 'ros2_conveyorbelt' build argument 'cmake_clean_first' from command line to 'False'
[0.233s] Level 5:colcon.colcon_core.verb:set package 'ros2_conveyorbelt' build argument 'cmake_force_configure' from command line to 'False'
[0.233s] Level 5:colcon.colcon_core.verb:set package 'ros2_conveyorbelt' build argument 'ament_cmake_args' from command line to 'None'
[0.233s] Level 5:colcon.colcon_core.verb:set package 'ros2_conveyorbelt' build argument 'catkin_cmake_args' from command line to 'None'
[0.233s] Level 5:colcon.colcon_core.verb:set package 'ros2_conveyorbelt' build argument 'catkin_skip_building_tests' from command line to 'False'
[0.233s] DEBUG:colcon.colcon_core.verb:Building package 'ros2_conveyorbelt' with the following arguments: {'ament_cmake_args': None, 'build_base': '/home/ps/dof_6_ws/build/ros2_conveyorbelt', 'catkin_cmake_args': None, 'catkin_skip_building_tests': False, 'cmake_args': None, 'cmake_clean_cache': False, 'cmake_clean_first': False, 'cmake_force_configure': False, 'cmake_target': None, 'cmake_target_skip_unavailable': False, 'install_base': '/home/ps/dof_6_ws/install/ros2_conveyorbelt', 'merge_install': False, 'path': '/home/ps/dof_6_ws/src/ros2_conveyorbelt', 'symlink_install': False, 'test_result_base': None}
[0.233s] INFO:colcon.colcon_core.executor:Executing jobs using 'parallel' executor
[0.234s] DEBUG:colcon.colcon_parallel_executor.executor.parallel:run_until_complete
[0.234s] INFO:colcon.colcon_ros.task.ament_cmake.build:Building ROS package in '/home/ps/dof_6_ws/src/conveyorbelt_msgs' with build type 'ament_cmake'
[0.234s] INFO:colcon.colcon_cmake.task.cmake.build:Building CMake package in '/home/ps/dof_6_ws/src/conveyorbelt_msgs'
[0.235s] INFO:colcon.colcon_core.plugin_system:Skipping extension 'colcon_core.shell.bat': Not used on non-Windows systems
[0.235s] INFO:colcon.colcon_core.shell:Skip shell extension 'powershell' for command environment: Not usable outside of PowerShell
[0.235s] DEBUG:colcon.colcon_core.shell:Skip shell extension 'dsv' for command environment
[0.238s] INFO:colcon.colcon_ros.task.ament_python.build:Building ROS package in '/home/ps/dof_6_ws/src/ur5' with build type 'ament_python'
[0.238s] Level 1:colcon.colcon_core.shell:create_environment_hook('ur5', 'ament_prefix_path')
[0.238s] INFO:colcon.colcon_core.shell:Creating environment hook '/home/ps/dof_6_ws/install/ur5/share/ur5/hook/ament_prefix_path.ps1'
[0.239s] INFO:colcon.colcon_core.shell:Creating environment descriptor '/home/ps/dof_6_ws/install/ur5/share/ur5/hook/ament_prefix_path.dsv'
[0.239s] INFO:colcon.colcon_core.shell:Creating environment hook '/home/ps/dof_6_ws/install/ur5/share/ur5/hook/ament_prefix_path.sh'
[0.239s] INFO:colcon.colcon_core.shell:Skip shell extension 'powershell' for command environment: Not usable outside of PowerShell
[0.239s] DEBUG:colcon.colcon_core.shell:Skip shell extension 'dsv' for command environment
[0.242s] INFO:colcon.colcon_ros.task.ament_cmake.build:Building ROS package in '/home/ps/dof_6_ws/src/conveyorbelt_gazebo' with build type 'ament_cmake'
[0.242s] INFO:colcon.colcon_cmake.task.cmake.build:Building CMake package in '/home/ps/dof_6_ws/src/conveyorbelt_gazebo'
[0.242s] INFO:colcon.colcon_core.shell:Skip shell extension 'powershell' for command environment: Not usable outside of PowerShell
[0.242s] DEBUG:colcon.colcon_core.shell:Skip shell extension 'dsv' for command environment
[0.249s] DEBUG:colcon.colcon_core.event_handler.log_command:Invoking command in '/home/ps/dof_6_ws/build/conveyorbelt_msgs': CMAKE_PREFIX_PATH=${CMAKE_PREFIX_PATH}:/home/ps/dof_6_ws/install/ur5:/opt/ros/humble /usr/bin/cmake --build /home/ps/dof_6_ws/build/conveyorbelt_msgs -- -j12 -l12
[0.413s] INFO:colcon.colcon_core.task.python.build:Building Python package in '/home/ps/dof_6_ws/src/ur5'
[0.413s] INFO:colcon.colcon_core.shell:Skip shell extension 'powershell' for command environment: Not usable outside of PowerShell
[0.414s] DEBUG:colcon.colcon_core.shell:Skip shell extension 'dsv' for command environment
[0.420s] DEBUG:colcon.colcon_core.event_handler.log_command:Invoking command in '/home/ps/dof_6_ws/build/conveyorbelt_gazebo': CMAKE_PREFIX_PATH=${CMAKE_PREFIX_PATH}:/home/ps/dof_6_ws/install/ur5:/opt/ros/humble /usr/bin/cmake --build /home/ps/dof_6_ws/build/conveyorbelt_gazebo -- -j12 -l12
[0.449s] DEBUG:colcon.colcon_core.event_handler.log_command:Invoked command in '/home/ps/dof_6_ws/build/conveyorbelt_gazebo' returned '0': CMAKE_PREFIX_PATH=${CMAKE_PREFIX_PATH}:/home/ps/dof_6_ws/install/ur5:/opt/ros/humble /usr/bin/cmake --build /home/ps/dof_6_ws/build/conveyorbelt_gazebo -- -j12 -l12
[0.473s] DEBUG:colcon.colcon_core.event_handler.log_command:Invoking command in '/home/ps/dof_6_ws/build/conveyorbelt_gazebo': CMAKE_PREFIX_PATH=${CMAKE_PREFIX_PATH}:/home/ps/dof_6_ws/install/ur5:/opt/ros/humble /usr/bin/cmake --install /home/ps/dof_6_ws/build/conveyorbelt_gazebo
[0.480s] Level 1:colcon.colcon_core.environment:create_environment_scripts_only(conveyorbelt_gazebo)
[0.480s] DEBUG:colcon.colcon_core.event_handler.log_command:Invoked command in '/home/ps/dof_6_ws/build/conveyorbelt_gazebo' returned '0': CMAKE_PREFIX_PATH=${CMAKE_PREFIX_PATH}:/home/ps/dof_6_ws/install/ur5:/opt/ros/humble /usr/bin/cmake --install /home/ps/dof_6_ws/build/conveyorbelt_gazebo
[0.482s] Level 1:colcon.colcon_core.environment:checking '/home/ps/dof_6_ws/install/conveyorbelt_gazebo' for CMake module files
[0.482s] Level 1:colcon.colcon_core.environment:checking '/home/ps/dof_6_ws/install/conveyorbelt_gazebo' for CMake config files
[0.482s] Level 1:colcon.colcon_core.shell:create_environment_hook('conveyorbelt_gazebo', 'cmake_prefix_path')
[0.483s] INFO:colcon.colcon_core.shell:Creating environment hook '/home/ps/dof_6_ws/install/conveyorbelt_gazebo/share/conveyorbelt_gazebo/hook/cmake_prefix_path.ps1'
[0.483s] INFO:colcon.colcon_core.shell:Creating environment descriptor '/home/ps/dof_6_ws/install/conveyorbelt_gazebo/share/conveyorbelt_gazebo/hook/cmake_prefix_path.dsv'
[0.483s] INFO:colcon.colcon_core.shell:Creating environment hook '/home/ps/dof_6_ws/install/conveyorbelt_gazebo/share/conveyorbelt_gazebo/hook/cmake_prefix_path.sh'
[0.484s] Level 1:colcon.colcon_core.environment:checking '/home/ps/dof_6_ws/install/conveyorbelt_gazebo/bin'
[0.484s] Level 1:colcon.colcon_core.environment:checking '/home/ps/dof_6_ws/install/conveyorbelt_gazebo/lib/pkgconfig/conveyorbelt_gazebo.pc'
[0.484s] Level 1:colcon.colcon_core.environment:checking '/home/ps/dof_6_ws/install/conveyorbelt_gazebo/lib/python3.10/site-packages'
[0.484s] Level 1:colcon.colcon_core.environment:checking '/home/ps/dof_6_ws/install/conveyorbelt_gazebo/bin'
[0.484s] INFO:colcon.colcon_core.shell:Creating package script '/home/ps/dof_6_ws/install/conveyorbelt_gazebo/share/conveyorbelt_gazebo/package.ps1'
[0.485s] INFO:colcon.colcon_core.shell:Creating package descriptor '/home/ps/dof_6_ws/install/conveyorbelt_gazebo/share/conveyorbelt_gazebo/package.dsv'
[0.485s] INFO:colcon.colcon_core.shell:Creating package script '/home/ps/dof_6_ws/install/conveyorbelt_gazebo/share/conveyorbelt_gazebo/package.sh'
[0.485s] INFO:colcon.colcon_core.shell:Creating package script '/home/ps/dof_6_ws/install/conveyorbelt_gazebo/share/conveyorbelt_gazebo/package.bash'
[0.486s] INFO:colcon.colcon_core.shell:Creating package script '/home/ps/dof_6_ws/install/conveyorbelt_gazebo/share/conveyorbelt_gazebo/package.zsh'
[0.486s] Level 1:colcon.colcon_core.environment:create_file_with_runtime_dependencies(/home/ps/dof_6_ws/install/conveyorbelt_gazebo/share/colcon-core/packages/conveyorbelt_gazebo)
[0.487s] DEBUG:colcon.colcon_core.event_handler.log_command:Invoked command in '/home/ps/dof_6_ws/build/conveyorbelt_msgs' returned '0': CMAKE_PREFIX_PATH=${CMAKE_PREFIX_PATH}:/home/ps/dof_6_ws/install/ur5:/opt/ros/humble /usr/bin/cmake --build /home/ps/dof_6_ws/build/conveyorbelt_msgs -- -j12 -l12
[0.503s] Level 1:colcon.colcon_core.environment:create_environment_scripts_only(conveyorbelt_gazebo)
[0.503s] Level 1:colcon.colcon_core.environment:checking '/home/ps/dof_6_ws/install/conveyorbelt_gazebo' for CMake module files
[0.503s] Level 1:colcon.colcon_core.environment:checking '/home/ps/dof_6_ws/install/conveyorbelt_gazebo' for CMake config files
[0.503s] Level 1:colcon.colcon_core.shell:create_environment_hook('conveyorbelt_gazebo', 'cmake_prefix_path')
[0.503s] INFO:colcon.colcon_core.shell:Creating environment hook '/home/ps/dof_6_ws/install/conveyorbelt_gazebo/share/conveyorbelt_gazebo/hook/cmake_prefix_path.ps1'
[0.504s] INFO:colcon.colcon_core.shell:Creating environment descriptor '/home/ps/dof_6_ws/install/conveyorbelt_gazebo/share/conveyorbelt_gazebo/hook/cmake_prefix_path.dsv'
[0.504s] INFO:colcon.colcon_core.shell:Creating environment hook '/home/ps/dof_6_ws/install/conveyorbelt_gazebo/share/conveyorbelt_gazebo/hook/cmake_prefix_path.sh'
[0.504s] Level 1:colcon.colcon_core.environment:checking '/home/ps/dof_6_ws/install/conveyorbelt_gazebo/bin'
[0.504s] Level 1:colcon.colcon_core.environment:checking '/home/ps/dof_6_ws/install/conveyorbelt_gazebo/lib/pkgconfig/conveyorbelt_gazebo.pc'
[0.505s] Level 1:colcon.colcon_core.environment:checking '/home/ps/dof_6_ws/install/conveyorbelt_gazebo/lib/python3.10/site-packages'
[0.505s] Level 1:colcon.colcon_core.environment:checking '/home/ps/dof_6_ws/install/conveyorbelt_gazebo/bin'
[0.505s] INFO:colcon.colcon_core.shell:Creating package script '/home/ps/dof_6_ws/install/conveyorbelt_gazebo/share/conveyorbelt_gazebo/package.ps1'
[0.506s] INFO:colcon.colcon_core.shell:Creating package descriptor '/home/ps/dof_6_ws/install/conveyorbelt_gazebo/share/conveyorbelt_gazebo/package.dsv'
[0.506s] INFO:colcon.colcon_core.shell:Creating package script '/home/ps/dof_6_ws/install/conveyorbelt_gazebo/share/conveyorbelt_gazebo/package.sh'
[0.506s] INFO:colcon.colcon_core.shell:Creating package script '/home/ps/dof_6_ws/install/conveyorbelt_gazebo/share/conveyorbelt_gazebo/package.bash'
[0.506s] INFO:colcon.colcon_core.shell:Creating package script '/home/ps/dof_6_ws/install/conveyorbelt_gazebo/share/conveyorbelt_gazebo/package.zsh'
[0.506s] Level 1:colcon.colcon_core.environment:create_file_with_runtime_dependencies(/home/ps/dof_6_ws/install/conveyorbelt_gazebo/share/colcon-core/packages/conveyorbelt_gazebo)
[0.549s] DEBUG:colcon.colcon_core.event_handler.log_command:Invoking command in '/home/ps/dof_6_ws/build/conveyorbelt_msgs': CMAKE_PREFIX_PATH=${CMAKE_PREFIX_PATH}:/home/ps/dof_6_ws/install/ur5:/opt/ros/humble /usr/bin/cmake --install /home/ps/dof_6_ws/build/conveyorbelt_msgs
[0.584s] Level 1:colcon.colcon_core.environment:create_environment_scripts_only(conveyorbelt_msgs)
[0.584s] Level 1:colcon.colcon_core.environment:checking '/home/ps/dof_6_ws/install/conveyorbelt_msgs' for CMake module files
[0.584s] DEBUG:colcon.colcon_core.event_handler.log_command:Invoked command in '/home/ps/dof_6_ws/build/conveyorbelt_msgs' returned '0': CMAKE_PREFIX_PATH=${CMAKE_PREFIX_PATH}:/home/ps/dof_6_ws/install/ur5:/opt/ros/humble /usr/bin/cmake --install /home/ps/dof_6_ws/build/conveyorbelt_msgs
[0.584s] Level 1:colcon.colcon_core.environment:checking '/home/ps/dof_6_ws/install/conveyorbelt_msgs' for CMake config files
[0.585s] Level 1:colcon.colcon_core.shell:create_environment_hook('conveyorbelt_msgs', 'cmake_prefix_path')
[0.585s] INFO:colcon.colcon_core.shell:Creating environment hook '/home/ps/dof_6_ws/install/conveyorbelt_msgs/share/conveyorbelt_msgs/hook/cmake_prefix_path.ps1'
[0.585s] INFO:colcon.colcon_core.shell:Creating environment descriptor '/home/ps/dof_6_ws/install/conveyorbelt_msgs/share/conveyorbelt_msgs/hook/cmake_prefix_path.dsv'
[0.585s] INFO:colcon.colcon_core.shell:Creating environment hook '/home/ps/dof_6_ws/install/conveyorbelt_msgs/share/conveyorbelt_msgs/hook/cmake_prefix_path.sh'
[0.586s] Level 1:colcon.colcon_core.environment:checking '/home/ps/dof_6_ws/install/conveyorbelt_msgs/lib'
[0.586s] Level 1:colcon.colcon_core.shell:create_environment_hook('conveyorbelt_msgs', 'ld_library_path_lib')
[0.586s] INFO:colcon.colcon_core.shell:Creating environment hook '/home/ps/dof_6_ws/install/conveyorbelt_msgs/share/conveyorbelt_msgs/hook/ld_library_path_lib.ps1'
[0.586s] INFO:colcon.colcon_core.shell:Creating environment descriptor '/home/ps/dof_6_ws/install/conveyorbelt_msgs/share/conveyorbelt_msgs/hook/ld_library_path_lib.dsv'
[0.586s] INFO:colcon.colcon_core.shell:Creating environment hook '/home/ps/dof_6_ws/install/conveyorbelt_msgs/share/conveyorbelt_msgs/hook/ld_library_path_lib.sh'
[0.586s] Level 1:colcon.colcon_core.environment:checking '/home/ps/dof_6_ws/install/conveyorbelt_msgs/bin'
[0.586s] Level 1:colcon.colcon_core.environment:checking '/home/ps/dof_6_ws/install/conveyorbelt_msgs/lib/pkgconfig/conveyorbelt_msgs.pc'
[0.587s] Level 1:colcon.colcon_core.environment:checking '/home/ps/dof_6_ws/install/conveyorbelt_msgs/lib/python3.10/site-packages'
[0.587s] Level 1:colcon.colcon_core.environment:checking '/home/ps/dof_6_ws/install/conveyorbelt_msgs/bin'
[0.587s] INFO:colcon.colcon_core.shell:Creating package script '/home/ps/dof_6_ws/install/conveyorbelt_msgs/share/conveyorbelt_msgs/package.ps1'
[0.587s] INFO:colcon.colcon_core.shell:Creating package descriptor '/home/ps/dof_6_ws/install/conveyorbelt_msgs/share/conveyorbelt_msgs/package.dsv'
[0.587s] INFO:colcon.colcon_core.shell:Creating package script '/home/ps/dof_6_ws/install/conveyorbelt_msgs/share/conveyorbelt_msgs/package.sh'
[0.588s] INFO:colcon.colcon_core.shell:Creating package script '/home/ps/dof_6_ws/install/conveyorbelt_msgs/share/conveyorbelt_msgs/package.bash'
[0.588s] INFO:colcon.colcon_core.shell:Creating package script '/home/ps/dof_6_ws/install/conveyorbelt_msgs/share/conveyorbelt_msgs/package.zsh'
[0.588s] Level 1:colcon.colcon_core.environment:create_file_with_runtime_dependencies(/home/ps/dof_6_ws/install/conveyorbelt_msgs/share/colcon-core/packages/conveyorbelt_msgs)
[0.653s] DEBUG:colcon.colcon_core.event_handler.log_command:Invoking command in '/home/ps/dof_6_ws/src/ur5': PYTHONPATH=/home/ps/dof_6_ws/build/ur5/prefix_override:/usr/lib/python3/dist-packages/colcon_core/task/python/colcon_distutils_commands:/home/ps/dof_6_ws/install/ur5/lib/python3.10/site-packages:${PYTHONPATH} /usr/bin/python3 -W ignore:setup.py install is deprecated setup.py egg_info --egg-base ../../build/ur5 build --build-base /home/ps/dof_6_ws/build/ur5/build install --record /home/ps/dof_6_ws/build/ur5/install.log --single-version-externally-managed install_data
[0.656s] Level 1:colcon.colcon_core.environment:create_environment_scripts_only(conveyorbelt_msgs)
[0.656s] Level 1:colcon.colcon_core.environment:checking '/home/ps/dof_6_ws/install/conveyorbelt_msgs' for CMake module files
[0.657s] Level 1:colcon.colcon_core.environment:checking '/home/ps/dof_6_ws/install/conveyorbelt_msgs' for CMake config files
[0.657s] Level 1:colcon.colcon_core.shell:create_environment_hook('conveyorbelt_msgs', 'cmake_prefix_path')
[0.657s] INFO:colcon.colcon_core.shell:Creating environment hook '/home/ps/dof_6_ws/install/conveyorbelt_msgs/share/conveyorbelt_msgs/hook/cmake_prefix_path.ps1'
[0.657s] INFO:colcon.colcon_core.shell:Creating environment descriptor '/home/ps/dof_6_ws/install/conveyorbelt_msgs/share/conveyorbelt_msgs/hook/cmake_prefix_path.dsv'
[0.657s] INFO:colcon.colcon_core.shell:Creating environment hook '/home/ps/dof_6_ws/install/conveyorbelt_msgs/share/conveyorbelt_msgs/hook/cmake_prefix_path.sh'
[0.658s] Level 1:colcon.colcon_core.environment:checking '/home/ps/dof_6_ws/install/conveyorbelt_msgs/lib'
[0.658s] Level 1:colcon.colcon_core.shell:create_environment_hook('conveyorbelt_msgs', 'ld_library_path_lib')
[0.658s] INFO:colcon.colcon_core.shell:Creating environment hook '/home/ps/dof_6_ws/install/conveyorbelt_msgs/share/conveyorbelt_msgs/hook/ld_library_path_lib.ps1'
[0.658s] INFO:colcon.colcon_core.shell:Creating environment descriptor '/home/ps/dof_6_ws/install/conveyorbelt_msgs/share/conveyorbelt_msgs/hook/ld_library_path_lib.dsv'
[0.658s] INFO:colcon.colcon_core.shell:Creating environment hook '/home/ps/dof_6_ws/install/conveyorbelt_msgs/share/conveyorbelt_msgs/hook/ld_library_path_lib.sh'
[0.659s] Level 1:colcon.colcon_core.environment:checking '/home/ps/dof_6_ws/install/conveyorbelt_msgs/bin'
[0.659s] Level 1:colcon.colcon_core.environment:checking '/home/ps/dof_6_ws/install/conveyorbelt_msgs/lib/pkgconfig/conveyorbelt_msgs.pc'
[0.659s] Level 1:colcon.colcon_core.environment:checking '/home/ps/dof_6_ws/install/conveyorbelt_msgs/lib/python3.10/site-packages'
[0.659s] Level 1:colcon.colcon_core.environment:checking '/home/ps/dof_6_ws/install/conveyorbelt_msgs/bin'
[0.659s] INFO:colcon.colcon_core.shell:Creating package script '/home/ps/dof_6_ws/install/conveyorbelt_msgs/share/conveyorbelt_msgs/package.ps1'
[0.659s] INFO:colcon.colcon_core.shell:Creating package descriptor '/home/ps/dof_6_ws/install/conveyorbelt_msgs/share/conveyorbelt_msgs/package.dsv'
[0.660s] INFO:colcon.colcon_core.shell:Creating package script '/home/ps/dof_6_ws/install/conveyorbelt_msgs/share/conveyorbelt_msgs/package.sh'
[0.660s] INFO:colcon.colcon_core.shell:Creating package script '/home/ps/dof_6_ws/install/conveyorbelt_msgs/share/conveyorbelt_msgs/package.bash'
[0.660s] INFO:colcon.colcon_core.shell:Creating package script '/home/ps/dof_6_ws/install/conveyorbelt_msgs/share/conveyorbelt_msgs/package.zsh'
[0.660s] Level 1:colcon.colcon_core.environment:create_file_with_runtime_dependencies(/home/ps/dof_6_ws/install/conveyorbelt_msgs/share/colcon-core/packages/conveyorbelt_msgs)
[0.660s] INFO:colcon.colcon_ros.task.ament_cmake.build:Building ROS package in '/home/ps/dof_6_ws/src/ros2_conveyorbelt' with build type 'ament_cmake'
[0.660s] INFO:colcon.colcon_cmake.task.cmake.build:Building CMake package in '/home/ps/dof_6_ws/src/ros2_conveyorbelt'
[0.661s] INFO:colcon.colcon_core.shell:Skip shell extension 'powershell' for command environment: Not usable outside of PowerShell
[0.661s] DEBUG:colcon.colcon_core.shell:Skip shell extension 'dsv' for command environment
[0.669s] DEBUG:colcon.colcon_core.event_handler.log_command:Invoking command in '/home/ps/dof_6_ws/build/ros2_conveyorbelt': CMAKE_PREFIX_PATH=/home/ps/dof_6_ws/install/conveyorbelt_msgs:/home/ps/RoboticsLab-6DOF-master/install/moveit:/home/ps/RoboticsLab-6DOF-master/install/ur5:/home/ps/RoboticsLab-6DOF-master/install/ros2_conveyorbelt:/home/ps/RoboticsLab-6DOF-master/install/conveyorbelt_msgs:/home/ps/RoboticsLab-6DOF-master/install/conveyorbelt_gazebo:/home/ps/dof_6_ws/install/moveit:/home/ps/dof_6_ws/install/ros2_conveyorbelt:/home/ps/dof_6_ws/install/conveyorbelt_gazebo:/home/ps/dof_6_ws/install/ur5:/opt/ros/humble LD_LIBRARY_PATH=/home/ps/dof_6_ws/install/conveyorbelt_msgs/lib:/home/ps/RoboticsLab-6DOF-master/install/ros2_conveyorbelt/lib:/home/ps/RoboticsLab-6DOF-master/install/conveyorbelt_msgs/lib:/home/ps/dof_6_ws/install/ros2_conveyorbelt/lib:/usr/lib/x86_64-linux-gnu/gazebo-11/plugins:/opt/ros/humble/opt/rviz_ogre_vendor/lib:/opt/ros/humble/lib/x86_64-linux-gnu:/opt/ros/humble/lib:/usr/lib/x86_64-linux-gnu/gazebo-11/plugins /usr/bin/cmake --build /home/ps/dof_6_ws/build/ros2_conveyorbelt -- -j12 -l12
[0.728s] DEBUG:colcon.colcon_core.event_handler.log_command:Invoked command in '/home/ps/dof_6_ws/build/ros2_conveyorbelt' returned '0': CMAKE_PREFIX_PATH=/home/ps/dof_6_ws/install/conveyorbelt_msgs:/home/ps/RoboticsLab-6DOF-master/install/moveit:/home/ps/RoboticsLab-6DOF-master/install/ur5:/home/ps/RoboticsLab-6DOF-master/install/ros2_conveyorbelt:/home/ps/RoboticsLab-6DOF-master/install/conveyorbelt_msgs:/home/ps/RoboticsLab-6DOF-master/install/conveyorbelt_gazebo:/home/ps/dof_6_ws/install/moveit:/home/ps/dof_6_ws/install/ros2_conveyorbelt:/home/ps/dof_6_ws/install/conveyorbelt_gazebo:/home/ps/dof_6_ws/install/ur5:/opt/ros/humble LD_LIBRARY_PATH=/home/ps/dof_6_ws/install/conveyorbelt_msgs/lib:/home/ps/RoboticsLab-6DOF-master/install/ros2_conveyorbelt/lib:/home/ps/RoboticsLab-6DOF-master/install/conveyorbelt_msgs/lib:/home/ps/dof_6_ws/install/ros2_conveyorbelt/lib:/usr/lib/x86_64-linux-gnu/gazebo-11/plugins:/opt/ros/humble/opt/rviz_ogre_vendor/lib:/opt/ros/humble/lib/x86_64-linux-gnu:/opt/ros/humble/lib:/usr/lib/x86_64-linux-gnu/gazebo-11/plugins /usr/bin/cmake --build /home/ps/dof_6_ws/build/ros2_conveyorbelt -- -j12 -l12
[0.752s] DEBUG:colcon.colcon_core.event_handler.log_command:Invoking command in '/home/ps/dof_6_ws/build/ros2_conveyorbelt': CMAKE_PREFIX_PATH=/home/ps/dof_6_ws/install/conveyorbelt_msgs:/home/ps/RoboticsLab-6DOF-master/install/moveit:/home/ps/RoboticsLab-6DOF-master/install/ur5:/home/ps/RoboticsLab-6DOF-master/install/ros2_conveyorbelt:/home/ps/RoboticsLab-6DOF-master/install/conveyorbelt_msgs:/home/ps/RoboticsLab-6DOF-master/install/conveyorbelt_gazebo:/home/ps/dof_6_ws/install/moveit:/home/ps/dof_6_ws/install/ros2_conveyorbelt:/home/ps/dof_6_ws/install/conveyorbelt_gazebo:/home/ps/dof_6_ws/install/ur5:/opt/ros/humble LD_LIBRARY_PATH=/home/ps/dof_6_ws/install/conveyorbelt_msgs/lib:/home/ps/RoboticsLab-6DOF-master/install/ros2_conveyorbelt/lib:/home/ps/RoboticsLab-6DOF-master/install/conveyorbelt_msgs/lib:/home/ps/dof_6_ws/install/ros2_conveyorbelt/lib:/usr/lib/x86_64-linux-gnu/gazebo-11/plugins:/opt/ros/humble/opt/rviz_ogre_vendor/lib:/opt/ros/humble/lib/x86_64-linux-gnu:/opt/ros/humble/lib:/usr/lib/x86_64-linux-gnu/gazebo-11/plugins /usr/bin/cmake --install /home/ps/dof_6_ws/build/ros2_conveyorbelt
[0.758s] Level 1:colcon.colcon_core.environment:create_environment_scripts_only(ros2_conveyorbelt)
[0.758s] Level 1:colcon.colcon_core.environment:checking '/home/ps/dof_6_ws/install/ros2_conveyorbelt' for CMake module files
[0.759s] DEBUG:colcon.colcon_core.event_handler.log_command:Invoked command in '/home/ps/dof_6_ws/build/ros2_conveyorbelt' returned '0': CMAKE_PREFIX_PATH=/home/ps/dof_6_ws/install/conveyorbelt_msgs:/home/ps/RoboticsLab-6DOF-master/install/moveit:/home/ps/RoboticsLab-6DOF-master/install/ur5:/home/ps/RoboticsLab-6DOF-master/install/ros2_conveyorbelt:/home/ps/RoboticsLab-6DOF-master/install/conveyorbelt_msgs:/home/ps/RoboticsLab-6DOF-master/install/conveyorbelt_gazebo:/home/ps/dof_6_ws/install/moveit:/home/ps/dof_6_ws/install/ros2_conveyorbelt:/home/ps/dof_6_ws/install/conveyorbelt_gazebo:/home/ps/dof_6_ws/install/ur5:/opt/ros/humble LD_LIBRARY_PATH=/home/ps/dof_6_ws/install/conveyorbelt_msgs/lib:/home/ps/RoboticsLab-6DOF-master/install/ros2_conveyorbelt/lib:/home/ps/RoboticsLab-6DOF-master/install/conveyorbelt_msgs/lib:/home/ps/dof_6_ws/install/ros2_conveyorbelt/lib:/usr/lib/x86_64-linux-gnu/gazebo-11/plugins:/opt/ros/humble/opt/rviz_ogre_vendor/lib:/opt/ros/humble/lib/x86_64-linux-gnu:/opt/ros/humble/lib:/usr/lib/x86_64-linux-gnu/gazebo-11/plugins /usr/bin/cmake --install /home/ps/dof_6_ws/build/ros2_conveyorbelt
[0.759s] Level 1:colcon.colcon_core.environment:checking '/home/ps/dof_6_ws/install/ros2_conveyorbelt' for CMake config files
[0.759s] Level 1:colcon.colcon_core.shell:create_environment_hook('ros2_conveyorbelt', 'cmake_prefix_path')
[0.759s] INFO:colcon.colcon_core.shell:Creating environment hook '/home/ps/dof_6_ws/install/ros2_conveyorbelt/share/ros2_conveyorbelt/hook/cmake_prefix_path.ps1'
[0.760s] INFO:colcon.colcon_core.shell:Creating environment descriptor '/home/ps/dof_6_ws/install/ros2_conveyorbelt/share/ros2_conveyorbelt/hook/cmake_prefix_path.dsv'
[0.760s] INFO:colcon.colcon_core.shell:Creating environment hook '/home/ps/dof_6_ws/install/ros2_conveyorbelt/share/ros2_conveyorbelt/hook/cmake_prefix_path.sh'
[0.760s] Level 1:colcon.colcon_core.environment:checking '/home/ps/dof_6_ws/install/ros2_conveyorbelt/lib'
[0.760s] Level 1:colcon.colcon_core.shell:create_environment_hook('ros2_conveyorbelt', 'ld_library_path_lib')
[0.760s] INFO:colcon.colcon_core.shell:Creating environment hook '/home/ps/dof_6_ws/install/ros2_conveyorbelt/share/ros2_conveyorbelt/hook/ld_library_path_lib.ps1'
[0.760s] INFO:colcon.colcon_core.shell:Creating environment descriptor '/home/ps/dof_6_ws/install/ros2_conveyorbelt/share/ros2_conveyorbelt/hook/ld_library_path_lib.dsv'
[0.761s] INFO:colcon.colcon_core.shell:Creating environment hook '/home/ps/dof_6_ws/install/ros2_conveyorbelt/share/ros2_conveyorbelt/hook/ld_library_path_lib.sh'
[0.761s] Level 1:colcon.colcon_core.environment:checking '/home/ps/dof_6_ws/install/ros2_conveyorbelt/bin'
[0.761s] Level 1:colcon.colcon_core.environment:checking '/home/ps/dof_6_ws/install/ros2_conveyorbelt/lib/pkgconfig/ros2_conveyorbelt.pc'
[0.761s] Level 1:colcon.colcon_core.environment:checking '/home/ps/dof_6_ws/install/ros2_conveyorbelt/lib/python3.10/site-packages'
[0.761s] Level 1:colcon.colcon_core.environment:checking '/home/ps/dof_6_ws/install/ros2_conveyorbelt/bin'
[0.761s] INFO:colcon.colcon_core.shell:Creating package script '/home/ps/dof_6_ws/install/ros2_conveyorbelt/share/ros2_conveyorbelt/package.ps1'
[0.762s] INFO:colcon.colcon_core.shell:Creating package descriptor '/home/ps/dof_6_ws/install/ros2_conveyorbelt/share/ros2_conveyorbelt/package.dsv'
[0.762s] INFO:colcon.colcon_core.shell:Creating package script '/home/ps/dof_6_ws/install/ros2_conveyorbelt/share/ros2_conveyorbelt/package.sh'
[0.762s] INFO:colcon.colcon_core.shell:Creating package script '/home/ps/dof_6_ws/install/ros2_conveyorbelt/share/ros2_conveyorbelt/package.bash'
[0.762s] INFO:colcon.colcon_core.shell:Creating package script '/home/ps/dof_6_ws/install/ros2_conveyorbelt/share/ros2_conveyorbelt/package.zsh'
[0.762s] Level 1:colcon.colcon_core.environment:create_file_with_runtime_dependencies(/home/ps/dof_6_ws/install/ros2_conveyorbelt/share/colcon-core/packages/ros2_conveyorbelt)
[0.787s] Level 1:colcon.colcon_core.environment:create_environment_scripts_only(ros2_conveyorbelt)
[0.788s] Level 1:colcon.colcon_core.environment:checking '/home/ps/dof_6_ws/install/ros2_conveyorbelt' for CMake module files
[0.788s] Level 1:colcon.colcon_core.environment:checking '/home/ps/dof_6_ws/install/ros2_conveyorbelt' for CMake config files
[0.788s] Level 1:colcon.colcon_core.shell:create_environment_hook('ros2_conveyorbelt', 'cmake_prefix_path')
[0.788s] INFO:colcon.colcon_core.shell:Creating environment hook '/home/ps/dof_6_ws/install/ros2_conveyorbelt/share/ros2_conveyorbelt/hook/cmake_prefix_path.ps1'
[0.788s] INFO:colcon.colcon_core.shell:Creating environment descriptor '/home/ps/dof_6_ws/install/ros2_conveyorbelt/share/ros2_conveyorbelt/hook/cmake_prefix_path.dsv'
[0.789s] INFO:colcon.colcon_core.shell:Creating environment hook '/home/ps/dof_6_ws/install/ros2_conveyorbelt/share/ros2_conveyorbelt/hook/cmake_prefix_path.sh'
[0.789s] Level 1:colcon.colcon_core.environment:checking '/home/ps/dof_6_ws/install/ros2_conveyorbelt/lib'
[0.789s] Level 1:colcon.colcon_core.shell:create_environment_hook('ros2_conveyorbelt', 'ld_library_path_lib')
[0.789s] INFO:colcon.colcon_core.shell:Creating environment hook '/home/ps/dof_6_ws/install/ros2_conveyorbelt/share/ros2_conveyorbelt/hook/ld_library_path_lib.ps1'
[0.789s] INFO:colcon.colcon_core.shell:Creating environment descriptor '/home/ps/dof_6_ws/install/ros2_conveyorbelt/share/ros2_conveyorbelt/hook/ld_library_path_lib.dsv'
[0.790s] INFO:colcon.colcon_core.shell:Creating environment hook '/home/ps/dof_6_ws/install/ros2_conveyorbelt/share/ros2_conveyorbelt/hook/ld_library_path_lib.sh'
[0.790s] Level 1:colcon.colcon_core.environment:checking '/home/ps/dof_6_ws/install/ros2_conveyorbelt/bin'
[0.790s] Level 1:colcon.colcon_core.environment:checking '/home/ps/dof_6_ws/install/ros2_conveyorbelt/lib/pkgconfig/ros2_conveyorbelt.pc'
[0.790s] Level 1:colcon.colcon_core.environment:checking '/home/ps/dof_6_ws/install/ros2_conveyorbelt/lib/python3.10/site-packages'
[0.790s] Level 1:colcon.colcon_core.environment:checking '/home/ps/dof_6_ws/install/ros2_conveyorbelt/bin'
[0.790s] INFO:colcon.colcon_core.shell:Creating package script '/home/ps/dof_6_ws/install/ros2_conveyorbelt/share/ros2_conveyorbelt/package.ps1'
[0.791s] INFO:colcon.colcon_core.shell:Creating package descriptor '/home/ps/dof_6_ws/install/ros2_conveyorbelt/share/ros2_conveyorbelt/package.dsv'
[0.791s] INFO:colcon.colcon_core.shell:Creating package script '/home/ps/dof_6_ws/install/ros2_conveyorbelt/share/ros2_conveyorbelt/package.sh'
[0.791s] INFO:colcon.colcon_core.shell:Creating package script '/home/ps/dof_6_ws/install/ros2_conveyorbelt/share/ros2_conveyorbelt/package.bash'
[0.792s] INFO:colcon.colcon_core.shell:Creating package script '/home/ps/dof_6_ws/install/ros2_conveyorbelt/share/ros2_conveyorbelt/package.zsh'
[0.792s] Level 1:colcon.colcon_core.environment:create_file_with_runtime_dependencies(/home/ps/dof_6_ws/install/ros2_conveyorbelt/share/colcon-core/packages/ros2_conveyorbelt)
[0.833s] Level 1:colcon.colcon_core.environment:checking '/home/ps/dof_6_ws/install/ur5' for CMake module files
[0.833s] DEBUG:colcon.colcon_core.event_handler.log_command:Invoked command in '/home/ps/dof_6_ws/src/ur5' returned '0': PYTHONPATH=/home/ps/dof_6_ws/build/ur5/prefix_override:/usr/lib/python3/dist-packages/colcon_core/task/python/colcon_distutils_commands:/home/ps/dof_6_ws/install/ur5/lib/python3.10/site-packages:${PYTHONPATH} /usr/bin/python3 -W ignore:setup.py install is deprecated setup.py egg_info --egg-base ../../build/ur5 build --build-base /home/ps/dof_6_ws/build/ur5/build install --record /home/ps/dof_6_ws/build/ur5/install.log --single-version-externally-managed install_data
[0.833s] Level 1:colcon.colcon_core.environment:checking '/home/ps/dof_6_ws/install/ur5' for CMake config files
[0.834s] Level 1:colcon.colcon_core.environment:checking '/home/ps/dof_6_ws/install/ur5/lib'
[0.834s] Level 1:colcon.colcon_core.environment:checking '/home/ps/dof_6_ws/install/ur5/bin'
[0.834s] Level 1:colcon.colcon_core.environment:checking '/home/ps/dof_6_ws/install/ur5/lib/pkgconfig/ur5.pc'
[0.834s] Level 1:colcon.colcon_core.environment:checking '/home/ps/dof_6_ws/install/ur5/lib/python3.10/site-packages'
[0.834s] Level 1:colcon.colcon_core.shell:create_environment_hook('ur5', 'pythonpath')
[0.834s] INFO:colcon.colcon_core.shell:Creating environment hook '/home/ps/dof_6_ws/install/ur5/share/ur5/hook/pythonpath.ps1'
[0.835s] INFO:colcon.colcon_core.shell:Creating environment descriptor '/home/ps/dof_6_ws/install/ur5/share/ur5/hook/pythonpath.dsv'
[0.835s] INFO:colcon.colcon_core.shell:Creating environment hook '/home/ps/dof_6_ws/install/ur5/share/ur5/hook/pythonpath.sh'
[0.835s] Level 1:colcon.colcon_core.environment:checking '/home/ps/dof_6_ws/install/ur5/bin'
[0.835s] Level 1:colcon.colcon_core.environment:create_environment_scripts_only(ur5)
[0.835s] INFO:colcon.colcon_core.shell:Creating package script '/home/ps/dof_6_ws/install/ur5/share/ur5/package.ps1'
[0.836s] INFO:colcon.colcon_core.shell:Creating package descriptor '/home/ps/dof_6_ws/install/ur5/share/ur5/package.dsv'
[0.836s] INFO:colcon.colcon_core.shell:Creating package script '/home/ps/dof_6_ws/install/ur5/share/ur5/package.sh'
[0.836s] INFO:colcon.colcon_core.shell:Creating package script '/home/ps/dof_6_ws/install/ur5/share/ur5/package.bash'
[0.836s] INFO:colcon.colcon_core.shell:Creating package script '/home/ps/dof_6_ws/install/ur5/share/ur5/package.zsh'
[0.836s] Level 1:colcon.colcon_core.environment:create_file_with_runtime_dependencies(/home/ps/dof_6_ws/install/ur5/share/colcon-core/packages/ur5)
[0.837s] INFO:colcon.colcon_ros.task.ament_cmake.build:Building ROS package in '/home/ps/dof_6_ws/src/moveit' with build type 'ament_cmake'
[0.837s] INFO:colcon.colcon_cmake.task.cmake.build:Building CMake package in '/home/ps/dof_6_ws/src/moveit'
[0.837s] INFO:colcon.colcon_core.shell:Skip shell extension 'powershell' for command environment: Not usable outside of PowerShell
[0.837s] DEBUG:colcon.colcon_core.shell:Skip shell extension 'dsv' for command environment
[0.844s] DEBUG:colcon.colcon_core.event_handler.log_command:Invoking command in '/home/ps/dof_6_ws/build/moveit': AMENT_PREFIX_PATH=/home/ps/dof_6_ws/install/ur5:/home/ps/RoboticsLab-6DOF-master/install/moveit:/home/ps/RoboticsLab-6DOF-master/install/ur5:/home/ps/RoboticsLab-6DOF-master/install/ros2_conveyorbelt:/home/ps/RoboticsLab-6DOF-master/install/conveyorbelt_msgs:/home/ps/RoboticsLab-6DOF-master/install/conveyorbelt_gazebo:/home/ps/dof_6_ws/install/moveit:/home/ps/dof_6_ws/install/ros2_conveyorbelt:/home/ps/dof_6_ws/install/conveyorbelt_msgs:/home/ps/dof_6_ws/install/conveyorbelt_gazebo:/opt/ros/humble CMAKE_PREFIX_PATH=${CMAKE_PREFIX_PATH}:/home/ps/dof_6_ws/install/ur5:/opt/ros/humble PYTHONPATH=/home/ps/dof_6_ws/install/ur5/lib/python3.10/site-packages:/home/ps/RoboticsLab-6DOF-master/install/conveyorbelt_msgs/local/lib/python3.10/dist-packages:/home/ps/dof_6_ws/install/conveyorbelt_msgs/local/lib/python3.10/dist-packages:/opt/ros/humble/lib/python3.10/site-packages:/opt/ros/humble/local/lib/python3.10/dist-packages /usr/bin/cmake --build /home/ps/dof_6_ws/build/moveit -- -j12 -l12
[0.871s] DEBUG:colcon.colcon_core.event_handler.log_command:Invoked command in '/home/ps/dof_6_ws/build/moveit' returned '0': AMENT_PREFIX_PATH=/home/ps/dof_6_ws/install/ur5:/home/ps/RoboticsLab-6DOF-master/install/moveit:/home/ps/RoboticsLab-6DOF-master/install/ur5:/home/ps/RoboticsLab-6DOF-master/install/ros2_conveyorbelt:/home/ps/RoboticsLab-6DOF-master/install/conveyorbelt_msgs:/home/ps/RoboticsLab-6DOF-master/install/conveyorbelt_gazebo:/home/ps/dof_6_ws/install/moveit:/home/ps/dof_6_ws/install/ros2_conveyorbelt:/home/ps/dof_6_ws/install/conveyorbelt_msgs:/home/ps/dof_6_ws/install/conveyorbelt_gazebo:/opt/ros/humble CMAKE_PREFIX_PATH=${CMAKE_PREFIX_PATH}:/home/ps/dof_6_ws/install/ur5:/opt/ros/humble PYTHONPATH=/home/ps/dof_6_ws/install/ur5/lib/python3.10/site-packages:/home/ps/RoboticsLab-6DOF-master/install/conveyorbelt_msgs/local/lib/python3.10/dist-packages:/home/ps/dof_6_ws/install/conveyorbelt_msgs/local/lib/python3.10/dist-packages:/opt/ros/humble/lib/python3.10/site-packages:/opt/ros/humble/local/lib/python3.10/dist-packages /usr/bin/cmake --build /home/ps/dof_6_ws/build/moveit -- -j12 -l12
[0.888s] DEBUG:colcon.colcon_core.event_handler.log_command:Invoking command in '/home/ps/dof_6_ws/build/moveit': AMENT_PREFIX_PATH=/home/ps/dof_6_ws/install/ur5:/home/ps/RoboticsLab-6DOF-master/install/moveit:/home/ps/RoboticsLab-6DOF-master/install/ur5:/home/ps/RoboticsLab-6DOF-master/install/ros2_conveyorbelt:/home/ps/RoboticsLab-6DOF-master/install/conveyorbelt_msgs:/home/ps/RoboticsLab-6DOF-master/install/conveyorbelt_gazebo:/home/ps/dof_6_ws/install/moveit:/home/ps/dof_6_ws/install/ros2_conveyorbelt:/home/ps/dof_6_ws/install/conveyorbelt_msgs:/home/ps/dof_6_ws/install/conveyorbelt_gazebo:/opt/ros/humble CMAKE_PREFIX_PATH=${CMAKE_PREFIX_PATH}:/home/ps/dof_6_ws/install/ur5:/opt/ros/humble PYTHONPATH=/home/ps/dof_6_ws/install/ur5/lib/python3.10/site-packages:/home/ps/RoboticsLab-6DOF-master/install/conveyorbelt_msgs/local/lib/python3.10/dist-packages:/home/ps/dof_6_ws/install/conveyorbelt_msgs/local/lib/python3.10/dist-packages:/opt/ros/humble/lib/python3.10/site-packages:/opt/ros/humble/local/lib/python3.10/dist-packages /usr/bin/cmake --install /home/ps/dof_6_ws/build/moveit
[0.895s] Level 1:colcon.colcon_core.environment:create_environment_scripts_only(moveit)
[0.895s] Level 1:colcon.colcon_core.environment:checking '/home/ps/dof_6_ws/install/moveit' for CMake module files
[0.896s] DEBUG:colcon.colcon_core.event_handler.log_command:Invoked command in '/home/ps/dof_6_ws/build/moveit' returned '0': AMENT_PREFIX_PATH=/home/ps/dof_6_ws/install/ur5:/home/ps/RoboticsLab-6DOF-master/install/moveit:/home/ps/RoboticsLab-6DOF-master/install/ur5:/home/ps/RoboticsLab-6DOF-master/install/ros2_conveyorbelt:/home/ps/RoboticsLab-6DOF-master/install/conveyorbelt_msgs:/home/ps/RoboticsLab-6DOF-master/install/conveyorbelt_gazebo:/home/ps/dof_6_ws/install/moveit:/home/ps/dof_6_ws/install/ros2_conveyorbelt:/home/ps/dof_6_ws/install/conveyorbelt_msgs:/home/ps/dof_6_ws/install/conveyorbelt_gazebo:/opt/ros/humble CMAKE_PREFIX_PATH=${CMAKE_PREFIX_PATH}:/home/ps/dof_6_ws/install/ur5:/opt/ros/humble PYTHONPATH=/home/ps/dof_6_ws/install/ur5/lib/python3.10/site-packages:/home/ps/RoboticsLab-6DOF-master/install/conveyorbelt_msgs/local/lib/python3.10/dist-packages:/home/ps/dof_6_ws/install/conveyorbelt_msgs/local/lib/python3.10/dist-packages:/opt/ros/humble/lib/python3.10/site-packages:/opt/ros/humble/local/lib/python3.10/dist-packages /usr/bin/cmake --install /home/ps/dof_6_ws/build/moveit
[0.896s] Level 1:colcon.colcon_core.environment:checking '/home/ps/dof_6_ws/install/moveit' for CMake config files
[0.896s] Level 1:colcon.colcon_core.shell:create_environment_hook('moveit', 'cmake_prefix_path')
[0.896s] INFO:colcon.colcon_core.shell:Creating environment hook '/home/ps/dof_6_ws/install/moveit/share/moveit/hook/cmake_prefix_path.ps1'
[0.896s] INFO:colcon.colcon_core.shell:Creating environment descriptor '/home/ps/dof_6_ws/install/moveit/share/moveit/hook/cmake_prefix_path.dsv'
[0.897s] INFO:colcon.colcon_core.shell:Creating environment hook '/home/ps/dof_6_ws/install/moveit/share/moveit/hook/cmake_prefix_path.sh'
[0.897s] Level 1:colcon.colcon_core.environment:checking '/home/ps/dof_6_ws/install/moveit/bin'
[0.897s] Level 1:colcon.colcon_core.environment:checking '/home/ps/dof_6_ws/install/moveit/lib/pkgconfig/moveit.pc'
[0.897s] Level 1:colcon.colcon_core.environment:checking '/home/ps/dof_6_ws/install/moveit/lib/python3.10/site-packages'
[0.897s] Level 1:colcon.colcon_core.environment:checking '/home/ps/dof_6_ws/install/moveit/bin'
[0.897s] INFO:colcon.colcon_core.shell:Creating package script '/home/ps/dof_6_ws/install/moveit/share/moveit/package.ps1'
[0.898s] INFO:colcon.colcon_core.shell:Creating package descriptor '/home/ps/dof_6_ws/install/moveit/share/moveit/package.dsv'
[0.898s] INFO:colcon.colcon_core.shell:Creating package script '/home/ps/dof_6_ws/install/moveit/share/moveit/package.sh'
[0.898s] INFO:colcon.colcon_core.shell:Creating package script '/home/ps/dof_6_ws/install/moveit/share/moveit/package.bash'
[0.898s] INFO:colcon.colcon_core.shell:Creating package script '/home/ps/dof_6_ws/install/moveit/share/moveit/package.zsh'
[0.898s] Level 1:colcon.colcon_core.environment:create_file_with_runtime_dependencies(/home/ps/dof_6_ws/install/moveit/share/colcon-core/packages/moveit)
[0.915s] Level 1:colcon.colcon_core.environment:create_environment_scripts_only(moveit)
[0.915s] Level 1:colcon.colcon_core.environment:checking '/home/ps/dof_6_ws/install/moveit' for CMake module files
[0.915s] Level 1:colcon.colcon_core.environment:checking '/home/ps/dof_6_ws/install/moveit' for CMake config files
[0.915s] Level 1:colcon.colcon_core.shell:create_environment_hook('moveit', 'cmake_prefix_path')
[0.915s] INFO:colcon.colcon_core.shell:Creating environment hook '/home/ps/dof_6_ws/install/moveit/share/moveit/hook/cmake_prefix_path.ps1'
[0.916s] INFO:colcon.colcon_core.shell:Creating environment descriptor '/home/ps/dof_6_ws/install/moveit/share/moveit/hook/cmake_prefix_path.dsv'
[0.916s] INFO:colcon.colcon_core.shell:Creating environment hook '/home/ps/dof_6_ws/install/moveit/share/moveit/hook/cmake_prefix_path.sh'
[0.916s] Level 1:colcon.colcon_core.environment:checking '/home/ps/dof_6_ws/install/moveit/bin'
[0.916s] Level 1:colcon.colcon_core.environment:checking '/home/ps/dof_6_ws/install/moveit/lib/pkgconfig/moveit.pc'
[0.917s] Level 1:colcon.colcon_core.environment:checking '/home/ps/dof_6_ws/install/moveit/lib/python3.10/site-packages'
[0.917s] Level 1:colcon.colcon_core.environment:checking '/home/ps/dof_6_ws/install/moveit/bin'
[0.917s] INFO:colcon.colcon_core.shell:Creating package script '/home/ps/dof_6_ws/install/moveit/share/moveit/package.ps1'
[0.917s] INFO:colcon.colcon_core.shell:Creating package descriptor '/home/ps/dof_6_ws/install/moveit/share/moveit/package.dsv'
[0.917s] INFO:colcon.colcon_core.shell:Creating package script '/home/ps/dof_6_ws/install/moveit/share/moveit/package.sh'
[0.918s] INFO:colcon.colcon_core.shell:Creating package script '/home/ps/dof_6_ws/install/moveit/share/moveit/package.bash'
[0.918s] INFO:colcon.colcon_core.shell:Creating package script '/home/ps/dof_6_ws/install/moveit/share/moveit/package.zsh'
[0.918s] Level 1:colcon.colcon_core.environment:create_file_with_runtime_dependencies(/home/ps/dof_6_ws/install/moveit/share/colcon-core/packages/moveit)
[0.918s] DEBUG:colcon.colcon_parallel_executor.executor.parallel:closing loop
[0.918s] DEBUG:colcon.colcon_parallel_executor.executor.parallel:loop closed
[0.918s] DEBUG:colcon.colcon_parallel_executor.executor.parallel:run_until_complete finished with '0'
[0.918s] DEBUG:colcon.colcon_core.event_reactor:joining thread
[0.922s] INFO:colcon.colcon_core.plugin_system:Skipping extension 'colcon_notification.desktop_notification.terminal_notifier': Not used on non-Darwin systems
[0.922s] INFO:colcon.colcon_core.plugin_system:Skipping extension 'colcon_notification.desktop_notification.win32': Not used on non-Windows systems
[0.922s] INFO:colcon.colcon_notification.desktop_notification:Sending desktop notification using 'notify2'
[0.928s] DEBUG:colcon.colcon_core.event_reactor:joined thread
[0.929s] INFO:colcon.colcon_core.shell:Creating prefix script '/home/ps/dof_6_ws/install/local_setup.ps1'
[0.930s] INFO:colcon.colcon_core.shell:Creating prefix util module '/home/ps/dof_6_ws/install/_local_setup_util_ps1.py'
[0.931s] INFO:colcon.colcon_core.shell:Creating prefix chain script '/home/ps/dof_6_ws/install/setup.ps1'
[0.932s] INFO:colcon.colcon_core.shell:Creating prefix script '/home/ps/dof_6_ws/install/local_setup.sh'
[0.932s] INFO:colcon.colcon_core.shell:Creating prefix util module '/home/ps/dof_6_ws/install/_local_setup_util_sh.py'
[0.933s] INFO:colcon.colcon_core.shell:Creating prefix chain script '/home/ps/dof_6_ws/install/setup.sh'
[0.933s] INFO:colcon.colcon_core.shell:Creating prefix script '/home/ps/dof_6_ws/install/local_setup.bash'
[0.934s] INFO:colcon.colcon_core.shell:Creating prefix chain script '/home/ps/dof_6_ws/install/setup.bash'
[0.934s] INFO:colcon.colcon_core.shell:Creating prefix script '/home/ps/dof_6_ws/install/local_setup.zsh'
[0.935s] INFO:colcon.colcon_core.shell:Creating prefix chain script '/home/ps/dof_6_ws/install/setup.zsh'
