[0.006s] Invoking command in '/home/ps/dof_6_ws/build/moveit': AMENT_PREFIX_PATH=/home/ps/dof_6_ws/install/ur5:/home/ps/RoboticsLab-6DOF-master/install/moveit:/home/ps/RoboticsLab-6DOF-master/install/ur5:/home/ps/RoboticsLab-6DOF-master/install/ros2_conveyorbelt:/home/ps/RoboticsLab-6DOF-master/install/conveyorbelt_msgs:/home/ps/RoboticsLab-6DOF-master/install/conveyorbelt_gazebo:/home/ps/dof_6_ws/install/moveit:/home/ps/dof_6_ws/install/ros2_conveyorbelt:/home/ps/dof_6_ws/install/conveyorbelt_msgs:/home/ps/dof_6_ws/install/conveyorbelt_gazebo:/opt/ros/humble CMAKE_PREFIX_PATH=${CMAKE_PREFIX_PATH}:/home/ps/dof_6_ws/install/ur5:/opt/ros/humble PYTHONPATH=/home/ps/dof_6_ws/install/ur5/lib/python3.10/site-packages:/home/ps/RoboticsLab-6DOF-master/install/conveyorbelt_msgs/local/lib/python3.10/dist-packages:/home/ps/dof_6_ws/install/conveyorbelt_msgs/local/lib/python3.10/dist-packages:/opt/ros/humble/lib/python3.10/site-packages:/opt/ros/humble/local/lib/python3.10/dist-packages /usr/bin/cmake --build /home/ps/dof_6_ws/build/moveit -- -j12 -l12
[0.037s] Invoked command in '/home/ps/dof_6_ws/build/moveit' returned '0': AMENT_PREFIX_PATH=/home/ps/dof_6_ws/install/ur5:/home/ps/RoboticsLab-6DOF-master/install/moveit:/home/ps/RoboticsLab-6DOF-master/install/ur5:/home/ps/RoboticsLab-6DOF-master/install/ros2_conveyorbelt:/home/ps/RoboticsLab-6DOF-master/install/conveyorbelt_msgs:/home/ps/RoboticsLab-6DOF-master/install/conveyorbelt_gazebo:/home/ps/dof_6_ws/install/moveit:/home/ps/dof_6_ws/install/ros2_conveyorbelt:/home/ps/dof_6_ws/install/conveyorbelt_msgs:/home/ps/dof_6_ws/install/conveyorbelt_gazebo:/opt/ros/humble CMAKE_PREFIX_PATH=${CMAKE_PREFIX_PATH}:/home/ps/dof_6_ws/install/ur5:/opt/ros/humble PYTHONPATH=/home/ps/dof_6_ws/install/ur5/lib/python3.10/site-packages:/home/ps/RoboticsLab-6DOF-master/install/conveyorbelt_msgs/local/lib/python3.10/dist-packages:/home/ps/dof_6_ws/install/conveyorbelt_msgs/local/lib/python3.10/dist-packages:/opt/ros/humble/lib/python3.10/site-packages:/opt/ros/humble/local/lib/python3.10/dist-packages /usr/bin/cmake --build /home/ps/dof_6_ws/build/moveit -- -j12 -l12
[0.055s] Invoking command in '/home/ps/dof_6_ws/build/moveit': AMENT_PREFIX_PATH=/home/ps/dof_6_ws/install/ur5:/home/ps/RoboticsLab-6DOF-master/install/moveit:/home/ps/RoboticsLab-6DOF-master/install/ur5:/home/ps/RoboticsLab-6DOF-master/install/ros2_conveyorbelt:/home/ps/RoboticsLab-6DOF-master/install/conveyorbelt_msgs:/home/ps/RoboticsLab-6DOF-master/install/conveyorbelt_gazebo:/home/ps/dof_6_ws/install/moveit:/home/ps/dof_6_ws/install/ros2_conveyorbelt:/home/ps/dof_6_ws/install/conveyorbelt_msgs:/home/ps/dof_6_ws/install/conveyorbelt_gazebo:/opt/ros/humble CMAKE_PREFIX_PATH=${CMAKE_PREFIX_PATH}:/home/ps/dof_6_ws/install/ur5:/opt/ros/humble PYTHONPATH=/home/ps/dof_6_ws/install/ur5/lib/python3.10/site-packages:/home/ps/RoboticsLab-6DOF-master/install/conveyorbelt_msgs/local/lib/python3.10/dist-packages:/home/ps/dof_6_ws/install/conveyorbelt_msgs/local/lib/python3.10/dist-packages:/opt/ros/humble/lib/python3.10/site-packages:/opt/ros/humble/local/lib/python3.10/dist-packages /usr/bin/cmake --install /home/ps/dof_6_ws/build/moveit
[0.060s] -- Install configuration: ""
[0.060s] -- Up-to-date: /home/ps/dof_6_ws/install/moveit/share/ament_index/resource_index/package_run_dependencies/moveit
[0.060s] -- Up-to-date: /home/ps/dof_6_ws/install/moveit/share/ament_index/resource_index/parent_prefix_path/moveit
[0.060s] -- Up-to-date: /home/ps/dof_6_ws/install/moveit/share/moveit/environment/ament_prefix_path.sh
[0.060s] -- Up-to-date: /home/ps/dof_6_ws/install/moveit/share/moveit/environment/ament_prefix_path.dsv
[0.060s] -- Up-to-date: /home/ps/dof_6_ws/install/moveit/share/moveit/environment/path.sh
[0.060s] -- Up-to-date: /home/ps/dof_6_ws/install/moveit/share/moveit/environment/path.dsv
[0.060s] -- Up-to-date: /home/ps/dof_6_ws/install/moveit/share/moveit/local_setup.bash
[0.060s] -- Up-to-date: /home/ps/dof_6_ws/install/moveit/share/moveit/local_setup.sh
[0.060s] -- Up-to-date: /home/ps/dof_6_ws/install/moveit/share/moveit/local_setup.zsh
[0.060s] -- Up-to-date: /home/ps/dof_6_ws/install/moveit/share/moveit/local_setup.dsv
[0.060s] -- Installing: /home/ps/dof_6_ws/install/moveit/share/moveit/package.dsv
[0.060s] -- Up-to-date: /home/ps/dof_6_ws/install/moveit/share/ament_index/resource_index/packages/moveit
[0.060s] -- Up-to-date: /home/ps/dof_6_ws/install/moveit/share/moveit/cmake/moveitConfig.cmake
[0.060s] -- Up-to-date: /home/ps/dof_6_ws/install/moveit/share/moveit/cmake/moveitConfig-version.cmake
[0.060s] -- Up-to-date: /home/ps/dof_6_ws/install/moveit/share/moveit/package.xml
[0.060s] -- Up-to-date: /home/ps/dof_6_ws/install/moveit/share/moveit/launch
[0.060s] -- Up-to-date: /home/ps/dof_6_ws/install/moveit/share/moveit/launch/moveit_rviz.launch.py
[0.060s] -- Up-to-date: /home/ps/dof_6_ws/install/moveit/share/moveit/launch/demo.launch.py
[0.060s] -- Up-to-date: /home/ps/dof_6_ws/install/moveit/share/moveit/launch/static_virtual_joint_tfs.launch.py
[0.060s] -- Up-to-date: /home/ps/dof_6_ws/install/moveit/share/moveit/launch/setup_assistant.launch.py
[0.060s] -- Up-to-date: /home/ps/dof_6_ws/install/moveit/share/moveit/launch/spawn_controllers.launch.py
[0.060s] -- Up-to-date: /home/ps/dof_6_ws/install/moveit/share/moveit/launch/rsp.launch.py
[0.060s] -- Up-to-date: /home/ps/dof_6_ws/install/moveit/share/moveit/launch/move_group.launch.py
[0.060s] -- Up-to-date: /home/ps/dof_6_ws/install/moveit/share/moveit/config
[0.060s] -- Up-to-date: /home/ps/dof_6_ws/install/moveit/share/moveit/config/kinematics.yaml
[0.061s] -- Up-to-date: /home/ps/dof_6_ws/install/moveit/share/moveit/config/ur5.ros2_control.xacro
[0.061s] -- Up-to-date: /home/ps/dof_6_ws/install/moveit/share/moveit/config/moveit.rviz
[0.061s] -- Up-to-date: /home/ps/dof_6_ws/install/moveit/share/moveit/config/ros2_controllers.yaml
[0.061s] -- Up-to-date: /home/ps/dof_6_ws/install/moveit/share/moveit/config/joint_limits.yaml
[0.061s] -- Up-to-date: /home/ps/dof_6_ws/install/moveit/share/moveit/config/moveit_controllers.yaml
[0.061s] -- Up-to-date: /home/ps/dof_6_ws/install/moveit/share/moveit/config/pilz_cartesian_limits.yaml
[0.061s] -- Up-to-date: /home/ps/dof_6_ws/install/moveit/share/moveit/config/ur5.urdf.xacro
[0.061s] -- Up-to-date: /home/ps/dof_6_ws/install/moveit/share/moveit/config/ur5.srdf
[0.061s] -- Up-to-date: /home/ps/dof_6_ws/install/moveit/share/moveit/config/initial_positions.yaml
[0.061s] -- Up-to-date: /home/ps/dof_6_ws/install/moveit/share/moveit/.setup_assistant
[0.062s] Invoked command in '/home/ps/dof_6_ws/build/moveit' returned '0': AMENT_PREFIX_PATH=/home/ps/dof_6_ws/install/ur5:/home/ps/RoboticsLab-6DOF-master/install/moveit:/home/ps/RoboticsLab-6DOF-master/install/ur5:/home/ps/RoboticsLab-6DOF-master/install/ros2_conveyorbelt:/home/ps/RoboticsLab-6DOF-master/install/conveyorbelt_msgs:/home/ps/RoboticsLab-6DOF-master/install/conveyorbelt_gazebo:/home/ps/dof_6_ws/install/moveit:/home/ps/dof_6_ws/install/ros2_conveyorbelt:/home/ps/dof_6_ws/install/conveyorbelt_msgs:/home/ps/dof_6_ws/install/conveyorbelt_gazebo:/opt/ros/humble CMAKE_PREFIX_PATH=${CMAKE_PREFIX_PATH}:/home/ps/dof_6_ws/install/ur5:/opt/ros/humble PYTHONPATH=/home/ps/dof_6_ws/install/ur5/lib/python3.10/site-packages:/home/ps/RoboticsLab-6DOF-master/install/conveyorbelt_msgs/local/lib/python3.10/dist-packages:/home/ps/dof_6_ws/install/conveyorbelt_msgs/local/lib/python3.10/dist-packages:/opt/ros/humble/lib/python3.10/site-packages:/opt/ros/humble/local/lib/python3.10/dist-packages /usr/bin/cmake --install /home/ps/dof_6_ws/build/moveit
