running egg_info
creating ../../build/ur5/ur5.egg-info
writing ../../build/ur5/ur5.egg-info/PKG-INFO
writing dependency_links to ../../build/ur5/ur5.egg-info/dependency_links.txt
writing entry points to ../../build/ur5/ur5.egg-info/entry_points.txt
writing requirements to ../../build/ur5/ur5.egg-info/requires.txt
writing top-level names to ../../build/ur5/ur5.egg-info/top_level.txt
writing manifest file '../../build/ur5/ur5.egg-info/SOURCES.txt'
reading manifest file '../../build/ur5/ur5.egg-info/SOURCES.txt'
writing manifest file '../../build/ur5/ur5.egg-info/SOURCES.txt'
running build
running build_py
creating /home/ps/dof_6_ws/build/ur5/build
creating /home/ps/dof_6_ws/build/ur5/build/lib
creating /home/ps/dof_6_ws/build/ur5/build/lib/ur5
copying ur5/proximity.py -> /home/ps/dof_6_ws/build/ur5/build/lib/ur5
copying ur5/controller_rviz_ik.py -> /home/ps/dof_6_ws/build/ur5/build/lib/ur5
copying ur5/seq.py -> /home/ps/dof_6_ws/build/ur5/build/lib/ur5
copying ur5/controller_rviz.py -> /home/ps/dof_6_ws/build/ur5/build/lib/ur5
copying ur5/pick_place.py -> /home/ps/dof_6_ws/build/ur5/build/lib/ur5
copying ur5/capture_image.py -> /home/ps/dof_6_ws/build/ur5/build/lib/ur5
copying ur5/controller_fk.py -> /home/ps/dof_6_ws/build/ur5/build/lib/ur5
copying ur5/vacuum_gripper_controller.py -> /home/ps/dof_6_ws/build/ur5/build/lib/ur5
copying ur5/pose_publisher.py -> /home/ps/dof_6_ws/build/ur5/build/lib/ur5
copying ur5/__init__.py -> /home/ps/dof_6_ws/build/ur5/build/lib/ur5
copying ur5/spawn_box_scheduler.py -> /home/ps/dof_6_ws/build/ur5/build/lib/ur5
copying ur5/pick_and_place.py -> /home/ps/dof_6_ws/build/ur5/build/lib/ur5
copying ur5/controller_gz.py -> /home/ps/dof_6_ws/build/ur5/build/lib/ur5
copying ur5/controller_ik.py -> /home/ps/dof_6_ws/build/ur5/build/lib/ur5
copying ur5/tmp.py -> /home/ps/dof_6_ws/build/ur5/build/lib/ur5
running install
running install_lib
creating /home/ps/dof_6_ws/install/ur5/lib/python3.10/site-packages/ur5
copying /home/ps/dof_6_ws/build/ur5/build/lib/ur5/proximity.py -> /home/ps/dof_6_ws/install/ur5/lib/python3.10/site-packages/ur5
copying /home/ps/dof_6_ws/build/ur5/build/lib/ur5/controller_rviz_ik.py -> /home/ps/dof_6_ws/install/ur5/lib/python3.10/site-packages/ur5
copying /home/ps/dof_6_ws/build/ur5/build/lib/ur5/seq.py -> /home/ps/dof_6_ws/install/ur5/lib/python3.10/site-packages/ur5
copying /home/ps/dof_6_ws/build/ur5/build/lib/ur5/controller_rviz.py -> /home/ps/dof_6_ws/install/ur5/lib/python3.10/site-packages/ur5
copying /home/ps/dof_6_ws/build/ur5/build/lib/ur5/pick_place.py -> /home/ps/dof_6_ws/install/ur5/lib/python3.10/site-packages/ur5
copying /home/ps/dof_6_ws/build/ur5/build/lib/ur5/capture_image.py -> /home/ps/dof_6_ws/install/ur5/lib/python3.10/site-packages/ur5
copying /home/ps/dof_6_ws/build/ur5/build/lib/ur5/controller_fk.py -> /home/ps/dof_6_ws/install/ur5/lib/python3.10/site-packages/ur5
copying /home/ps/dof_6_ws/build/ur5/build/lib/ur5/vacuum_gripper_controller.py -> /home/ps/dof_6_ws/install/ur5/lib/python3.10/site-packages/ur5
copying /home/ps/dof_6_ws/build/ur5/build/lib/ur5/pose_publisher.py -> /home/ps/dof_6_ws/install/ur5/lib/python3.10/site-packages/ur5
copying /home/ps/dof_6_ws/build/ur5/build/lib/ur5/__init__.py -> /home/ps/dof_6_ws/install/ur5/lib/python3.10/site-packages/ur5
copying /home/ps/dof_6_ws/build/ur5/build/lib/ur5/spawn_box_scheduler.py -> /home/ps/dof_6_ws/install/ur5/lib/python3.10/site-packages/ur5
copying /home/ps/dof_6_ws/build/ur5/build/lib/ur5/pick_and_place.py -> /home/ps/dof_6_ws/install/ur5/lib/python3.10/site-packages/ur5
copying /home/ps/dof_6_ws/build/ur5/build/lib/ur5/controller_gz.py -> /home/ps/dof_6_ws/install/ur5/lib/python3.10/site-packages/ur5
copying /home/ps/dof_6_ws/build/ur5/build/lib/ur5/controller_ik.py -> /home/ps/dof_6_ws/install/ur5/lib/python3.10/site-packages/ur5
copying /home/ps/dof_6_ws/build/ur5/build/lib/ur5/tmp.py -> /home/ps/dof_6_ws/install/ur5/lib/python3.10/site-packages/ur5
byte-compiling /home/ps/dof_6_ws/install/ur5/lib/python3.10/site-packages/ur5/proximity.py to proximity.cpython-310.pyc
byte-compiling /home/ps/dof_6_ws/install/ur5/lib/python3.10/site-packages/ur5/controller_rviz_ik.py to controller_rviz_ik.cpython-310.pyc
byte-compiling /home/ps/dof_6_ws/install/ur5/lib/python3.10/site-packages/ur5/seq.py to seq.cpython-310.pyc
byte-compiling /home/ps/dof_6_ws/install/ur5/lib/python3.10/site-packages/ur5/controller_rviz.py to controller_rviz.cpython-310.pyc
byte-compiling /home/ps/dof_6_ws/install/ur5/lib/python3.10/site-packages/ur5/pick_place.py to pick_place.cpython-310.pyc
byte-compiling /home/ps/dof_6_ws/install/ur5/lib/python3.10/site-packages/ur5/capture_image.py to capture_image.cpython-310.pyc
byte-compiling /home/ps/dof_6_ws/install/ur5/lib/python3.10/site-packages/ur5/controller_fk.py to controller_fk.cpython-310.pyc
byte-compiling /home/ps/dof_6_ws/install/ur5/lib/python3.10/site-packages/ur5/vacuum_gripper_controller.py to vacuum_gripper_controller.cpython-310.pyc
byte-compiling /home/ps/dof_6_ws/install/ur5/lib/python3.10/site-packages/ur5/pose_publisher.py to pose_publisher.cpython-310.pyc
byte-compiling /home/ps/dof_6_ws/install/ur5/lib/python3.10/site-packages/ur5/__init__.py to __init__.cpython-310.pyc
byte-compiling /home/ps/dof_6_ws/install/ur5/lib/python3.10/site-packages/ur5/spawn_box_scheduler.py to spawn_box_scheduler.cpython-310.pyc
byte-compiling /home/ps/dof_6_ws/install/ur5/lib/python3.10/site-packages/ur5/pick_and_place.py to pick_and_place.cpython-310.pyc
byte-compiling /home/ps/dof_6_ws/install/ur5/lib/python3.10/site-packages/ur5/controller_gz.py to controller_gz.cpython-310.pyc
byte-compiling /home/ps/dof_6_ws/install/ur5/lib/python3.10/site-packages/ur5/controller_ik.py to controller_ik.cpython-310.pyc
byte-compiling /home/ps/dof_6_ws/install/ur5/lib/python3.10/site-packages/ur5/tmp.py to tmp.cpython-310.pyc
running install_data
creating /home/ps/dof_6_ws/install/ur5/share/ament_index
creating /home/ps/dof_6_ws/install/ur5/share/ament_index/resource_index
creating /home/ps/dof_6_ws/install/ur5/share/ament_index/resource_index/packages
copying resource/ur5 -> /home/ps/dof_6_ws/install/ur5/share/ament_index/resource_index/packages
copying package.xml -> /home/ps/dof_6_ws/install/ur5/share/ur5
copying launch/ur5_world.launch.py -> /home/ps/dof_6_ws/install/ur5/share/ur5
copying launch/ur5_gazebo.launch.py -> /home/ps/dof_6_ws/install/ur5/share/ur5
copying launch/ur5_control.launch.py -> /home/ps/dof_6_ws/install/ur5/share/ur5
copying launch/ur5_rviz.launch.py -> /home/ps/dof_6_ws/install/ur5/share/ur5
copying urdf/ur5_rviz_bot_clean.urdf -> /home/ps/dof_6_ws/install/ur5/share/ur5
copying urdf/ur5_rviz_bot.urdf -> /home/ps/dof_6_ws/install/ur5/share/ur5
copying urdf/ur5_grip.urdf -> /home/ps/dof_6_ws/install/ur5/share/ur5
copying config/ur5_control.yaml -> /home/ps/dof_6_ws/install/ur5/share/ur5
copying meshes/wrist_3_link.STL -> /home/ps/dof_6_ws/install/ur5/share/ur5
copying meshes/upper_arm_link.STL -> /home/ps/dof_6_ws/install/ur5/share/ur5
copying meshes/base_link.STL -> /home/ps/dof_6_ws/install/ur5/share/ur5
copying meshes/forearm_link.STL -> /home/ps/dof_6_ws/install/ur5/share/ur5
copying meshes/wrist_2_link.STL -> /home/ps/dof_6_ws/install/ur5/share/ur5
copying meshes/wrist_1_link.STL -> /home/ps/dof_6_ws/install/ur5/share/ur5
copying meshes/shoulder_link.STL -> /home/ps/dof_6_ws/install/ur5/share/ur5
running install_egg_info
Copying ../../build/ur5/ur5.egg-info to /home/ps/dof_6_ws/install/ur5/lib/python3.10/site-packages/ur5-0.0.0-py3.10.egg-info
running install_scripts
Installing cap script to /home/ps/dof_6_ws/install/ur5/lib/ur5
Installing grip script to /home/ps/dof_6_ws/install/ur5/lib/ur5
Installing gz script to /home/ps/dof_6_ws/install/ur5/lib/ur5
Installing gz_ik script to /home/ps/dof_6_ws/install/ur5/lib/ur5
Installing pnp script to /home/ps/dof_6_ws/install/ur5/lib/ur5
Installing pose script to /home/ps/dof_6_ws/install/ur5/lib/ur5
Installing prox script to /home/ps/dof_6_ws/install/ur5/lib/ur5
Installing rviz script to /home/ps/dof_6_ws/install/ur5/lib/ur5
Installing rviz_ik script to /home/ps/dof_6_ws/install/ur5/lib/ur5
Installing scheduler script to /home/ps/dof_6_ws/install/ur5/lib/ur5
writing list of installed files to '/home/ps/dof_6_ws/build/ur5/install.log'
