[0.153s] Invoking command in '/home/ps/dof_6_ws/build/conveyorbelt_gazebo': CMAKE_PREFIX_PATH=/opt/ros/humble /usr/bin/cmake /home/ps/dof_6_ws/src/conveyorbelt_gazebo -DCMAKE_INSTALL_PREFIX=/home/ps/dof_6_ws/install/conveyorbelt_gazebo
[0.186s] -- The C compiler identification is GNU 11.4.0
[0.228s] -- The CXX compiler identification is GNU 11.4.0
[0.233s] -- Detecting C compiler ABI info
[0.287s] -- Detecting C compiler ABI info - done
[0.291s] -- Check for working C compiler: /usr/bin/cc - skipped
[0.291s] -- Detecting C compile features
[0.291s] -- Detecting C compile features - done
[0.293s] -- Detecting CXX compiler ABI info
[0.350s] -- Detecting CXX compiler ABI info - done
[0.356s] -- Check for working CXX compiler: /usr/bin/c++ - skipped
[0.356s] -- Detecting CXX compile features
[0.356s] -- Detecting CXX compile features - done
[0.358s] -- Found ament_cmake: 1.3.10 (/opt/ros/humble/share/ament_cmake/cmake)
[0.460s] -- Found Python3: /usr/bin/python3 (found version "3.10.12") found components: Interpreter 
[0.523s] -- Found ament_lint_auto: 0.12.11 (/opt/ros/humble/share/ament_lint_auto/cmake)
[0.575s] -- Added test 'copyright' to check source files copyright and LICENSE
[0.576s] -- Added test 'flake8' to check Python code syntax and style conventions
[0.576s] -- Added test 'lint_cmake' to check CMake code style
[0.576s] -- Added test 'pep257' to check Python code against some of the docstring style conventions in PEP 257
[0.577s] -- Added test 'xmllint' to check XML markup files
[0.578s] -- Configuring done
[0.579s] -- Generating done
[0.580s] -- Build files have been written to: /home/ps/dof_6_ws/build/conveyorbelt_gazebo
[0.585s] Invoked command in '/home/ps/dof_6_ws/build/conveyorbelt_gazebo' returned '0': CMAKE_PREFIX_PATH=/opt/ros/humble /usr/bin/cmake /home/ps/dof_6_ws/src/conveyorbelt_gazebo -DCMAKE_INSTALL_PREFIX=/home/ps/dof_6_ws/install/conveyorbelt_gazebo
[0.586s] Invoking command in '/home/ps/dof_6_ws/build/conveyorbelt_gazebo': CMAKE_PREFIX_PATH=/opt/ros/humble /usr/bin/cmake --build /home/ps/dof_6_ws/build/conveyorbelt_gazebo -- -j12 -l12
[0.612s] Invoked command in '/home/ps/dof_6_ws/build/conveyorbelt_gazebo' returned '0': CMAKE_PREFIX_PATH=/opt/ros/humble /usr/bin/cmake --build /home/ps/dof_6_ws/build/conveyorbelt_gazebo -- -j12 -l12
[0.634s] Invoking command in '/home/ps/dof_6_ws/build/conveyorbelt_gazebo': CMAKE_PREFIX_PATH=/opt/ros/humble /usr/bin/cmake --install /home/ps/dof_6_ws/build/conveyorbelt_gazebo
[0.640s] -- Install configuration: ""
[0.640s] -- Installing: /home/ps/dof_6_ws/install/conveyorbelt_gazebo/share/conveyorbelt_gazebo/launch
[0.640s] -- Installing: /home/ps/dof_6_ws/install/conveyorbelt_gazebo/share/conveyorbelt_gazebo/launch/conveyorbelt.launch.py
[0.640s] -- Installing: /home/ps/dof_6_ws/install/conveyorbelt_gazebo/share/conveyorbelt_gazebo/models
[0.640s] -- Installing: /home/ps/dof_6_ws/install/conveyorbelt_gazebo/share/conveyorbelt_gazebo/models/conveyor_belt
[0.640s] -- Installing: /home/ps/dof_6_ws/install/conveyorbelt_gazebo/share/conveyorbelt_gazebo/models/conveyor_belt/model.sdf
[0.640s] -- Installing: /home/ps/dof_6_ws/install/conveyorbelt_gazebo/share/conveyorbelt_gazebo/models/conveyor_belt/meshes
[0.640s] -- Installing: /home/ps/dof_6_ws/install/conveyorbelt_gazebo/share/conveyorbelt_gazebo/models/conveyor_belt/meshes/conveyor_belt.stl
[0.641s] -- Installing: /home/ps/dof_6_ws/install/conveyorbelt_gazebo/share/conveyorbelt_gazebo/models/conveyor_belt/meshes/conveyor_belt.dae
[0.642s] -- Installing: /home/ps/dof_6_ws/install/conveyorbelt_gazebo/share/conveyorbelt_gazebo/models/conveyor_belt/model.config
[0.642s] -- Installing: /home/ps/dof_6_ws/install/conveyorbelt_gazebo/share/conveyorbelt_gazebo/worlds
[0.642s] -- Installing: /home/ps/dof_6_ws/install/conveyorbelt_gazebo/share/conveyorbelt_gazebo/worlds/conveyorbelt.world
[0.642s] -- Installing: /home/ps/dof_6_ws/install/conveyorbelt_gazebo/share/conveyorbelt_gazebo/urdf
[0.642s] -- Installing: /home/ps/dof_6_ws/install/conveyorbelt_gazebo/share/conveyorbelt_gazebo/urdf/box_2.urdf
[0.642s] -- Installing: /home/ps/dof_6_ws/install/conveyorbelt_gazebo/share/conveyorbelt_gazebo/urdf/box_3.urdf
[0.642s] -- Installing: /home/ps/dof_6_ws/install/conveyorbelt_gazebo/share/conveyorbelt_gazebo/urdf/box_4.urdf
[0.642s] -- Installing: /home/ps/dof_6_ws/install/conveyorbelt_gazebo/share/conveyorbelt_gazebo/urdf/box_1.urdf
[0.642s] -- Installing: /home/ps/dof_6_ws/install/conveyorbelt_gazebo/share/ament_index/resource_index/package_run_dependencies/conveyorbelt_gazebo
[0.642s] -- Installing: /home/ps/dof_6_ws/install/conveyorbelt_gazebo/share/ament_index/resource_index/parent_prefix_path/conveyorbelt_gazebo
[0.643s] -- Installing: /home/ps/dof_6_ws/install/conveyorbelt_gazebo/share/conveyorbelt_gazebo/environment/ament_prefix_path.sh
[0.643s] -- Installing: /home/ps/dof_6_ws/install/conveyorbelt_gazebo/share/conveyorbelt_gazebo/environment/ament_prefix_path.dsv
[0.643s] -- Installing: /home/ps/dof_6_ws/install/conveyorbelt_gazebo/share/conveyorbelt_gazebo/environment/path.sh
[0.643s] -- Installing: /home/ps/dof_6_ws/install/conveyorbelt_gazebo/share/conveyorbelt_gazebo/environment/path.dsv
[0.643s] -- Installing: /home/ps/dof_6_ws/install/conveyorbelt_gazebo/share/conveyorbelt_gazebo/local_setup.bash
[0.643s] -- Installing: /home/ps/dof_6_ws/install/conveyorbelt_gazebo/share/conveyorbelt_gazebo/local_setup.sh
[0.643s] -- Installing: /home/ps/dof_6_ws/install/conveyorbelt_gazebo/share/conveyorbelt_gazebo/local_setup.zsh
[0.643s] -- Installing: /home/ps/dof_6_ws/install/conveyorbelt_gazebo/share/conveyorbelt_gazebo/local_setup.dsv
[0.643s] -- Installing: /home/ps/dof_6_ws/install/conveyorbelt_gazebo/share/conveyorbelt_gazebo/package.dsv
[0.643s] -- Installing: /home/ps/dof_6_ws/install/conveyorbelt_gazebo/share/ament_index/resource_index/packages/conveyorbelt_gazebo
[0.643s] -- Installing: /home/ps/dof_6_ws/install/conveyorbelt_gazebo/share/conveyorbelt_gazebo/cmake/conveyorbelt_gazeboConfig.cmake
[0.643s] -- Installing: /home/ps/dof_6_ws/install/conveyorbelt_gazebo/share/conveyorbelt_gazebo/cmake/conveyorbelt_gazeboConfig-version.cmake
[0.643s] -- Installing: /home/ps/dof_6_ws/install/conveyorbelt_gazebo/share/conveyorbelt_gazebo/package.xml
[0.645s] Invoked command in '/home/ps/dof_6_ws/build/conveyorbelt_gazebo' returned '0': CMAKE_PREFIX_PATH=/opt/ros/humble /usr/bin/cmake --install /home/ps/dof_6_ws/build/conveyorbelt_gazebo
