[0.005s] Invoking command in '/home/ps/dof_6_ws/build/moveit': AMENT_PREFIX_PATH=/home/ps/dof_6_ws/install/ur5:${AMENT_PREFIX_PATH} CMAKE_PREFIX_PATH=/opt/ros/humble PYTHONPATH=/home/ps/dof_6_ws/install/ur5/lib/python3.10/site-packages:${PYTHONPATH} /usr/bin/cmake /home/ps/dof_6_ws/src/moveit -DCMAKE_INSTALL_PREFIX=/home/ps/dof_6_ws/install/moveit
[0.043s] -- The C compiler identification is GNU 11.4.0
[0.081s] -- The CXX compiler identification is GNU 11.4.0
[0.087s] -- Detecting C compiler ABI info
[0.138s] -- Detecting C compiler ABI info - done
[0.142s] -- Check for working C compiler: /usr/bin/cc - skipped
[0.142s] -- Detecting C compile features
[0.143s] -- Detecting C compile features - done
[0.144s] -- Detecting CXX compiler ABI info
[0.201s] -- Detecting CXX compiler ABI info - done
[0.209s] -- Check for working CXX compiler: /usr/bin/c++ - skipped
[0.209s] -- Detecting CXX compile features
[0.209s] -- Detecting CXX compile features - done
[0.212s] -- Found ament_cmake: 1.3.10 (/opt/ros/humble/share/ament_cmake/cmake)
[0.320s] -- Found Python3: /usr/bin/python3 (found version "3.10.12") found components: Interpreter 
[0.415s] -- Configuring done
[0.416s] -- Generating done
[0.417s] -- Build files have been written to: /home/ps/dof_6_ws/build/moveit
[0.421s] Invoked command in '/home/ps/dof_6_ws/build/moveit' returned '0': AMENT_PREFIX_PATH=/home/ps/dof_6_ws/install/ur5:${AMENT_PREFIX_PATH} CMAKE_PREFIX_PATH=/opt/ros/humble PYTHONPATH=/home/ps/dof_6_ws/install/ur5/lib/python3.10/site-packages:${PYTHONPATH} /usr/bin/cmake /home/ps/dof_6_ws/src/moveit -DCMAKE_INSTALL_PREFIX=/home/ps/dof_6_ws/install/moveit
[0.421s] Invoking command in '/home/ps/dof_6_ws/build/moveit': AMENT_PREFIX_PATH=/home/ps/dof_6_ws/install/ur5:${AMENT_PREFIX_PATH} CMAKE_PREFIX_PATH=/opt/ros/humble PYTHONPATH=/home/ps/dof_6_ws/install/ur5/lib/python3.10/site-packages:${PYTHONPATH} /usr/bin/cmake --build /home/ps/dof_6_ws/build/moveit -- -j12 -l12
[0.451s] Invoked command in '/home/ps/dof_6_ws/build/moveit' returned '0': AMENT_PREFIX_PATH=/home/ps/dof_6_ws/install/ur5:${AMENT_PREFIX_PATH} CMAKE_PREFIX_PATH=/opt/ros/humble PYTHONPATH=/home/ps/dof_6_ws/install/ur5/lib/python3.10/site-packages:${PYTHONPATH} /usr/bin/cmake --build /home/ps/dof_6_ws/build/moveit -- -j12 -l12
[0.468s] Invoking command in '/home/ps/dof_6_ws/build/moveit': AMENT_PREFIX_PATH=/home/ps/dof_6_ws/install/ur5:${AMENT_PREFIX_PATH} CMAKE_PREFIX_PATH=/opt/ros/humble PYTHONPATH=/home/ps/dof_6_ws/install/ur5/lib/python3.10/site-packages:${PYTHONPATH} /usr/bin/cmake --install /home/ps/dof_6_ws/build/moveit
[0.475s] -- Install configuration: ""
[0.475s] -- Installing: /home/ps/dof_6_ws/install/moveit/share/ament_index/resource_index/package_run_dependencies/moveit
[0.476s] -- Installing: /home/ps/dof_6_ws/install/moveit/share/ament_index/resource_index/parent_prefix_path/moveit
[0.476s] -- Installing: /home/ps/dof_6_ws/install/moveit/share/moveit/environment/ament_prefix_path.sh
[0.476s] -- Installing: /home/ps/dof_6_ws/install/moveit/share/moveit/environment/ament_prefix_path.dsv
[0.476s] -- Installing: /home/ps/dof_6_ws/install/moveit/share/moveit/environment/path.sh
[0.476s] -- Installing: /home/ps/dof_6_ws/install/moveit/share/moveit/environment/path.dsv
[0.476s] -- Installing: /home/ps/dof_6_ws/install/moveit/share/moveit/local_setup.bash
[0.476s] -- Installing: /home/ps/dof_6_ws/install/moveit/share/moveit/local_setup.sh
[0.477s] -- Installing: /home/ps/dof_6_ws/install/moveit/share/moveit/local_setup.zsh
[0.477s] -- Installing: /home/ps/dof_6_ws/install/moveit/share/moveit/local_setup.dsv
[0.477s] -- Installing: /home/ps/dof_6_ws/install/moveit/share/moveit/package.dsv
[0.477s] -- Installing: /home/ps/dof_6_ws/install/moveit/share/ament_index/resource_index/packages/moveit
[0.477s] -- Installing: /home/ps/dof_6_ws/install/moveit/share/moveit/cmake/moveitConfig.cmake
[0.477s] -- Installing: /home/ps/dof_6_ws/install/moveit/share/moveit/cmake/moveitConfig-version.cmake
[0.477s] -- Installing: /home/ps/dof_6_ws/install/moveit/share/moveit/package.xml
[0.477s] -- Installing: /home/ps/dof_6_ws/install/moveit/share/moveit/launch
[0.477s] -- Installing: /home/ps/dof_6_ws/install/moveit/share/moveit/launch/moveit_rviz.launch.py
[0.478s] -- Installing: /home/ps/dof_6_ws/install/moveit/share/moveit/launch/demo.launch.py
[0.478s] -- Installing: /home/ps/dof_6_ws/install/moveit/share/moveit/launch/static_virtual_joint_tfs.launch.py
[0.478s] -- Installing: /home/ps/dof_6_ws/install/moveit/share/moveit/launch/setup_assistant.launch.py
[0.478s] -- Installing: /home/ps/dof_6_ws/install/moveit/share/moveit/launch/spawn_controllers.launch.py
[0.478s] -- Installing: /home/ps/dof_6_ws/install/moveit/share/moveit/launch/rsp.launch.py
[0.478s] -- Installing: /home/ps/dof_6_ws/install/moveit/share/moveit/launch/move_group.launch.py
[0.478s] -- Installing: /home/ps/dof_6_ws/install/moveit/share/moveit/config
[0.478s] -- Installing: /home/ps/dof_6_ws/install/moveit/share/moveit/config/kinematics.yaml
[0.478s] -- Installing: /home/ps/dof_6_ws/install/moveit/share/moveit/config/ur5.ros2_control.xacro
[0.478s] -- Installing: /home/ps/dof_6_ws/install/moveit/share/moveit/config/moveit.rviz
[0.478s] -- Installing: /home/ps/dof_6_ws/install/moveit/share/moveit/config/ros2_controllers.yaml
[0.478s] -- Installing: /home/ps/dof_6_ws/install/moveit/share/moveit/config/joint_limits.yaml
[0.479s] -- Installing: /home/ps/dof_6_ws/install/moveit/share/moveit/config/moveit_controllers.yaml
[0.479s] -- Installing: /home/ps/dof_6_ws/install/moveit/share/moveit/config/pilz_cartesian_limits.yaml
[0.479s] -- Installing: /home/ps/dof_6_ws/install/moveit/share/moveit/config/ur5.urdf.xacro
[0.479s] -- Installing: /home/ps/dof_6_ws/install/moveit/share/moveit/config/ur5.srdf
[0.479s] -- Installing: /home/ps/dof_6_ws/install/moveit/share/moveit/config/initial_positions.yaml
[0.479s] -- Installing: /home/ps/dof_6_ws/install/moveit/share/moveit/.setup_assistant
[0.481s] Invoked command in '/home/ps/dof_6_ws/build/moveit' returned '0': AMENT_PREFIX_PATH=/home/ps/dof_6_ws/install/ur5:${AMENT_PREFIX_PATH} CMAKE_PREFIX_PATH=/opt/ros/humble PYTHONPATH=/home/ps/dof_6_ws/install/ur5/lib/python3.10/site-packages:${PYTHONPATH} /usr/bin/cmake --install /home/ps/dof_6_ws/build/moveit
