[ 10%] Built target conveyorbelt_msgs__rosidl_generator_c
[ 12%] Built target conveyorbelt_msgs__cpp
[ 12%] Built target ament_cmake_python_copy_conveyorbelt_msgs
[ 23%] Built target conveyorbelt_msgs__rosidl_typesupport_c
[ 33%] Built target conveyorbelt_msgs__rosidl_typesupport_fastrtps_c
[ 43%] Built target conveyorbelt_msgs__rosidl_typesupport_introspection_c
[ 53%] Built target conveyorbelt_msgs__rosidl_typesupport_cpp
[ 64%] Built target conveyorbelt_msgs__rosidl_typesupport_fastrtps_cpp
[ 74%] Built target conveyorbelt_msgs__rosidl_typesupport_introspection_cpp
[ 74%] Built target conveyorbelt_msgs
[ 76%] Built target conveyorbelt_msgs__py
[ 84%] Built target conveyorbelt_msgs__rosidl_generator_py
[ 89%] Built target conveyorbelt_msgs__rosidl_typesupport_introspection_c__pyext
[ 94%] Built target conveyorbelt_msgs__rosidl_typesupport_fastrtps_c__pyext
[100%] Built target conveyorbelt_msgs__rosidl_typesupport_c__pyext
running egg_info
writing conveyorbelt_msgs.egg-info/PKG-INFO
writing dependency_links to conveyorbelt_msgs.egg-info/dependency_links.txt
writing top-level names to conveyorbelt_msgs.egg-info/top_level.txt
reading manifest file 'conveyorbelt_msgs.egg-info/SOURCES.txt'
writing manifest file 'conveyorbelt_msgs.egg-info/SOURCES.txt'
[100%] Built target ament_cmake_python_build_conveyorbelt_msgs_egg
-- Install configuration: ""
-- Up-to-date: /home/ps/dof_6_ws/install/conveyorbelt_msgs/share/conveyorbelt_msgs/msg
-- Up-to-date: /home/ps/dof_6_ws/install/conveyorbelt_msgs/share/conveyorbelt_msgs/msg/ConveyorBeltState.msg
-- Up-to-date: /home/ps/dof_6_ws/install/conveyorbelt_msgs/share/conveyorbelt_msgs/srv
-- Up-to-date: /home/ps/dof_6_ws/install/conveyorbelt_msgs/share/conveyorbelt_msgs/srv/ConveyorBeltControl.srv
-- Up-to-date: /home/ps/dof_6_ws/install/conveyorbelt_msgs/share/ament_index/resource_index/rosidl_interfaces/conveyorbelt_msgs
-- Up-to-date: /home/ps/dof_6_ws/install/conveyorbelt_msgs/include/conveyorbelt_msgs/conveyorbelt_msgs
-- Up-to-date: /home/ps/dof_6_ws/install/conveyorbelt_msgs/include/conveyorbelt_msgs/conveyorbelt_msgs/srv
-- Up-to-date: /home/ps/dof_6_ws/install/conveyorbelt_msgs/include/conveyorbelt_msgs/conveyorbelt_msgs/srv/conveyor_belt_control.h
-- Up-to-date: /home/ps/dof_6_ws/install/conveyorbelt_msgs/include/conveyorbelt_msgs/conveyorbelt_msgs/srv/detail
-- Up-to-date: /home/ps/dof_6_ws/install/conveyorbelt_msgs/include/conveyorbelt_msgs/conveyorbelt_msgs/srv/detail/conveyor_belt_control__struct.h
-- Up-to-date: /home/ps/dof_6_ws/install/conveyorbelt_msgs/include/conveyorbelt_msgs/conveyorbelt_msgs/srv/detail/conveyor_belt_control__functions.h
-- Up-to-date: /home/ps/dof_6_ws/install/conveyorbelt_msgs/include/conveyorbelt_msgs/conveyorbelt_msgs/srv/detail/conveyor_belt_control__type_support.h
-- Up-to-date: /home/ps/dof_6_ws/install/conveyorbelt_msgs/include/conveyorbelt_msgs/conveyorbelt_msgs/srv/detail/conveyor_belt_control__functions.c
-- Up-to-date: /home/ps/dof_6_ws/install/conveyorbelt_msgs/include/conveyorbelt_msgs/conveyorbelt_msgs/msg
-- Up-to-date: /home/ps/dof_6_ws/install/conveyorbelt_msgs/include/conveyorbelt_msgs/conveyorbelt_msgs/msg/conveyor_belt_state.h
-- Up-to-date: /home/ps/dof_6_ws/install/conveyorbelt_msgs/include/conveyorbelt_msgs/conveyorbelt_msgs/msg/rosidl_generator_c__visibility_control.h
-- Up-to-date: /home/ps/dof_6_ws/install/conveyorbelt_msgs/include/conveyorbelt_msgs/conveyorbelt_msgs/msg/detail
-- Up-to-date: /home/ps/dof_6_ws/install/conveyorbelt_msgs/include/conveyorbelt_msgs/conveyorbelt_msgs/msg/detail/conveyor_belt_state__type_support.h
-- Up-to-date: /home/ps/dof_6_ws/install/conveyorbelt_msgs/include/conveyorbelt_msgs/conveyorbelt_msgs/msg/detail/conveyor_belt_state__functions.h
-- Up-to-date: /home/ps/dof_6_ws/install/conveyorbelt_msgs/include/conveyorbelt_msgs/conveyorbelt_msgs/msg/detail/conveyor_belt_state__functions.c
-- Up-to-date: /home/ps/dof_6_ws/install/conveyorbelt_msgs/include/conveyorbelt_msgs/conveyorbelt_msgs/msg/detail/conveyor_belt_state__struct.h
-- Up-to-date: /home/ps/dof_6_ws/install/conveyorbelt_msgs/share/conveyorbelt_msgs/environment/library_path.sh
-- Up-to-date: /home/ps/dof_6_ws/install/conveyorbelt_msgs/share/conveyorbelt_msgs/environment/library_path.dsv
-- Up-to-date: /home/ps/dof_6_ws/install/conveyorbelt_msgs/lib/libconveyorbelt_msgs__rosidl_generator_c.so
-- Up-to-date: /home/ps/dof_6_ws/install/conveyorbelt_msgs/include/conveyorbelt_msgs/conveyorbelt_msgs
-- Up-to-date: /home/ps/dof_6_ws/install/conveyorbelt_msgs/include/conveyorbelt_msgs/conveyorbelt_msgs/srv
-- Up-to-date: /home/ps/dof_6_ws/install/conveyorbelt_msgs/include/conveyorbelt_msgs/conveyorbelt_msgs/srv/detail
-- Up-to-date: /home/ps/dof_6_ws/install/conveyorbelt_msgs/include/conveyorbelt_msgs/conveyorbelt_msgs/srv/detail/conveyor_belt_control__rosidl_typesupport_fastrtps_c.h
-- Up-to-date: /home/ps/dof_6_ws/install/conveyorbelt_msgs/include/conveyorbelt_msgs/conveyorbelt_msgs/msg
-- Up-to-date: /home/ps/dof_6_ws/install/conveyorbelt_msgs/include/conveyorbelt_msgs/conveyorbelt_msgs/msg/rosidl_typesupport_fastrtps_c__visibility_control.h
-- Up-to-date: /home/ps/dof_6_ws/install/conveyorbelt_msgs/include/conveyorbelt_msgs/conveyorbelt_msgs/msg/detail
-- Up-to-date: /home/ps/dof_6_ws/install/conveyorbelt_msgs/include/conveyorbelt_msgs/conveyorbelt_msgs/msg/detail/conveyor_belt_state__rosidl_typesupport_fastrtps_c.h
-- Up-to-date: /home/ps/dof_6_ws/install/conveyorbelt_msgs/lib/libconveyorbelt_msgs__rosidl_typesupport_fastrtps_c.so
-- Up-to-date: /home/ps/dof_6_ws/install/conveyorbelt_msgs/include/conveyorbelt_msgs/conveyorbelt_msgs
-- Up-to-date: /home/ps/dof_6_ws/install/conveyorbelt_msgs/include/conveyorbelt_msgs/conveyorbelt_msgs/srv
-- Up-to-date: /home/ps/dof_6_ws/install/conveyorbelt_msgs/include/conveyorbelt_msgs/conveyorbelt_msgs/srv/detail
-- Up-to-date: /home/ps/dof_6_ws/install/conveyorbelt_msgs/include/conveyorbelt_msgs/conveyorbelt_msgs/srv/detail/conveyor_belt_control__rosidl_typesupport_introspection_c.h
-- Up-to-date: /home/ps/dof_6_ws/install/conveyorbelt_msgs/include/conveyorbelt_msgs/conveyorbelt_msgs/srv/detail/conveyor_belt_control__type_support.c
-- Up-to-date: /home/ps/dof_6_ws/install/conveyorbelt_msgs/include/conveyorbelt_msgs/conveyorbelt_msgs/msg
-- Up-to-date: /home/ps/dof_6_ws/install/conveyorbelt_msgs/include/conveyorbelt_msgs/conveyorbelt_msgs/msg/rosidl_typesupport_introspection_c__visibility_control.h
-- Up-to-date: /home/ps/dof_6_ws/install/conveyorbelt_msgs/include/conveyorbelt_msgs/conveyorbelt_msgs/msg/detail
-- Up-to-date: /home/ps/dof_6_ws/install/conveyorbelt_msgs/include/conveyorbelt_msgs/conveyorbelt_msgs/msg/detail/conveyor_belt_state__rosidl_typesupport_introspection_c.h
-- Up-to-date: /home/ps/dof_6_ws/install/conveyorbelt_msgs/include/conveyorbelt_msgs/conveyorbelt_msgs/msg/detail/conveyor_belt_state__type_support.c
-- Up-to-date: /home/ps/dof_6_ws/install/conveyorbelt_msgs/lib/libconveyorbelt_msgs__rosidl_typesupport_introspection_c.so
-- Up-to-date: /home/ps/dof_6_ws/install/conveyorbelt_msgs/lib/libconveyorbelt_msgs__rosidl_typesupport_c.so
-- Up-to-date: /home/ps/dof_6_ws/install/conveyorbelt_msgs/include/conveyorbelt_msgs/conveyorbelt_msgs
-- Up-to-date: /home/ps/dof_6_ws/install/conveyorbelt_msgs/include/conveyorbelt_msgs/conveyorbelt_msgs/srv
-- Up-to-date: /home/ps/dof_6_ws/install/conveyorbelt_msgs/include/conveyorbelt_msgs/conveyorbelt_msgs/srv/conveyor_belt_control.hpp
-- Up-to-date: /home/ps/dof_6_ws/install/conveyorbelt_msgs/include/conveyorbelt_msgs/conveyorbelt_msgs/srv/detail
-- Up-to-date: /home/ps/dof_6_ws/install/conveyorbelt_msgs/include/conveyorbelt_msgs/conveyorbelt_msgs/srv/detail/conveyor_belt_control__struct.hpp
-- Up-to-date: /home/ps/dof_6_ws/install/conveyorbelt_msgs/include/conveyorbelt_msgs/conveyorbelt_msgs/srv/detail/conveyor_belt_control__traits.hpp
-- Up-to-date: /home/ps/dof_6_ws/install/conveyorbelt_msgs/include/conveyorbelt_msgs/conveyorbelt_msgs/srv/detail/conveyor_belt_control__builder.hpp
-- Up-to-date: /home/ps/dof_6_ws/install/conveyorbelt_msgs/include/conveyorbelt_msgs/conveyorbelt_msgs/msg
-- Up-to-date: /home/ps/dof_6_ws/install/conveyorbelt_msgs/include/conveyorbelt_msgs/conveyorbelt_msgs/msg/conveyor_belt_state.hpp
-- Up-to-date: /home/ps/dof_6_ws/install/conveyorbelt_msgs/include/conveyorbelt_msgs/conveyorbelt_msgs/msg/detail
-- Up-to-date: /home/ps/dof_6_ws/install/conveyorbelt_msgs/include/conveyorbelt_msgs/conveyorbelt_msgs/msg/detail/conveyor_belt_state__traits.hpp
-- Up-to-date: /home/ps/dof_6_ws/install/conveyorbelt_msgs/include/conveyorbelt_msgs/conveyorbelt_msgs/msg/detail/conveyor_belt_state__builder.hpp
-- Up-to-date: /home/ps/dof_6_ws/install/conveyorbelt_msgs/include/conveyorbelt_msgs/conveyorbelt_msgs/msg/detail/conveyor_belt_state__struct.hpp
-- Up-to-date: /home/ps/dof_6_ws/install/conveyorbelt_msgs/include/conveyorbelt_msgs/conveyorbelt_msgs
-- Up-to-date: /home/ps/dof_6_ws/install/conveyorbelt_msgs/include/conveyorbelt_msgs/conveyorbelt_msgs/srv
-- Up-to-date: /home/ps/dof_6_ws/install/conveyorbelt_msgs/include/conveyorbelt_msgs/conveyorbelt_msgs/srv/detail
-- Up-to-date: /home/ps/dof_6_ws/install/conveyorbelt_msgs/include/conveyorbelt_msgs/conveyorbelt_msgs/srv/detail/conveyor_belt_control__rosidl_typesupport_fastrtps_cpp.hpp
-- Up-to-date: /home/ps/dof_6_ws/install/conveyorbelt_msgs/include/conveyorbelt_msgs/conveyorbelt_msgs/srv/detail/dds_fastrtps
-- Up-to-date: /home/ps/dof_6_ws/install/conveyorbelt_msgs/include/conveyorbelt_msgs/conveyorbelt_msgs/msg
-- Up-to-date: /home/ps/dof_6_ws/install/conveyorbelt_msgs/include/conveyorbelt_msgs/conveyorbelt_msgs/msg/rosidl_typesupport_fastrtps_cpp__visibility_control.h
-- Up-to-date: /home/ps/dof_6_ws/install/conveyorbelt_msgs/include/conveyorbelt_msgs/conveyorbelt_msgs/msg/detail
-- Up-to-date: /home/ps/dof_6_ws/install/conveyorbelt_msgs/include/conveyorbelt_msgs/conveyorbelt_msgs/msg/detail/conveyor_belt_state__rosidl_typesupport_fastrtps_cpp.hpp
-- Up-to-date: /home/ps/dof_6_ws/install/conveyorbelt_msgs/include/conveyorbelt_msgs/conveyorbelt_msgs/msg/detail/dds_fastrtps
-- Up-to-date: /home/ps/dof_6_ws/install/conveyorbelt_msgs/lib/libconveyorbelt_msgs__rosidl_typesupport_fastrtps_cpp.so
-- Up-to-date: /home/ps/dof_6_ws/install/conveyorbelt_msgs/include/conveyorbelt_msgs/conveyorbelt_msgs
-- Up-to-date: /home/ps/dof_6_ws/install/conveyorbelt_msgs/include/conveyorbelt_msgs/conveyorbelt_msgs/srv
-- Up-to-date: /home/ps/dof_6_ws/install/conveyorbelt_msgs/include/conveyorbelt_msgs/conveyorbelt_msgs/srv/detail
-- Up-to-date: /home/ps/dof_6_ws/install/conveyorbelt_msgs/include/conveyorbelt_msgs/conveyorbelt_msgs/srv/detail/conveyor_belt_control__type_support.cpp
-- Up-to-date: /home/ps/dof_6_ws/install/conveyorbelt_msgs/include/conveyorbelt_msgs/conveyorbelt_msgs/srv/detail/conveyor_belt_control__rosidl_typesupport_introspection_cpp.hpp
-- Up-to-date: /home/ps/dof_6_ws/install/conveyorbelt_msgs/include/conveyorbelt_msgs/conveyorbelt_msgs/msg
-- Up-to-date: /home/ps/dof_6_ws/install/conveyorbelt_msgs/include/conveyorbelt_msgs/conveyorbelt_msgs/msg/detail
-- Up-to-date: /home/ps/dof_6_ws/install/conveyorbelt_msgs/include/conveyorbelt_msgs/conveyorbelt_msgs/msg/detail/conveyor_belt_state__rosidl_typesupport_introspection_cpp.hpp
-- Up-to-date: /home/ps/dof_6_ws/install/conveyorbelt_msgs/include/conveyorbelt_msgs/conveyorbelt_msgs/msg/detail/conveyor_belt_state__type_support.cpp
-- Up-to-date: /home/ps/dof_6_ws/install/conveyorbelt_msgs/lib/libconveyorbelt_msgs__rosidl_typesupport_introspection_cpp.so
-- Up-to-date: /home/ps/dof_6_ws/install/conveyorbelt_msgs/lib/libconveyorbelt_msgs__rosidl_typesupport_cpp.so
-- Up-to-date: /home/ps/dof_6_ws/install/conveyorbelt_msgs/share/conveyorbelt_msgs/environment/pythonpath.sh
-- Up-to-date: /home/ps/dof_6_ws/install/conveyorbelt_msgs/share/conveyorbelt_msgs/environment/pythonpath.dsv
-- Up-to-date: /home/ps/dof_6_ws/install/conveyorbelt_msgs/local/lib/python3.10/dist-packages/conveyorbelt_msgs-0.0.0-py3.10.egg-info
-- Installing: /home/ps/dof_6_ws/install/conveyorbelt_msgs/local/lib/python3.10/dist-packages/conveyorbelt_msgs-0.0.0-py3.10.egg-info/SOURCES.txt
-- Installing: /home/ps/dof_6_ws/install/conveyorbelt_msgs/local/lib/python3.10/dist-packages/conveyorbelt_msgs-0.0.0-py3.10.egg-info/dependency_links.txt
-- Installing: /home/ps/dof_6_ws/install/conveyorbelt_msgs/local/lib/python3.10/dist-packages/conveyorbelt_msgs-0.0.0-py3.10.egg-info/PKG-INFO
-- Installing: /home/ps/dof_6_ws/install/conveyorbelt_msgs/local/lib/python3.10/dist-packages/conveyorbelt_msgs-0.0.0-py3.10.egg-info/top_level.txt
-- Up-to-date: /home/ps/dof_6_ws/install/conveyorbelt_msgs/local/lib/python3.10/dist-packages/conveyorbelt_msgs
-- Up-to-date: /home/ps/dof_6_ws/install/conveyorbelt_msgs/local/lib/python3.10/dist-packages/conveyorbelt_msgs/libconveyorbelt_msgs__rosidl_generator_py.so
-- Up-to-date: /home/ps/dof_6_ws/install/conveyorbelt_msgs/local/lib/python3.10/dist-packages/conveyorbelt_msgs/srv
-- Up-to-date: /home/ps/dof_6_ws/install/conveyorbelt_msgs/local/lib/python3.10/dist-packages/conveyorbelt_msgs/srv/_conveyor_belt_control_s.c
-- Up-to-date: /home/ps/dof_6_ws/install/conveyorbelt_msgs/local/lib/python3.10/dist-packages/conveyorbelt_msgs/srv/__init__.py
-- Up-to-date: /home/ps/dof_6_ws/install/conveyorbelt_msgs/local/lib/python3.10/dist-packages/conveyorbelt_msgs/srv/_conveyor_belt_control.py
-- Up-to-date: /home/ps/dof_6_ws/install/conveyorbelt_msgs/local/lib/python3.10/dist-packages/conveyorbelt_msgs/msg
-- Up-to-date: /home/ps/dof_6_ws/install/conveyorbelt_msgs/local/lib/python3.10/dist-packages/conveyorbelt_msgs/msg/_conveyor_belt_state_s.c
-- Up-to-date: /home/ps/dof_6_ws/install/conveyorbelt_msgs/local/lib/python3.10/dist-packages/conveyorbelt_msgs/msg/_conveyor_belt_state.py
-- Up-to-date: /home/ps/dof_6_ws/install/conveyorbelt_msgs/local/lib/python3.10/dist-packages/conveyorbelt_msgs/msg/__init__.py
-- Up-to-date: /home/ps/dof_6_ws/install/conveyorbelt_msgs/local/lib/python3.10/dist-packages/conveyorbelt_msgs/conveyorbelt_msgs_s__rosidl_typesupport_fastrtps_c.cpython-310-x86_64-linux-gnu.so
-- Up-to-date: /home/ps/dof_6_ws/install/conveyorbelt_msgs/local/lib/python3.10/dist-packages/conveyorbelt_msgs/_conveyorbelt_msgs_s.ep.rosidl_typesupport_introspection_c.c
-- Up-to-date: /home/ps/dof_6_ws/install/conveyorbelt_msgs/local/lib/python3.10/dist-packages/conveyorbelt_msgs/_conveyorbelt_msgs_s.ep.rosidl_typesupport_c.c
-- Up-to-date: /home/ps/dof_6_ws/install/conveyorbelt_msgs/local/lib/python3.10/dist-packages/conveyorbelt_msgs/_conveyorbelt_msgs_s.ep.rosidl_typesupport_fastrtps_c.c
-- Up-to-date: /home/ps/dof_6_ws/install/conveyorbelt_msgs/local/lib/python3.10/dist-packages/conveyorbelt_msgs/conveyorbelt_msgs_s__rosidl_typesupport_introspection_c.cpython-310-x86_64-linux-gnu.so
-- Up-to-date: /home/ps/dof_6_ws/install/conveyorbelt_msgs/local/lib/python3.10/dist-packages/conveyorbelt_msgs/__init__.py
-- Up-to-date: /home/ps/dof_6_ws/install/conveyorbelt_msgs/local/lib/python3.10/dist-packages/conveyorbelt_msgs/conveyorbelt_msgs_s__rosidl_typesupport_c.cpython-310-x86_64-linux-gnu.so
Listing '/home/ps/dof_6_ws/install/conveyorbelt_msgs/local/lib/python3.10/dist-packages/conveyorbelt_msgs'...
Listing '/home/ps/dof_6_ws/install/conveyorbelt_msgs/local/lib/python3.10/dist-packages/conveyorbelt_msgs/msg'...
Listing '/home/ps/dof_6_ws/install/conveyorbelt_msgs/local/lib/python3.10/dist-packages/conveyorbelt_msgs/srv'...
-- Up-to-date: /home/ps/dof_6_ws/install/conveyorbelt_msgs/local/lib/python3.10/dist-packages/conveyorbelt_msgs/conveyorbelt_msgs_s__rosidl_typesupport_fastrtps_c.cpython-310-x86_64-linux-gnu.so
-- Up-to-date: /home/ps/dof_6_ws/install/conveyorbelt_msgs/local/lib/python3.10/dist-packages/conveyorbelt_msgs/conveyorbelt_msgs_s__rosidl_typesupport_introspection_c.cpython-310-x86_64-linux-gnu.so
-- Up-to-date: /home/ps/dof_6_ws/install/conveyorbelt_msgs/local/lib/python3.10/dist-packages/conveyorbelt_msgs/conveyorbelt_msgs_s__rosidl_typesupport_c.cpython-310-x86_64-linux-gnu.so
-- Up-to-date: /home/ps/dof_6_ws/install/conveyorbelt_msgs/lib/libconveyorbelt_msgs__rosidl_generator_py.so
-- Up-to-date: /home/ps/dof_6_ws/install/conveyorbelt_msgs/share/conveyorbelt_msgs/msg/ConveyorBeltState.idl
-- Up-to-date: /home/ps/dof_6_ws/install/conveyorbelt_msgs/share/conveyorbelt_msgs/srv/ConveyorBeltControl.idl
-- Up-to-date: /home/ps/dof_6_ws/install/conveyorbelt_msgs/share/conveyorbelt_msgs/msg/ConveyorBeltState.msg
-- Up-to-date: /home/ps/dof_6_ws/install/conveyorbelt_msgs/share/conveyorbelt_msgs/srv/ConveyorBeltControl.srv
-- Up-to-date: /home/ps/dof_6_ws/install/conveyorbelt_msgs/share/conveyorbelt_msgs/srv/ConveyorBeltControl_Request.msg
-- Up-to-date: /home/ps/dof_6_ws/install/conveyorbelt_msgs/share/conveyorbelt_msgs/srv/ConveyorBeltControl_Response.msg
-- Up-to-date: /home/ps/dof_6_ws/install/conveyorbelt_msgs/share/ament_index/resource_index/package_run_dependencies/conveyorbelt_msgs
-- Up-to-date: /home/ps/dof_6_ws/install/conveyorbelt_msgs/share/ament_index/resource_index/parent_prefix_path/conveyorbelt_msgs
-- Up-to-date: /home/ps/dof_6_ws/install/conveyorbelt_msgs/share/conveyorbelt_msgs/environment/ament_prefix_path.sh
-- Up-to-date: /home/ps/dof_6_ws/install/conveyorbelt_msgs/share/conveyorbelt_msgs/environment/ament_prefix_path.dsv
-- Up-to-date: /home/ps/dof_6_ws/install/conveyorbelt_msgs/share/conveyorbelt_msgs/environment/path.sh
-- Up-to-date: /home/ps/dof_6_ws/install/conveyorbelt_msgs/share/conveyorbelt_msgs/environment/path.dsv
-- Up-to-date: /home/ps/dof_6_ws/install/conveyorbelt_msgs/share/conveyorbelt_msgs/local_setup.bash
-- Up-to-date: /home/ps/dof_6_ws/install/conveyorbelt_msgs/share/conveyorbelt_msgs/local_setup.sh
-- Up-to-date: /home/ps/dof_6_ws/install/conveyorbelt_msgs/share/conveyorbelt_msgs/local_setup.zsh
-- Up-to-date: /home/ps/dof_6_ws/install/conveyorbelt_msgs/share/conveyorbelt_msgs/local_setup.dsv
-- Installing: /home/ps/dof_6_ws/install/conveyorbelt_msgs/share/conveyorbelt_msgs/package.dsv
-- Up-to-date: /home/ps/dof_6_ws/install/conveyorbelt_msgs/share/ament_index/resource_index/packages/conveyorbelt_msgs
-- Up-to-date: /home/ps/dof_6_ws/install/conveyorbelt_msgs/share/conveyorbelt_msgs/cmake/export_conveyorbelt_msgs__rosidl_generator_cExport.cmake
-- Up-to-date: /home/ps/dof_6_ws/install/conveyorbelt_msgs/share/conveyorbelt_msgs/cmake/export_conveyorbelt_msgs__rosidl_generator_cExport-noconfig.cmake
-- Up-to-date: /home/ps/dof_6_ws/install/conveyorbelt_msgs/share/conveyorbelt_msgs/cmake/export_conveyorbelt_msgs__rosidl_typesupport_fastrtps_cExport.cmake
-- Up-to-date: /home/ps/dof_6_ws/install/conveyorbelt_msgs/share/conveyorbelt_msgs/cmake/export_conveyorbelt_msgs__rosidl_typesupport_fastrtps_cExport-noconfig.cmake
-- Up-to-date: /home/ps/dof_6_ws/install/conveyorbelt_msgs/share/conveyorbelt_msgs/cmake/conveyorbelt_msgs__rosidl_typesupport_introspection_cExport.cmake
-- Up-to-date: /home/ps/dof_6_ws/install/conveyorbelt_msgs/share/conveyorbelt_msgs/cmake/conveyorbelt_msgs__rosidl_typesupport_introspection_cExport-noconfig.cmake
-- Up-to-date: /home/ps/dof_6_ws/install/conveyorbelt_msgs/share/conveyorbelt_msgs/cmake/conveyorbelt_msgs__rosidl_typesupport_cExport.cmake
-- Up-to-date: /home/ps/dof_6_ws/install/conveyorbelt_msgs/share/conveyorbelt_msgs/cmake/conveyorbelt_msgs__rosidl_typesupport_cExport-noconfig.cmake
-- Up-to-date: /home/ps/dof_6_ws/install/conveyorbelt_msgs/share/conveyorbelt_msgs/cmake/export_conveyorbelt_msgs__rosidl_generator_cppExport.cmake
-- Up-to-date: /home/ps/dof_6_ws/install/conveyorbelt_msgs/share/conveyorbelt_msgs/cmake/export_conveyorbelt_msgs__rosidl_typesupport_fastrtps_cppExport.cmake
-- Up-to-date: /home/ps/dof_6_ws/install/conveyorbelt_msgs/share/conveyorbelt_msgs/cmake/export_conveyorbelt_msgs__rosidl_typesupport_fastrtps_cppExport-noconfig.cmake
-- Up-to-date: /home/ps/dof_6_ws/install/conveyorbelt_msgs/share/conveyorbelt_msgs/cmake/conveyorbelt_msgs__rosidl_typesupport_introspection_cppExport.cmake
-- Up-to-date: /home/ps/dof_6_ws/install/conveyorbelt_msgs/share/conveyorbelt_msgs/cmake/conveyorbelt_msgs__rosidl_typesupport_introspection_cppExport-noconfig.cmake
-- Up-to-date: /home/ps/dof_6_ws/install/conveyorbelt_msgs/share/conveyorbelt_msgs/cmake/conveyorbelt_msgs__rosidl_typesupport_cppExport.cmake
-- Up-to-date: /home/ps/dof_6_ws/install/conveyorbelt_msgs/share/conveyorbelt_msgs/cmake/conveyorbelt_msgs__rosidl_typesupport_cppExport-noconfig.cmake
-- Up-to-date: /home/ps/dof_6_ws/install/conveyorbelt_msgs/share/conveyorbelt_msgs/cmake/export_conveyorbelt_msgs__rosidl_generator_pyExport.cmake
-- Up-to-date: /home/ps/dof_6_ws/install/conveyorbelt_msgs/share/conveyorbelt_msgs/cmake/export_conveyorbelt_msgs__rosidl_generator_pyExport-noconfig.cmake
-- Up-to-date: /home/ps/dof_6_ws/install/conveyorbelt_msgs/share/conveyorbelt_msgs/cmake/rosidl_cmake-extras.cmake
-- Up-to-date: /home/ps/dof_6_ws/install/conveyorbelt_msgs/share/conveyorbelt_msgs/cmake/ament_cmake_export_include_directories-extras.cmake
-- Up-to-date: /home/ps/dof_6_ws/install/conveyorbelt_msgs/share/conveyorbelt_msgs/cmake/ament_cmake_export_libraries-extras.cmake
-- Up-to-date: /home/ps/dof_6_ws/install/conveyorbelt_msgs/share/conveyorbelt_msgs/cmake/ament_cmake_export_targets-extras.cmake
-- Up-to-date: /home/ps/dof_6_ws/install/conveyorbelt_msgs/share/conveyorbelt_msgs/cmake/rosidl_cmake_export_typesupport_targets-extras.cmake
-- Up-to-date: /home/ps/dof_6_ws/install/conveyorbelt_msgs/share/conveyorbelt_msgs/cmake/ament_cmake_export_dependencies-extras.cmake
-- Up-to-date: /home/ps/dof_6_ws/install/conveyorbelt_msgs/share/conveyorbelt_msgs/cmake/rosidl_cmake_export_typesupport_libraries-extras.cmake
-- Up-to-date: /home/ps/dof_6_ws/install/conveyorbelt_msgs/share/conveyorbelt_msgs/cmake/conveyorbelt_msgsConfig.cmake
-- Up-to-date: /home/ps/dof_6_ws/install/conveyorbelt_msgs/share/conveyorbelt_msgs/cmake/conveyorbelt_msgsConfig-version.cmake
-- Up-to-date: /home/ps/dof_6_ws/install/conveyorbelt_msgs/share/conveyorbelt_msgs/package.xml
