[0.008s] Invoking command in '/home/ps/dof_6_ws/build/ros2_conveyorbelt': CMAKE_PREFIX_PATH=/home/ps/dof_6_ws/install/conveyorbelt_msgs:/home/ps/RoboticsLab-6DOF-master/install/moveit:/home/ps/RoboticsLab-6DOF-master/install/ur5:/home/ps/RoboticsLab-6DOF-master/install/ros2_conveyorbelt:/home/ps/RoboticsLab-6DOF-master/install/conveyorbelt_msgs:/home/ps/RoboticsLab-6DOF-master/install/conveyorbelt_gazebo:/home/ps/dof_6_ws/install/moveit:/home/ps/dof_6_ws/install/ros2_conveyorbelt:/home/ps/dof_6_ws/install/conveyorbelt_gazebo:/home/ps/dof_6_ws/install/ur5:/opt/ros/humble LD_LIBRARY_PATH=/home/ps/dof_6_ws/install/conveyorbelt_msgs/lib:/home/ps/RoboticsLab-6DOF-master/install/ros2_conveyorbelt/lib:/home/ps/RoboticsLab-6DOF-master/install/conveyorbelt_msgs/lib:/home/ps/dof_6_ws/install/ros2_conveyorbelt/lib:/usr/lib/x86_64-linux-gnu/gazebo-11/plugins:/opt/ros/humble/opt/rviz_ogre_vendor/lib:/opt/ros/humble/lib/x86_64-linux-gnu:/opt/ros/humble/lib:/usr/lib/x86_64-linux-gnu/gazebo-11/plugins /usr/bin/cmake --build /home/ps/dof_6_ws/build/ros2_conveyorbelt -- -j12 -l12
[0.062s] [100%] Built target ros2_conveyorbelt_plugin
[0.071s] Invoked command in '/home/ps/dof_6_ws/build/ros2_conveyorbelt' returned '0': CMAKE_PREFIX_PATH=/home/ps/dof_6_ws/install/conveyorbelt_msgs:/home/ps/RoboticsLab-6DOF-master/install/moveit:/home/ps/RoboticsLab-6DOF-master/install/ur5:/home/ps/RoboticsLab-6DOF-master/install/ros2_conveyorbelt:/home/ps/RoboticsLab-6DOF-master/install/conveyorbelt_msgs:/home/ps/RoboticsLab-6DOF-master/install/conveyorbelt_gazebo:/home/ps/dof_6_ws/install/moveit:/home/ps/dof_6_ws/install/ros2_conveyorbelt:/home/ps/dof_6_ws/install/conveyorbelt_gazebo:/home/ps/dof_6_ws/install/ur5:/opt/ros/humble LD_LIBRARY_PATH=/home/ps/dof_6_ws/install/conveyorbelt_msgs/lib:/home/ps/RoboticsLab-6DOF-master/install/ros2_conveyorbelt/lib:/home/ps/RoboticsLab-6DOF-master/install/conveyorbelt_msgs/lib:/home/ps/dof_6_ws/install/ros2_conveyorbelt/lib:/usr/lib/x86_64-linux-gnu/gazebo-11/plugins:/opt/ros/humble/opt/rviz_ogre_vendor/lib:/opt/ros/humble/lib/x86_64-linux-gnu:/opt/ros/humble/lib:/usr/lib/x86_64-linux-gnu/gazebo-11/plugins /usr/bin/cmake --build /home/ps/dof_6_ws/build/ros2_conveyorbelt -- -j12 -l12
[0.092s] Invoking command in '/home/ps/dof_6_ws/build/ros2_conveyorbelt': CMAKE_PREFIX_PATH=/home/ps/dof_6_ws/install/conveyorbelt_msgs:/home/ps/RoboticsLab-6DOF-master/install/moveit:/home/ps/RoboticsLab-6DOF-master/install/ur5:/home/ps/RoboticsLab-6DOF-master/install/ros2_conveyorbelt:/home/ps/RoboticsLab-6DOF-master/install/conveyorbelt_msgs:/home/ps/RoboticsLab-6DOF-master/install/conveyorbelt_gazebo:/home/ps/dof_6_ws/install/moveit:/home/ps/dof_6_ws/install/ros2_conveyorbelt:/home/ps/dof_6_ws/install/conveyorbelt_gazebo:/home/ps/dof_6_ws/install/ur5:/opt/ros/humble LD_LIBRARY_PATH=/home/ps/dof_6_ws/install/conveyorbelt_msgs/lib:/home/ps/RoboticsLab-6DOF-master/install/ros2_conveyorbelt/lib:/home/ps/RoboticsLab-6DOF-master/install/conveyorbelt_msgs/lib:/home/ps/dof_6_ws/install/ros2_conveyorbelt/lib:/usr/lib/x86_64-linux-gnu/gazebo-11/plugins:/opt/ros/humble/opt/rviz_ogre_vendor/lib:/opt/ros/humble/lib/x86_64-linux-gnu:/opt/ros/humble/lib:/usr/lib/x86_64-linux-gnu/gazebo-11/plugins /usr/bin/cmake --install /home/ps/dof_6_ws/build/ros2_conveyorbelt
[0.098s] -- Install configuration: ""
[0.098s] -- Up-to-date: /home/ps/dof_6_ws/install/ros2_conveyorbelt/share/ros2_conveyorbelt/environment/library_path.sh
[0.098s] -- Up-to-date: /home/ps/dof_6_ws/install/ros2_conveyorbelt/share/ros2_conveyorbelt/environment/library_path.dsv
[0.098s] -- Up-to-date: /home/ps/dof_6_ws/install/ros2_conveyorbelt/lib/libros2_conveyorbelt_plugin.so
[0.098s] -- Up-to-date: /home/ps/dof_6_ws/install/ros2_conveyorbelt/share/ros2_conveyorbelt/python
[0.098s] -- Up-to-date: /home/ps/dof_6_ws/install/ros2_conveyorbelt/share/ros2_conveyorbelt/python/SpawnObject.py
[0.098s] -- Up-to-date: /home/ps/dof_6_ws/install/ros2_conveyorbelt/lib/ros2_conveyorbelt/SpawnObject.py
[0.098s] -- Up-to-date: /home/ps/dof_6_ws/install/ros2_conveyorbelt/share/ament_index/resource_index/package_run_dependencies/ros2_conveyorbelt
[0.098s] -- Up-to-date: /home/ps/dof_6_ws/install/ros2_conveyorbelt/share/ament_index/resource_index/parent_prefix_path/ros2_conveyorbelt
[0.098s] -- Up-to-date: /home/ps/dof_6_ws/install/ros2_conveyorbelt/share/ros2_conveyorbelt/environment/ament_prefix_path.sh
[0.098s] -- Up-to-date: /home/ps/dof_6_ws/install/ros2_conveyorbelt/share/ros2_conveyorbelt/environment/ament_prefix_path.dsv
[0.099s] -- Up-to-date: /home/ps/dof_6_ws/install/ros2_conveyorbelt/share/ros2_conveyorbelt/environment/path.sh
[0.099s] -- Up-to-date: /home/ps/dof_6_ws/install/ros2_conveyorbelt/share/ros2_conveyorbelt/environment/path.dsv
[0.099s] -- Up-to-date: /home/ps/dof_6_ws/install/ros2_conveyorbelt/share/ros2_conveyorbelt/local_setup.bash
[0.099s] -- Up-to-date: /home/ps/dof_6_ws/install/ros2_conveyorbelt/share/ros2_conveyorbelt/local_setup.sh
[0.099s] -- Up-to-date: /home/ps/dof_6_ws/install/ros2_conveyorbelt/share/ros2_conveyorbelt/local_setup.zsh
[0.099s] -- Up-to-date: /home/ps/dof_6_ws/install/ros2_conveyorbelt/share/ros2_conveyorbelt/local_setup.dsv
[0.099s] -- Installing: /home/ps/dof_6_ws/install/ros2_conveyorbelt/share/ros2_conveyorbelt/package.dsv
[0.099s] -- Up-to-date: /home/ps/dof_6_ws/install/ros2_conveyorbelt/share/ament_index/resource_index/packages/ros2_conveyorbelt
[0.099s] -- Up-to-date: /home/ps/dof_6_ws/install/ros2_conveyorbelt/share/ros2_conveyorbelt/cmake/ament_cmake_export_libraries-extras.cmake
[0.099s] -- Up-to-date: /home/ps/dof_6_ws/install/ros2_conveyorbelt/share/ros2_conveyorbelt/cmake/ros2_conveyorbeltConfig.cmake
[0.099s] -- Up-to-date: /home/ps/dof_6_ws/install/ros2_conveyorbelt/share/ros2_conveyorbelt/cmake/ros2_conveyorbeltConfig-version.cmake
[0.099s] -- Up-to-date: /home/ps/dof_6_ws/install/ros2_conveyorbelt/share/ros2_conveyorbelt/package.xml
[0.100s] Invoked command in '/home/ps/dof_6_ws/build/ros2_conveyorbelt' returned '0': CMAKE_PREFIX_PATH=/home/ps/dof_6_ws/install/conveyorbelt_msgs:/home/ps/RoboticsLab-6DOF-master/install/moveit:/home/ps/RoboticsLab-6DOF-master/install/ur5:/home/ps/RoboticsLab-6DOF-master/install/ros2_conveyorbelt:/home/ps/RoboticsLab-6DOF-master/install/conveyorbelt_msgs:/home/ps/RoboticsLab-6DOF-master/install/conveyorbelt_gazebo:/home/ps/dof_6_ws/install/moveit:/home/ps/dof_6_ws/install/ros2_conveyorbelt:/home/ps/dof_6_ws/install/conveyorbelt_gazebo:/home/ps/dof_6_ws/install/ur5:/opt/ros/humble LD_LIBRARY_PATH=/home/ps/dof_6_ws/install/conveyorbelt_msgs/lib:/home/ps/RoboticsLab-6DOF-master/install/ros2_conveyorbelt/lib:/home/ps/RoboticsLab-6DOF-master/install/conveyorbelt_msgs/lib:/home/ps/dof_6_ws/install/ros2_conveyorbelt/lib:/usr/lib/x86_64-linux-gnu/gazebo-11/plugins:/opt/ros/humble/opt/rviz_ogre_vendor/lib:/opt/ros/humble/lib/x86_64-linux-gnu:/opt/ros/humble/lib:/usr/lib/x86_64-linux-gnu/gazebo-11/plugins /usr/bin/cmake --install /home/ps/dof_6_ws/build/ros2_conveyorbelt
