running egg_info
writing ../../build/ur5/ur5.egg-info/PKG-INFO
writing dependency_links to ../../build/ur5/ur5.egg-info/dependency_links.txt
writing entry points to ../../build/ur5/ur5.egg-info/entry_points.txt
writing requirements to ../../build/ur5/ur5.egg-info/requires.txt
writing top-level names to ../../build/ur5/ur5.egg-info/top_level.txt
reading manifest file '../../build/ur5/ur5.egg-info/SOURCES.txt'
writing manifest file '../../build/ur5/ur5.egg-info/SOURCES.txt'
running build
running build_py
copying ur5/pick_and_place.py -> /home/ps/dof_6_ws/build/ur5/build/lib/ur5
running install
running install_lib
copying /home/ps/dof_6_ws/build/ur5/build/lib/ur5/pick_and_place.py -> /home/ps/dof_6_ws/install/ur5/lib/python3.10/site-packages/ur5
byte-compiling /home/ps/dof_6_ws/install/ur5/lib/python3.10/site-packages/ur5/pick_and_place.py to pick_and_place.cpython-310.pyc
running install_data
running install_egg_info
removing '/home/ps/dof_6_ws/install/ur5/lib/python3.10/site-packages/ur5-0.0.0-py3.10.egg-info' (and everything under it)
Copying ../../build/ur5/ur5.egg-info to /home/ps/dof_6_ws/install/ur5/lib/python3.10/site-packages/ur5-0.0.0-py3.10.egg-info
running install_scripts
Installing cap script to /home/ps/dof_6_ws/install/ur5/lib/ur5
Installing grip script to /home/ps/dof_6_ws/install/ur5/lib/ur5
Installing gz script to /home/ps/dof_6_ws/install/ur5/lib/ur5
Installing gz_ik script to /home/ps/dof_6_ws/install/ur5/lib/ur5
Installing pnp script to /home/ps/dof_6_ws/install/ur5/lib/ur5
Installing pose script to /home/ps/dof_6_ws/install/ur5/lib/ur5
Installing prox script to /home/ps/dof_6_ws/install/ur5/lib/ur5
Installing rviz script to /home/ps/dof_6_ws/install/ur5/lib/ur5
Installing rviz_ik script to /home/ps/dof_6_ws/install/ur5/lib/ur5
Installing scheduler script to /home/ps/dof_6_ws/install/ur5/lib/ur5
writing list of installed files to '/home/ps/dof_6_ws/build/ur5/install.log'
