[0.465s] Invoking command in '/home/ps/dof_6_ws/src/ur5': PYTHONPATH=/home/ps/dof_6_ws/build/ur5/prefix_override:/usr/lib/python3/dist-packages/colcon_core/task/python/colcon_distutils_commands:/home/ps/dof_6_ws/install/ur5/lib/python3.10/site-packages:${PYTHONPATH} /usr/bin/python3 -W ignore:setup.py install is deprecated setup.py egg_info --egg-base ../../build/ur5 build --build-base /home/ps/dof_6_ws/build/ur5/build install --record /home/ps/dof_6_ws/build/ur5/install.log --single-version-externally-managed install_data
[0.596s] running egg_info
[0.597s] writing ../../build/ur5/ur5.egg-info/PKG-INFO
[0.598s] writing dependency_links to ../../build/ur5/ur5.egg-info/dependency_links.txt
[0.598s] writing entry points to ../../build/ur5/ur5.egg-info/entry_points.txt
[0.598s] writing requirements to ../../build/ur5/ur5.egg-info/requires.txt
[0.598s] writing top-level names to ../../build/ur5/ur5.egg-info/top_level.txt
[0.599s] reading manifest file '../../build/ur5/ur5.egg-info/SOURCES.txt'
[0.600s] writing manifest file '../../build/ur5/ur5.egg-info/SOURCES.txt'
[0.600s] running build
[0.600s] running build_py
[0.601s] copying ur5/pick_and_place.py -> /home/ps/dof_6_ws/build/ur5/build/lib/ur5
[0.601s] running install
[0.601s] running install_lib
[0.602s] copying /home/ps/dof_6_ws/build/ur5/build/lib/ur5/pick_and_place.py -> /home/ps/dof_6_ws/install/ur5/lib/python3.10/site-packages/ur5
[0.602s] byte-compiling /home/ps/dof_6_ws/install/ur5/lib/python3.10/site-packages/ur5/pick_and_place.py to pick_and_place.cpython-310.pyc
[0.603s] running install_data
[0.603s] running install_egg_info
[0.605s] removing '/home/ps/dof_6_ws/install/ur5/lib/python3.10/site-packages/ur5-0.0.0-py3.10.egg-info' (and everything under it)
[0.605s] Copying ../../build/ur5/ur5.egg-info to /home/ps/dof_6_ws/install/ur5/lib/python3.10/site-packages/ur5-0.0.0-py3.10.egg-info
[0.605s] running install_scripts
[0.618s] Installing cap script to /home/ps/dof_6_ws/install/ur5/lib/ur5
[0.618s] Installing grip script to /home/ps/dof_6_ws/install/ur5/lib/ur5
[0.618s] Installing gz script to /home/ps/dof_6_ws/install/ur5/lib/ur5
[0.618s] Installing gz_ik script to /home/ps/dof_6_ws/install/ur5/lib/ur5
[0.618s] Installing pnp script to /home/ps/dof_6_ws/install/ur5/lib/ur5
[0.618s] Installing pose script to /home/ps/dof_6_ws/install/ur5/lib/ur5
[0.618s] Installing prox script to /home/ps/dof_6_ws/install/ur5/lib/ur5
[0.618s] Installing rviz script to /home/ps/dof_6_ws/install/ur5/lib/ur5
[0.618s] Installing rviz_ik script to /home/ps/dof_6_ws/install/ur5/lib/ur5
[0.618s] Installing scheduler script to /home/ps/dof_6_ws/install/ur5/lib/ur5
[0.618s] writing list of installed files to '/home/ps/dof_6_ws/build/ur5/install.log'
[0.633s] Invoked command in '/home/ps/dof_6_ws/src/ur5' returned '0': PYTHONPATH=/home/ps/dof_6_ws/build/ur5/prefix_override:/usr/lib/python3/dist-packages/colcon_core/task/python/colcon_distutils_commands:/home/ps/dof_6_ws/install/ur5/lib/python3.10/site-packages:${PYTHONPATH} /usr/bin/python3 -W ignore:setup.py install is deprecated setup.py egg_info --egg-base ../../build/ur5 build --build-base /home/ps/dof_6_ws/build/ur5/build install --record /home/ps/dof_6_ws/build/ur5/install.log --single-version-externally-managed install_data
