[0.186s] Invoking command in '/home/ps/dof_6_ws/build/conveyorbelt_gazebo': CMAKE_PREFIX_PATH=/opt/ros/humble /usr/bin/cmake --build /home/ps/dof_6_ws/build/conveyorbelt_gazebo -- -j12 -l12
[0.218s] Invoked command in '/home/ps/dof_6_ws/build/conveyorbelt_gazebo' returned '0': CMAKE_PREFIX_PATH=/opt/ros/humble /usr/bin/cmake --build /home/ps/dof_6_ws/build/conveyorbelt_gazebo -- -j12 -l12
[0.239s] Invoking command in '/home/ps/dof_6_ws/build/conveyorbelt_gazebo': CMAKE_PREFIX_PATH=/opt/ros/humble /usr/bin/cmake --install /home/ps/dof_6_ws/build/conveyorbelt_gazebo
[0.246s] -- Install configuration: ""
[0.246s] -- Up-to-date: /home/ps/dof_6_ws/install/conveyorbelt_gazebo/share/conveyorbelt_gazebo/launch
[0.246s] -- Up-to-date: /home/ps/dof_6_ws/install/conveyorbelt_gazebo/share/conveyorbelt_gazebo/launch/conveyorbelt.launch.py
[0.246s] -- Up-to-date: /home/ps/dof_6_ws/install/conveyorbelt_gazebo/share/conveyorbelt_gazebo/models
[0.246s] -- Up-to-date: /home/ps/dof_6_ws/install/conveyorbelt_gazebo/share/conveyorbelt_gazebo/models/conveyor_belt
[0.246s] -- Up-to-date: /home/ps/dof_6_ws/install/conveyorbelt_gazebo/share/conveyorbelt_gazebo/models/conveyor_belt/model.sdf
[0.246s] -- Up-to-date: /home/ps/dof_6_ws/install/conveyorbelt_gazebo/share/conveyorbelt_gazebo/models/conveyor_belt/meshes
[0.246s] -- Up-to-date: /home/ps/dof_6_ws/install/conveyorbelt_gazebo/share/conveyorbelt_gazebo/models/conveyor_belt/meshes/conveyor_belt.stl
[0.246s] -- Up-to-date: /home/ps/dof_6_ws/install/conveyorbelt_gazebo/share/conveyorbelt_gazebo/models/conveyor_belt/meshes/conveyor_belt.dae
[0.246s] -- Up-to-date: /home/ps/dof_6_ws/install/conveyorbelt_gazebo/share/conveyorbelt_gazebo/models/conveyor_belt/model.config
[0.246s] -- Up-to-date: /home/ps/dof_6_ws/install/conveyorbelt_gazebo/share/conveyorbelt_gazebo/worlds
[0.246s] -- Up-to-date: /home/ps/dof_6_ws/install/conveyorbelt_gazebo/share/conveyorbelt_gazebo/worlds/conveyorbelt.world
[0.246s] -- Up-to-date: /home/ps/dof_6_ws/install/conveyorbelt_gazebo/share/conveyorbelt_gazebo/urdf
[0.246s] -- Up-to-date: /home/ps/dof_6_ws/install/conveyorbelt_gazebo/share/conveyorbelt_gazebo/urdf/box_2.urdf
[0.246s] -- Up-to-date: /home/ps/dof_6_ws/install/conveyorbelt_gazebo/share/conveyorbelt_gazebo/urdf/box_3.urdf
[0.247s] -- Up-to-date: /home/ps/dof_6_ws/install/conveyorbelt_gazebo/share/conveyorbelt_gazebo/urdf/box_4.urdf
[0.247s] -- Up-to-date: /home/ps/dof_6_ws/install/conveyorbelt_gazebo/share/conveyorbelt_gazebo/urdf/box_1.urdf
[0.247s] -- Up-to-date: /home/ps/dof_6_ws/install/conveyorbelt_gazebo/share/ament_index/resource_index/package_run_dependencies/conveyorbelt_gazebo
[0.247s] -- Up-to-date: /home/ps/dof_6_ws/install/conveyorbelt_gazebo/share/ament_index/resource_index/parent_prefix_path/conveyorbelt_gazebo
[0.247s] -- Up-to-date: /home/ps/dof_6_ws/install/conveyorbelt_gazebo/share/conveyorbelt_gazebo/environment/ament_prefix_path.sh
[0.247s] -- Up-to-date: /home/ps/dof_6_ws/install/conveyorbelt_gazebo/share/conveyorbelt_gazebo/environment/ament_prefix_path.dsv
[0.247s] -- Up-to-date: /home/ps/dof_6_ws/install/conveyorbelt_gazebo/share/conveyorbelt_gazebo/environment/path.sh
[0.247s] -- Up-to-date: /home/ps/dof_6_ws/install/conveyorbelt_gazebo/share/conveyorbelt_gazebo/environment/path.dsv
[0.247s] -- Up-to-date: /home/ps/dof_6_ws/install/conveyorbelt_gazebo/share/conveyorbelt_gazebo/local_setup.bash
[0.247s] -- Up-to-date: /home/ps/dof_6_ws/install/conveyorbelt_gazebo/share/conveyorbelt_gazebo/local_setup.sh
[0.247s] -- Up-to-date: /home/ps/dof_6_ws/install/conveyorbelt_gazebo/share/conveyorbelt_gazebo/local_setup.zsh
[0.247s] -- Up-to-date: /home/ps/dof_6_ws/install/conveyorbelt_gazebo/share/conveyorbelt_gazebo/local_setup.dsv
[0.247s] -- Installing: /home/ps/dof_6_ws/install/conveyorbelt_gazebo/share/conveyorbelt_gazebo/package.dsv
[0.247s] -- Up-to-date: /home/ps/dof_6_ws/install/conveyorbelt_gazebo/share/ament_index/resource_index/packages/conveyorbelt_gazebo
[0.247s] -- Up-to-date: /home/ps/dof_6_ws/install/conveyorbelt_gazebo/share/conveyorbelt_gazebo/cmake/conveyorbelt_gazeboConfig.cmake
[0.247s] -- Up-to-date: /home/ps/dof_6_ws/install/conveyorbelt_gazebo/share/conveyorbelt_gazebo/cmake/conveyorbelt_gazeboConfig-version.cmake
[0.247s] -- Up-to-date: /home/ps/dof_6_ws/install/conveyorbelt_gazebo/share/conveyorbelt_gazebo/package.xml
[0.248s] Invoked command in '/home/ps/dof_6_ws/build/conveyorbelt_gazebo' returned '0': CMAKE_PREFIX_PATH=/opt/ros/humble /usr/bin/cmake --install /home/ps/dof_6_ws/build/conveyorbelt_gazebo
