[0.006s] Invoking command in '/home/ps/dof_6_ws/build/ros2_conveyorbelt': AMENT_PREFIX_PATH=/home/ps/dof_6_ws/install/conveyorbelt_msgs:${AMENT_PREFIX_PATH} CMAKE_PREFIX_PATH=/home/ps/dof_6_ws/install/conveyorbelt_msgs:/opt/ros/humble LD_LIBRARY_PATH=/home/ps/dof_6_ws/install/conveyorbelt_msgs/lib:/usr/lib/x86_64-linux-gnu/gazebo-11/plugins:/opt/ros/humble/opt/rviz_ogre_vendor/lib:/opt/ros/humble/lib/x86_64-linux-gnu:/opt/ros/humble/lib:/usr/lib/x86_64-linux-gnu/gazebo-11/plugins PYTHONPATH=/home/ps/dof_6_ws/install/conveyorbelt_msgs/local/lib/python3.10/dist-packages:${PYTHONPATH} /usr/bin/cmake --build /home/ps/dof_6_ws/build/ros2_conveyorbelt -- -j12 -l12
[0.056s] [100%] Built target ros2_conveyorbelt_plugin
[0.063s] Invoked command in '/home/ps/dof_6_ws/build/ros2_conveyorbelt' returned '0': AMENT_PREFIX_PATH=/home/ps/dof_6_ws/install/conveyorbelt_msgs:${AMENT_PREFIX_PATH} CMAKE_PREFIX_PATH=/home/ps/dof_6_ws/install/conveyorbelt_msgs:/opt/ros/humble LD_LIBRARY_PATH=/home/ps/dof_6_ws/install/conveyorbelt_msgs/lib:/usr/lib/x86_64-linux-gnu/gazebo-11/plugins:/opt/ros/humble/opt/rviz_ogre_vendor/lib:/opt/ros/humble/lib/x86_64-linux-gnu:/opt/ros/humble/lib:/usr/lib/x86_64-linux-gnu/gazebo-11/plugins PYTHONPATH=/home/ps/dof_6_ws/install/conveyorbelt_msgs/local/lib/python3.10/dist-packages:${PYTHONPATH} /usr/bin/cmake --build /home/ps/dof_6_ws/build/ros2_conveyorbelt -- -j12 -l12
[0.084s] Invoking command in '/home/ps/dof_6_ws/build/ros2_conveyorbelt': AMENT_PREFIX_PATH=/home/ps/dof_6_ws/install/conveyorbelt_msgs:${AMENT_PREFIX_PATH} CMAKE_PREFIX_PATH=/home/ps/dof_6_ws/install/conveyorbelt_msgs:/opt/ros/humble LD_LIBRARY_PATH=/home/ps/dof_6_ws/install/conveyorbelt_msgs/lib:/usr/lib/x86_64-linux-gnu/gazebo-11/plugins:/opt/ros/humble/opt/rviz_ogre_vendor/lib:/opt/ros/humble/lib/x86_64-linux-gnu:/opt/ros/humble/lib:/usr/lib/x86_64-linux-gnu/gazebo-11/plugins PYTHONPATH=/home/ps/dof_6_ws/install/conveyorbelt_msgs/local/lib/python3.10/dist-packages:${PYTHONPATH} /usr/bin/cmake --install /home/ps/dof_6_ws/build/ros2_conveyorbelt
[0.090s] -- Install configuration: ""
[0.090s] -- Up-to-date: /home/ps/dof_6_ws/install/ros2_conveyorbelt/share/ros2_conveyorbelt/environment/library_path.sh
[0.090s] -- Up-to-date: /home/ps/dof_6_ws/install/ros2_conveyorbelt/share/ros2_conveyorbelt/environment/library_path.dsv
[0.091s] -- Up-to-date: /home/ps/dof_6_ws/install/ros2_conveyorbelt/lib/libros2_conveyorbelt_plugin.so
[0.091s] -- Up-to-date: /home/ps/dof_6_ws/install/ros2_conveyorbelt/share/ros2_conveyorbelt/python
[0.091s] -- Up-to-date: /home/ps/dof_6_ws/install/ros2_conveyorbelt/share/ros2_conveyorbelt/python/SpawnObject.py
[0.091s] -- Up-to-date: /home/ps/dof_6_ws/install/ros2_conveyorbelt/lib/ros2_conveyorbelt/SpawnObject.py
[0.091s] -- Up-to-date: /home/ps/dof_6_ws/install/ros2_conveyorbelt/share/ament_index/resource_index/package_run_dependencies/ros2_conveyorbelt
[0.091s] -- Up-to-date: /home/ps/dof_6_ws/install/ros2_conveyorbelt/share/ament_index/resource_index/parent_prefix_path/ros2_conveyorbelt
[0.091s] -- Up-to-date: /home/ps/dof_6_ws/install/ros2_conveyorbelt/share/ros2_conveyorbelt/environment/ament_prefix_path.sh
[0.091s] -- Up-to-date: /home/ps/dof_6_ws/install/ros2_conveyorbelt/share/ros2_conveyorbelt/environment/ament_prefix_path.dsv
[0.091s] -- Up-to-date: /home/ps/dof_6_ws/install/ros2_conveyorbelt/share/ros2_conveyorbelt/environment/path.sh
[0.091s] -- Up-to-date: /home/ps/dof_6_ws/install/ros2_conveyorbelt/share/ros2_conveyorbelt/environment/path.dsv
[0.091s] -- Up-to-date: /home/ps/dof_6_ws/install/ros2_conveyorbelt/share/ros2_conveyorbelt/local_setup.bash
[0.091s] -- Up-to-date: /home/ps/dof_6_ws/install/ros2_conveyorbelt/share/ros2_conveyorbelt/local_setup.sh
[0.091s] -- Up-to-date: /home/ps/dof_6_ws/install/ros2_conveyorbelt/share/ros2_conveyorbelt/local_setup.zsh
[0.091s] -- Up-to-date: /home/ps/dof_6_ws/install/ros2_conveyorbelt/share/ros2_conveyorbelt/local_setup.dsv
[0.091s] -- Installing: /home/ps/dof_6_ws/install/ros2_conveyorbelt/share/ros2_conveyorbelt/package.dsv
[0.091s] -- Up-to-date: /home/ps/dof_6_ws/install/ros2_conveyorbelt/share/ament_index/resource_index/packages/ros2_conveyorbelt
[0.091s] -- Up-to-date: /home/ps/dof_6_ws/install/ros2_conveyorbelt/share/ros2_conveyorbelt/cmake/ament_cmake_export_libraries-extras.cmake
[0.091s] -- Up-to-date: /home/ps/dof_6_ws/install/ros2_conveyorbelt/share/ros2_conveyorbelt/cmake/ros2_conveyorbeltConfig.cmake
[0.091s] -- Up-to-date: /home/ps/dof_6_ws/install/ros2_conveyorbelt/share/ros2_conveyorbelt/cmake/ros2_conveyorbeltConfig-version.cmake
[0.091s] -- Up-to-date: /home/ps/dof_6_ws/install/ros2_conveyorbelt/share/ros2_conveyorbelt/package.xml
[0.093s] Invoked command in '/home/ps/dof_6_ws/build/ros2_conveyorbelt' returned '0': AMENT_PREFIX_PATH=/home/ps/dof_6_ws/install/conveyorbelt_msgs:${AMENT_PREFIX_PATH} CMAKE_PREFIX_PATH=/home/ps/dof_6_ws/install/conveyorbelt_msgs:/opt/ros/humble LD_LIBRARY_PATH=/home/ps/dof_6_ws/install/conveyorbelt_msgs/lib:/usr/lib/x86_64-linux-gnu/gazebo-11/plugins:/opt/ros/humble/opt/rviz_ogre_vendor/lib:/opt/ros/humble/lib/x86_64-linux-gnu:/opt/ros/humble/lib:/usr/lib/x86_64-linux-gnu/gazebo-11/plugins PYTHONPATH=/home/ps/dof_6_ws/install/conveyorbelt_msgs/local/lib/python3.10/dist-packages:${PYTHONPATH} /usr/bin/cmake --install /home/ps/dof_6_ws/build/ros2_conveyorbelt
