[0.006s] Invoking command in '/home/ps/dof_6_ws/build/ros2_conveyorbelt': AMENT_PREFIX_PATH=/home/ps/dof_6_ws/install/conveyorbelt_msgs:${AMENT_PREFIX_PATH} CMAKE_PREFIX_PATH=/home/ps/dof_6_ws/install/conveyorbelt_msgs:/opt/ros/humble LD_LIBRARY_PATH=/home/ps/dof_6_ws/install/conveyorbelt_msgs/lib:/usr/lib/x86_64-linux-gnu/gazebo-11/plugins:/opt/ros/humble/opt/rviz_ogre_vendor/lib:/opt/ros/humble/lib/x86_64-linux-gnu:/opt/ros/humble/lib:/usr/lib/x86_64-linux-gnu/gazebo-11/plugins PYTHONPATH=/home/ps/dof_6_ws/install/conveyorbelt_msgs/local/lib/python3.10/dist-packages:${PYTHONPATH} /usr/bin/cmake /home/ps/dof_6_ws/src/ros2_conveyorbelt -DCMAKE_INSTALL_PREFIX=/home/ps/dof_6_ws/install/ros2_conveyorbelt
[0.041s] -- The C compiler identification is GNU 11.4.0
[0.079s] -- The CXX compiler identification is GNU 11.4.0
[0.083s] -- Detecting C compiler ABI info
[0.131s] -- Detecting C compiler ABI info - done
[0.136s] -- Check for working C compiler: /usr/bin/cc - skipped
[0.136s] -- Detecting C compile features
[0.136s] -- Detecting C compile features - done
[0.138s] -- Detecting CXX compiler ABI info
[0.191s] -- Detecting CXX compiler ABI info - done
[0.199s] -- Check for working CXX compiler: /usr/bin/c++ - skipped
[0.199s] -- Detecting CXX compile features
[0.200s] -- Detecting CXX compile features - done
[0.202s] -- Found ament_cmake: 1.3.10 (/opt/ros/humble/share/ament_cmake/cmake)
[0.305s] -- Found Python3: /usr/bin/python3 (found version "3.10.12") found components: Interpreter 
[0.359s] -- Found ament_lint_auto: 0.12.11 (/opt/ros/humble/share/ament_lint_auto/cmake)
[0.407s] -- Found gazebo_ros: 3.7.0 (/opt/ros/humble/share/gazebo_ros/cmake)
[0.434s] -- Found rosidl_generator_c: 3.1.5 (/opt/ros/humble/share/rosidl_generator_c/cmake)
[0.437s] -- Found rosidl_adapter: 3.1.5 (/opt/ros/humble/share/rosidl_adapter/cmake)
[0.442s] -- Found rosidl_generator_cpp: 3.1.5 (/opt/ros/humble/share/rosidl_generator_cpp/cmake)
[0.449s] -- Using all available rosidl_typesupport_c: rosidl_typesupport_fastrtps_c;rosidl_typesupport_introspection_c
[0.459s] -- Using all available rosidl_typesupport_cpp: rosidl_typesupport_fastrtps_cpp;rosidl_typesupport_introspection_cpp
[0.484s] -- Found rmw_implementation_cmake: 6.1.2 (/opt/ros/humble/share/rmw_implementation_cmake/cmake)
[0.486s] -- Found rmw_cyclonedds_cpp: 1.3.4 (/opt/ros/humble/share/rmw_cyclonedds_cpp/cmake)
[0.498s] -- Using RMW implementation 'rmw_cyclonedds_cpp' as default
[0.503s] -- Looking for pthread.h
[0.555s] -- Looking for pthread.h - found
[0.555s] -- Performing Test CMAKE_HAVE_LIBC_PTHREAD
[0.611s] -- Performing Test CMAKE_HAVE_LIBC_PTHREAD - Success
[0.611s] -- Found Threads: TRUE  
[0.646s] -- Found PkgConfig: /usr/bin/pkg-config (found version "0.29.2") 
[0.647s] -- Checking for module 'bullet>=2.82'
[0.657s] --   Found bullet, version 3.05
[0.734s] -- Found fcl: /usr/include (found suitable version "0.7.0", minimum required is "0.5.0") 
[0.773s] -- Found assimp: /usr/include (found version "5.2.0") 
[0.783s] -- Found DART: /usr/include (Required is at least version "6.6") found components: dart 
[0.804s] -- Found Boost: /usr/lib/x86_64-linux-gnu/cmake/Boost-1.74.0/BoostConfig.cmake (found suitable version "1.74.0", minimum required is "1.40.0") found components: thread system filesystem program_options regex iostreams date_time 
[0.814s] -- Found Protobuf: /usr/lib/x86_64-linux-gnu/libprotobuf.so (found version "3.12.4") 
[0.816s] -- Looking for ignition-math6 -- found version 6.15.1
[0.820s] -- Searching for dependencies of ignition-math6
[0.821s] -- Looking for OGRE...
[0.821s] -- OGRE_PREFIX_WATCH changed.
[0.825s] -- Checking for module 'OGRE'
[0.835s] --   Found OGRE, version 1.9.0
[0.859s] -- Found Ogre Ghadamon (1.9.0)
[0.866s] -- Found OGRE: optimized;/usr/lib/x86_64-linux-gnu/libOgreMain.so;debug;/usr/lib/x86_64-linux-gnu/libOgreMain.so
[0.872s] -- Looking for OGRE_Paging...
[0.875s] -- Found OGRE_Paging: optimized;/usr/lib/x86_64-linux-gnu/libOgrePaging.so;debug;/usr/lib/x86_64-linux-gnu/libOgrePaging.so
[0.875s] -- Looking for OGRE_Terrain...
[0.877s] -- Found OGRE_Terrain: optimized;/usr/lib/x86_64-linux-gnu/libOgreTerrain.so;debug;/usr/lib/x86_64-linux-gnu/libOgreTerrain.so
[0.877s] -- Looking for OGRE_Property...
[0.880s] -- Found OGRE_Property: optimized;/usr/lib/x86_64-linux-gnu/libOgreProperty.so;debug;/usr/lib/x86_64-linux-gnu/libOgreProperty.so
[0.880s] -- Looking for OGRE_RTShaderSystem...
[0.883s] -- Found OGRE_RTShaderSystem: optimized;/usr/lib/x86_64-linux-gnu/libOgreRTShaderSystem.so;debug;/usr/lib/x86_64-linux-gnu/libOgreRTShaderSystem.so
[0.883s] -- Looking for OGRE_Volume...
[0.885s] -- Found OGRE_Volume: optimized;/usr/lib/x86_64-linux-gnu/libOgreVolume.so;debug;/usr/lib/x86_64-linux-gnu/libOgreVolume.so
[0.885s] -- Looking for OGRE_Overlay...
[0.888s] -- Found OGRE_Overlay: optimized;/usr/lib/x86_64-linux-gnu/libOgreOverlay.so;debug;/usr/lib/x86_64-linux-gnu/libOgreOverlay.so
[0.942s] -- Looking for ignition-math6 -- found version 6.15.1
[0.944s] -- Looking for ignition-transport8 -- found version 8.2.1
[0.944s] -- Searching for dependencies of ignition-transport8
[0.955s] -- Found Protobuf: /usr/lib/x86_64-linux-gnu/libprotobuf.so (found suitable version "3.12.4", minimum required is "3") 
[0.961s] -- Config-file not installed for ZeroMQ -- checking for pkg-config
[0.965s] -- Checking for module 'libzmq >= 4'
[0.975s] --   Found libzmq , version 4.3.4
[1.004s] -- Found ZeroMQ: TRUE (Required is at least version "4") 
[1.009s] -- Checking for module 'uuid'
[1.018s] --   Found uuid, version 2.37.2
[1.046s] -- Found UUID: TRUE  
[1.047s] -- Looking for ignition-msgs5 -- found version 5.8.1
[1.047s] -- Searching for dependencies of ignition-msgs5
[1.059s] -- Looking for ignition-math6 -- found version 6.15.1
[1.064s] -- Checking for module 'tinyxml2'
[1.075s] --   Found tinyxml2, version 9.0.0
[1.104s] -- Looking for ignition-msgs5 -- found version 5.8.1
[1.105s] -- Looking for ignition-common3 -- found version 3.14.0
[1.105s] -- Searching for dependencies of ignition-common3
[1.105s] -- Looking for dlfcn.h - found
[1.106s] -- Looking for libdl - found
[1.107s] -- Found DL: TRUE  
[1.114s] -- Found tinyobjloader: /usr/lib/x86_64-linux-gnu/cmake/tinyobjloader/tinyobjloader-config.cmake (found version "2.0.0") 
[1.114s] -- Searching for <ignition-common3> component [graphics]
[1.115s] -- Looking for ignition-common3-graphics -- found version 3.14.0
[1.115s] -- Searching for dependencies of ignition-common3-graphics
[1.116s] -- Looking for ignition-math6 -- found version 6.15.1
[1.117s] -- Looking for ignition-fuel_tools4 -- found version 4.4.0
[1.118s] -- Searching for dependencies of ignition-fuel_tools4
[1.181s] -- Found CURL: /usr/lib/x86_64-linux-gnu/libcurl.so (found version "7.81.0")  
[1.188s] -- Checking for module 'jsoncpp'
[1.199s] --   Found jsoncpp, version 1.9.5
[1.228s] -- Found JSONCPP: TRUE  
[1.232s] -- Checking for module 'libzip'
[1.242s] --   Found libzip, version 1.7.3
[1.268s] -- Found ZIP: TRUE  
[1.268s] -- Looking for ignition-common3 -- found version 3.14.0
[1.268s] -- Looking for ignition-math6 -- found version 6.15.1
[1.269s] -- Looking for ignition-msgs5 -- found version 5.8.1
[1.271s] -- Gazebo version: 11.10
[1.271s] -- Checking for module 'tbb'
[1.282s] --   Found tbb, version 2021.5.0
[1.308s] -- Found gazebo_msgs: 3.7.0 (/opt/ros/humble/share/gazebo_msgs/cmake)
[1.338s] -- Found conveyorbelt_msgs: 0.0.0 (/home/ps/dof_6_ws/install/conveyorbelt_msgs/share/conveyorbelt_msgs/cmake)
[1.347s] -- Added test 'copyright' to check source files copyright and LICENSE
[1.348s] -- Added test 'cppcheck' to perform static code analysis on C / C++ code
[1.348s] -- Configured cppcheck include dirs: /home/ps/dof_6_ws/src/ros2_conveyorbelt/include
[1.349s] -- Configured cppcheck exclude dirs and/or files: 
[1.349s] -- Added test 'cpplint' to check C / C++ code against the Google style
[1.349s] -- Configured cpplint exclude dirs and/or files: 
[1.349s] -- Added test 'flake8' to check Python code syntax and style conventions
[1.349s] -- Added test 'lint_cmake' to check CMake code style
[1.350s] -- Added test 'pep257' to check Python code against some of the docstring style conventions in PEP 257
[1.350s] -- Added test 'uncrustify' to check C / C++ code style
[1.350s] -- Configured uncrustify additional arguments: 
[1.350s] -- Added test 'xmllint' to check XML markup files
[1.351s] -- Configuring done
[1.365s] -- Generating done
[1.367s] -- Build files have been written to: /home/ps/dof_6_ws/build/ros2_conveyorbelt
[1.376s] Invoked command in '/home/ps/dof_6_ws/build/ros2_conveyorbelt' returned '0': AMENT_PREFIX_PATH=/home/ps/dof_6_ws/install/conveyorbelt_msgs:${AMENT_PREFIX_PATH} CMAKE_PREFIX_PATH=/home/ps/dof_6_ws/install/conveyorbelt_msgs:/opt/ros/humble LD_LIBRARY_PATH=/home/ps/dof_6_ws/install/conveyorbelt_msgs/lib:/usr/lib/x86_64-linux-gnu/gazebo-11/plugins:/opt/ros/humble/opt/rviz_ogre_vendor/lib:/opt/ros/humble/lib/x86_64-linux-gnu:/opt/ros/humble/lib:/usr/lib/x86_64-linux-gnu/gazebo-11/plugins PYTHONPATH=/home/ps/dof_6_ws/install/conveyorbelt_msgs/local/lib/python3.10/dist-packages:${PYTHONPATH} /usr/bin/cmake /home/ps/dof_6_ws/src/ros2_conveyorbelt -DCMAKE_INSTALL_PREFIX=/home/ps/dof_6_ws/install/ros2_conveyorbelt
[1.376s] Invoking command in '/home/ps/dof_6_ws/build/ros2_conveyorbelt': AMENT_PREFIX_PATH=/home/ps/dof_6_ws/install/conveyorbelt_msgs:${AMENT_PREFIX_PATH} CMAKE_PREFIX_PATH=/home/ps/dof_6_ws/install/conveyorbelt_msgs:/opt/ros/humble LD_LIBRARY_PATH=/home/ps/dof_6_ws/install/conveyorbelt_msgs/lib:/usr/lib/x86_64-linux-gnu/gazebo-11/plugins:/opt/ros/humble/opt/rviz_ogre_vendor/lib:/opt/ros/humble/lib/x86_64-linux-gnu:/opt/ros/humble/lib:/usr/lib/x86_64-linux-gnu/gazebo-11/plugins PYTHONPATH=/home/ps/dof_6_ws/install/conveyorbelt_msgs/local/lib/python3.10/dist-packages:${PYTHONPATH} /usr/bin/cmake --build /home/ps/dof_6_ws/build/ros2_conveyorbelt -- -j12 -l12
[1.414s] [ 50%] [32mBuilding CXX object CMakeFiles/ros2_conveyorbelt_plugin.dir/src/ros2_conveyorbelt_plugin.cpp.o[0m
[8.615s] [100%] [32m[1mLinking CXX shared library libros2_conveyorbelt_plugin.so[0m
[9.016s] [100%] Built target ros2_conveyorbelt_plugin
[9.026s] Invoked command in '/home/ps/dof_6_ws/build/ros2_conveyorbelt' returned '0': AMENT_PREFIX_PATH=/home/ps/dof_6_ws/install/conveyorbelt_msgs:${AMENT_PREFIX_PATH} CMAKE_PREFIX_PATH=/home/ps/dof_6_ws/install/conveyorbelt_msgs:/opt/ros/humble LD_LIBRARY_PATH=/home/ps/dof_6_ws/install/conveyorbelt_msgs/lib:/usr/lib/x86_64-linux-gnu/gazebo-11/plugins:/opt/ros/humble/opt/rviz_ogre_vendor/lib:/opt/ros/humble/lib/x86_64-linux-gnu:/opt/ros/humble/lib:/usr/lib/x86_64-linux-gnu/gazebo-11/plugins PYTHONPATH=/home/ps/dof_6_ws/install/conveyorbelt_msgs/local/lib/python3.10/dist-packages:${PYTHONPATH} /usr/bin/cmake --build /home/ps/dof_6_ws/build/ros2_conveyorbelt -- -j12 -l12
[9.044s] Invoking command in '/home/ps/dof_6_ws/build/ros2_conveyorbelt': AMENT_PREFIX_PATH=/home/ps/dof_6_ws/install/conveyorbelt_msgs:${AMENT_PREFIX_PATH} CMAKE_PREFIX_PATH=/home/ps/dof_6_ws/install/conveyorbelt_msgs:/opt/ros/humble LD_LIBRARY_PATH=/home/ps/dof_6_ws/install/conveyorbelt_msgs/lib:/usr/lib/x86_64-linux-gnu/gazebo-11/plugins:/opt/ros/humble/opt/rviz_ogre_vendor/lib:/opt/ros/humble/lib/x86_64-linux-gnu:/opt/ros/humble/lib:/usr/lib/x86_64-linux-gnu/gazebo-11/plugins PYTHONPATH=/home/ps/dof_6_ws/install/conveyorbelt_msgs/local/lib/python3.10/dist-packages:${PYTHONPATH} /usr/bin/cmake --install /home/ps/dof_6_ws/build/ros2_conveyorbelt
[9.048s] -- Install configuration: ""
[9.048s] -- Installing: /home/ps/dof_6_ws/install/ros2_conveyorbelt/share/ros2_conveyorbelt/environment/library_path.sh
[9.048s] -- Installing: /home/ps/dof_6_ws/install/ros2_conveyorbelt/share/ros2_conveyorbelt/environment/library_path.dsv
[9.048s] -- Installing: /home/ps/dof_6_ws/install/ros2_conveyorbelt/lib/libros2_conveyorbelt_plugin.so
[9.050s] -- Set runtime path of "/home/ps/dof_6_ws/install/ros2_conveyorbelt/lib/libros2_conveyorbelt_plugin.so" to ""
[9.050s] -- Installing: /home/ps/dof_6_ws/install/ros2_conveyorbelt/share/ros2_conveyorbelt/python
[9.050s] -- Installing: /home/ps/dof_6_ws/install/ros2_conveyorbelt/share/ros2_conveyorbelt/python/SpawnObject.py
[9.050s] -- Installing: /home/ps/dof_6_ws/install/ros2_conveyorbelt/lib/ros2_conveyorbelt/SpawnObject.py
[9.050s] -- Installing: /home/ps/dof_6_ws/install/ros2_conveyorbelt/share/ament_index/resource_index/package_run_dependencies/ros2_conveyorbelt
[9.050s] -- Installing: /home/ps/dof_6_ws/install/ros2_conveyorbelt/share/ament_index/resource_index/parent_prefix_path/ros2_conveyorbelt
[9.050s] -- Installing: /home/ps/dof_6_ws/install/ros2_conveyorbelt/share/ros2_conveyorbelt/environment/ament_prefix_path.sh
[9.050s] -- Installing: /home/ps/dof_6_ws/install/ros2_conveyorbelt/share/ros2_conveyorbelt/environment/ament_prefix_path.dsv
[9.050s] -- Installing: /home/ps/dof_6_ws/install/ros2_conveyorbelt/share/ros2_conveyorbelt/environment/path.sh
[9.051s] -- Installing: /home/ps/dof_6_ws/install/ros2_conveyorbelt/share/ros2_conveyorbelt/environment/path.dsv
[9.051s] -- Installing: /home/ps/dof_6_ws/install/ros2_conveyorbelt/share/ros2_conveyorbelt/local_setup.bash
[9.051s] -- Installing: /home/ps/dof_6_ws/install/ros2_conveyorbelt/share/ros2_conveyorbelt/local_setup.sh
[9.051s] -- Installing: /home/ps/dof_6_ws/install/ros2_conveyorbelt/share/ros2_conveyorbelt/local_setup.zsh
[9.051s] -- Installing: /home/ps/dof_6_ws/install/ros2_conveyorbelt/share/ros2_conveyorbelt/local_setup.dsv
[9.051s] -- Installing: /home/ps/dof_6_ws/install/ros2_conveyorbelt/share/ros2_conveyorbelt/package.dsv
[9.051s] -- Installing: /home/ps/dof_6_ws/install/ros2_conveyorbelt/share/ament_index/resource_index/packages/ros2_conveyorbelt
[9.051s] -- Installing: /home/ps/dof_6_ws/install/ros2_conveyorbelt/share/ros2_conveyorbelt/cmake/ament_cmake_export_libraries-extras.cmake
[9.051s] -- Installing: /home/ps/dof_6_ws/install/ros2_conveyorbelt/share/ros2_conveyorbelt/cmake/ros2_conveyorbeltConfig.cmake
[9.051s] -- Installing: /home/ps/dof_6_ws/install/ros2_conveyorbelt/share/ros2_conveyorbelt/cmake/ros2_conveyorbeltConfig-version.cmake
[9.051s] -- Installing: /home/ps/dof_6_ws/install/ros2_conveyorbelt/share/ros2_conveyorbelt/package.xml
[9.052s] Invoked command in '/home/ps/dof_6_ws/build/ros2_conveyorbelt' returned '0': AMENT_PREFIX_PATH=/home/ps/dof_6_ws/install/conveyorbelt_msgs:${AMENT_PREFIX_PATH} CMAKE_PREFIX_PATH=/home/ps/dof_6_ws/install/conveyorbelt_msgs:/opt/ros/humble LD_LIBRARY_PATH=/home/ps/dof_6_ws/install/conveyorbelt_msgs/lib:/usr/lib/x86_64-linux-gnu/gazebo-11/plugins:/opt/ros/humble/opt/rviz_ogre_vendor/lib:/opt/ros/humble/lib/x86_64-linux-gnu:/opt/ros/humble/lib:/usr/lib/x86_64-linux-gnu/gazebo-11/plugins PYTHONPATH=/home/ps/dof_6_ws/install/conveyorbelt_msgs/local/lib/python3.10/dist-packages:${PYTHONPATH} /usr/bin/cmake --install /home/ps/dof_6_ws/build/ros2_conveyorbelt
