[0.066s] DEBUG:colcon:Command line arguments: ['/usr/bin/colcon', 'build']
[0.066s] DEBUG:colcon:Parsed command line arguments: Namespace(log_base=None, log_level=None, verb_name='build', build_base='build', install_base='install', merge_install=False, symlink_install=False, test_result_base=None, continue_on_error=False, executor='parallel', parallel_workers=12, event_handlers=None, ignore_user_meta=False, metas=['./colcon.meta'], base_paths=['.'], packages_ignore=None, packages_ignore_regex=None, paths=None, packages_up_to=None, packages_up_to_regex=None, packages_above=None, packages_above_and_dependencies=None, packages_above_depth=None, packages_select_by_dep=None, packages_skip_by_dep=None, packages_skip_up_to=None, packages_select_build_failed=False, packages_skip_build_finished=False, packages_select_test_failures=False, packages_skip_test_passed=False, packages_select=None, packages_skip=None, packages_select_regex=None, packages_skip_regex=None, packages_start=None, packages_end=None, allow_overriding=[], cmake_args=None, cmake_target=None, cmake_target_skip_unavailable=False, cmake_clean_cache=False, cmake_clean_first=False, cmake_force_configure=False, ament_cmake_args=None, catkin_cmake_args=None, catkin_skip_building_tests=False, mixin_files=None, mixin=None, verb_parser=<colcon_mixin.mixin.mixin_argument.MixinArgumentDecorator object at 0x77bb3ec33010>, verb_extension=<colcon_core.verb.build.BuildVerb object at 0x77bb3ede42b0>, main=<bound method BuildVerb.main of <colcon_core.verb.build.BuildVerb object at 0x77bb3ede42b0>>, mixin_verb=('build',))
[0.158s] Level 1:colcon.colcon_core.package_discovery:discover_packages(colcon_meta) check parameters
[0.159s] Level 1:colcon.colcon_core.package_discovery:discover_packages(recursive) check parameters
[0.159s] Level 1:colcon.colcon_core.package_discovery:discover_packages(ignore) check parameters
[0.159s] Level 1:colcon.colcon_core.package_discovery:discover_packages(path) check parameters
[0.159s] Level 1:colcon.colcon_core.package_discovery:discover_packages(colcon_meta) discover
[0.159s] Level 1:colcon.colcon_core.package_discovery:discover_packages(recursive) discover
[0.159s] INFO:colcon.colcon_core.package_discovery:Crawling recursively for packages in '/home/ps/dof_6_ws'
[0.159s] Level 1:colcon.colcon_core.package_identification:_identify(.) by extensions ['ignore', 'ignore_ament_install']
[0.159s] Level 1:colcon.colcon_core.package_identification:_identify(.) by extension 'ignore'
[0.159s] Level 1:colcon.colcon_core.package_identification:_identify(.) by extension 'ignore_ament_install'
[0.159s] Level 1:colcon.colcon_core.package_identification:_identify(.) by extensions ['colcon_pkg']
[0.159s] Level 1:colcon.colcon_core.package_identification:_identify(.) by extension 'colcon_pkg'
[0.159s] Level 1:colcon.colcon_core.package_identification:_identify(.) by extensions ['colcon_meta']
[0.159s] Level 1:colcon.colcon_core.package_identification:_identify(.) by extension 'colcon_meta'
[0.159s] Level 1:colcon.colcon_core.package_identification:_identify(.) by extensions ['ros']
[0.159s] Level 1:colcon.colcon_core.package_identification:_identify(.) by extension 'ros'
[0.165s] Level 1:colcon.colcon_core.package_identification:_identify(.) by extensions ['cmake', 'python']
[0.165s] Level 1:colcon.colcon_core.package_identification:_identify(.) by extension 'cmake'
[0.165s] Level 1:colcon.colcon_core.package_identification:_identify(.) by extension 'python'
[0.165s] Level 1:colcon.colcon_core.package_identification:_identify(.) by extensions ['python_setup_py']
[0.165s] Level 1:colcon.colcon_core.package_identification:_identify(.) by extension 'python_setup_py'
[0.165s] Level 1:colcon.colcon_core.package_identification:_identify(build) by extensions ['ignore', 'ignore_ament_install']
[0.165s] Level 1:colcon.colcon_core.package_identification:_identify(build) by extension 'ignore'
[0.165s] Level 1:colcon.colcon_core.package_identification:_identify(build) ignored
[0.166s] Level 1:colcon.colcon_core.package_identification:_identify(install) by extensions ['ignore', 'ignore_ament_install']
[0.166s] Level 1:colcon.colcon_core.package_identification:_identify(install) by extension 'ignore'
[0.166s] Level 1:colcon.colcon_core.package_identification:_identify(install) ignored
[0.166s] Level 1:colcon.colcon_core.package_identification:_identify(log) by extensions ['ignore', 'ignore_ament_install']
[0.166s] Level 1:colcon.colcon_core.package_identification:_identify(log) by extension 'ignore'
[0.166s] Level 1:colcon.colcon_core.package_identification:_identify(log) ignored
[0.166s] Level 1:colcon.colcon_core.package_identification:_identify(src) by extensions ['ignore', 'ignore_ament_install']
[0.166s] Level 1:colcon.colcon_core.package_identification:_identify(src) by extension 'ignore'
[0.166s] Level 1:colcon.colcon_core.package_identification:_identify(src) by extension 'ignore_ament_install'
[0.166s] Level 1:colcon.colcon_core.package_identification:_identify(src) by extensions ['colcon_pkg']
[0.166s] Level 1:colcon.colcon_core.package_identification:_identify(src) by extension 'colcon_pkg'
[0.166s] Level 1:colcon.colcon_core.package_identification:_identify(src) by extensions ['colcon_meta']
[0.166s] Level 1:colcon.colcon_core.package_identification:_identify(src) by extension 'colcon_meta'
[0.166s] Level 1:colcon.colcon_core.package_identification:_identify(src) by extensions ['ros']
[0.166s] Level 1:colcon.colcon_core.package_identification:_identify(src) by extension 'ros'
[0.166s] Level 1:colcon.colcon_core.package_identification:_identify(src) by extensions ['cmake', 'python']
[0.166s] Level 1:colcon.colcon_core.package_identification:_identify(src) by extension 'cmake'
[0.166s] Level 1:colcon.colcon_core.package_identification:_identify(src) by extension 'python'
[0.166s] Level 1:colcon.colcon_core.package_identification:_identify(src) by extensions ['python_setup_py']
[0.166s] Level 1:colcon.colcon_core.package_identification:_identify(src) by extension 'python_setup_py'
[0.166s] Level 1:colcon.colcon_core.package_identification:_identify(src/conveyorbelt_gazebo) by extensions ['ignore', 'ignore_ament_install']
[0.166s] Level 1:colcon.colcon_core.package_identification:_identify(src/conveyorbelt_gazebo) by extension 'ignore'
[0.166s] Level 1:colcon.colcon_core.package_identification:_identify(src/conveyorbelt_gazebo) by extension 'ignore_ament_install'
[0.166s] Level 1:colcon.colcon_core.package_identification:_identify(src/conveyorbelt_gazebo) by extensions ['colcon_pkg']
[0.166s] Level 1:colcon.colcon_core.package_identification:_identify(src/conveyorbelt_gazebo) by extension 'colcon_pkg'
[0.166s] Level 1:colcon.colcon_core.package_identification:_identify(src/conveyorbelt_gazebo) by extensions ['colcon_meta']
[0.166s] Level 1:colcon.colcon_core.package_identification:_identify(src/conveyorbelt_gazebo) by extension 'colcon_meta'
[0.166s] Level 1:colcon.colcon_core.package_identification:_identify(src/conveyorbelt_gazebo) by extensions ['ros']
[0.166s] Level 1:colcon.colcon_core.package_identification:_identify(src/conveyorbelt_gazebo) by extension 'ros'
[0.167s] DEBUG:colcon.colcon_core.package_identification:Package 'src/conveyorbelt_gazebo' with type 'ros.ament_cmake' and name 'conveyorbelt_gazebo'
[0.168s] Level 1:colcon.colcon_core.package_identification:_identify(src/conveyorbelt_msgs) by extensions ['ignore', 'ignore_ament_install']
[0.168s] Level 1:colcon.colcon_core.package_identification:_identify(src/conveyorbelt_msgs) by extension 'ignore'
[0.168s] Level 1:colcon.colcon_core.package_identification:_identify(src/conveyorbelt_msgs) by extension 'ignore_ament_install'
[0.168s] Level 1:colcon.colcon_core.package_identification:_identify(src/conveyorbelt_msgs) by extensions ['colcon_pkg']
[0.168s] Level 1:colcon.colcon_core.package_identification:_identify(src/conveyorbelt_msgs) by extension 'colcon_pkg'
[0.168s] Level 1:colcon.colcon_core.package_identification:_identify(src/conveyorbelt_msgs) by extensions ['colcon_meta']
[0.168s] Level 1:colcon.colcon_core.package_identification:_identify(src/conveyorbelt_msgs) by extension 'colcon_meta'
[0.168s] Level 1:colcon.colcon_core.package_identification:_identify(src/conveyorbelt_msgs) by extensions ['ros']
[0.168s] Level 1:colcon.colcon_core.package_identification:_identify(src/conveyorbelt_msgs) by extension 'ros'
[0.168s] DEBUG:colcon.colcon_core.package_identification:Package 'src/conveyorbelt_msgs' with type 'ros.ament_cmake' and name 'conveyorbelt_msgs'
[0.168s] Level 1:colcon.colcon_core.package_identification:_identify(src/moveit) by extensions ['ignore', 'ignore_ament_install']
[0.168s] Level 1:colcon.colcon_core.package_identification:_identify(src/moveit) by extension 'ignore'
[0.168s] Level 1:colcon.colcon_core.package_identification:_identify(src/moveit) by extension 'ignore_ament_install'
[0.168s] Level 1:colcon.colcon_core.package_identification:_identify(src/moveit) by extensions ['colcon_pkg']
[0.168s] Level 1:colcon.colcon_core.package_identification:_identify(src/moveit) by extension 'colcon_pkg'
[0.168s] Level 1:colcon.colcon_core.package_identification:_identify(src/moveit) by extensions ['colcon_meta']
[0.168s] Level 1:colcon.colcon_core.package_identification:_identify(src/moveit) by extension 'colcon_meta'
[0.168s] Level 1:colcon.colcon_core.package_identification:_identify(src/moveit) by extensions ['ros']
[0.168s] Level 1:colcon.colcon_core.package_identification:_identify(src/moveit) by extension 'ros'
[0.169s] DEBUG:colcon.colcon_core.package_identification:Package 'src/moveit' with type 'ros.ament_cmake' and name 'moveit'
[0.169s] Level 1:colcon.colcon_core.package_identification:_identify(src/ros2_conveyorbelt) by extensions ['ignore', 'ignore_ament_install']
[0.169s] Level 1:colcon.colcon_core.package_identification:_identify(src/ros2_conveyorbelt) by extension 'ignore'
[0.169s] Level 1:colcon.colcon_core.package_identification:_identify(src/ros2_conveyorbelt) by extension 'ignore_ament_install'
[0.169s] Level 1:colcon.colcon_core.package_identification:_identify(src/ros2_conveyorbelt) by extensions ['colcon_pkg']
[0.169s] Level 1:colcon.colcon_core.package_identification:_identify(src/ros2_conveyorbelt) by extension 'colcon_pkg'
[0.169s] Level 1:colcon.colcon_core.package_identification:_identify(src/ros2_conveyorbelt) by extensions ['colcon_meta']
[0.169s] Level 1:colcon.colcon_core.package_identification:_identify(src/ros2_conveyorbelt) by extension 'colcon_meta'
[0.169s] Level 1:colcon.colcon_core.package_identification:_identify(src/ros2_conveyorbelt) by extensions ['ros']
[0.169s] Level 1:colcon.colcon_core.package_identification:_identify(src/ros2_conveyorbelt) by extension 'ros'
[0.169s] DEBUG:colcon.colcon_core.package_identification:Package 'src/ros2_conveyorbelt' with type 'ros.ament_cmake' and name 'ros2_conveyorbelt'
[0.169s] Level 1:colcon.colcon_core.package_identification:_identify(src/ur5) by extensions ['ignore', 'ignore_ament_install']
[0.169s] Level 1:colcon.colcon_core.package_identification:_identify(src/ur5) by extension 'ignore'
[0.170s] Level 1:colcon.colcon_core.package_identification:_identify(src/ur5) by extension 'ignore_ament_install'
[0.170s] Level 1:colcon.colcon_core.package_identification:_identify(src/ur5) by extensions ['colcon_pkg']
[0.170s] Level 1:colcon.colcon_core.package_identification:_identify(src/ur5) by extension 'colcon_pkg'
[0.170s] Level 1:colcon.colcon_core.package_identification:_identify(src/ur5) by extensions ['colcon_meta']
[0.170s] Level 1:colcon.colcon_core.package_identification:_identify(src/ur5) by extension 'colcon_meta'
[0.170s] Level 1:colcon.colcon_core.package_identification:_identify(src/ur5) by extensions ['ros']
[0.170s] Level 1:colcon.colcon_core.package_identification:_identify(src/ur5) by extension 'ros'
[0.170s] DEBUG:colcon.colcon_core.package_identification:Package 'src/ur5' with type 'ros.ament_python' and name 'ur5'
[0.170s] Level 1:colcon.colcon_core.package_discovery:discover_packages(recursive) using defaults
[0.170s] Level 1:colcon.colcon_core.package_discovery:discover_packages(ignore) discover
[0.170s] Level 1:colcon.colcon_core.package_discovery:discover_packages(ignore) using defaults
[0.170s] Level 1:colcon.colcon_core.package_discovery:discover_packages(path) discover
[0.170s] Level 1:colcon.colcon_core.package_discovery:discover_packages(path) using defaults
[0.188s] Level 1:colcon.colcon_core.package_discovery:discover_packages(prefix_path) check parameters
[0.188s] Level 1:colcon.colcon_core.package_discovery:discover_packages(prefix_path) discover
[0.189s] DEBUG:colcon.colcon_installed_package_information.package_discovery:Found 5 installed packages in /home/ps/dof_6_ws/install
[0.190s] DEBUG:colcon.colcon_installed_package_information.package_discovery:Found 5 installed packages in /home/ps/RoboticsLab-6DOF-master/install
[0.191s] DEBUG:colcon.colcon_installed_package_information.package_discovery:Found 440 installed packages in /opt/ros/humble
[0.192s] Level 1:colcon.colcon_core.package_discovery:discover_packages(prefix_path) using defaults
[0.222s] Level 5:colcon.colcon_core.verb:set package 'conveyorbelt_gazebo' build argument 'cmake_args' from command line to 'None'
[0.222s] Level 5:colcon.colcon_core.verb:set package 'conveyorbelt_gazebo' build argument 'cmake_target' from command line to 'None'
[0.222s] Level 5:colcon.colcon_core.verb:set package 'conveyorbelt_gazebo' build argument 'cmake_target_skip_unavailable' from command line to 'False'
[0.222s] Level 5:colcon.colcon_core.verb:set package 'conveyorbelt_gazebo' build argument 'cmake_clean_cache' from command line to 'False'
[0.222s] Level 5:colcon.colcon_core.verb:set package 'conveyorbelt_gazebo' build argument 'cmake_clean_first' from command line to 'False'
[0.222s] Level 5:colcon.colcon_core.verb:set package 'conveyorbelt_gazebo' build argument 'cmake_force_configure' from command line to 'False'
[0.222s] Level 5:colcon.colcon_core.verb:set package 'conveyorbelt_gazebo' build argument 'ament_cmake_args' from command line to 'None'
[0.222s] Level 5:colcon.colcon_core.verb:set package 'conveyorbelt_gazebo' build argument 'catkin_cmake_args' from command line to 'None'
[0.222s] Level 5:colcon.colcon_core.verb:set package 'conveyorbelt_gazebo' build argument 'catkin_skip_building_tests' from command line to 'False'
[0.222s] DEBUG:colcon.colcon_core.verb:Building package 'conveyorbelt_gazebo' with the following arguments: {'ament_cmake_args': None, 'build_base': '/home/ps/dof_6_ws/build/conveyorbelt_gazebo', 'catkin_cmake_args': None, 'catkin_skip_building_tests': False, 'cmake_args': None, 'cmake_clean_cache': False, 'cmake_clean_first': False, 'cmake_force_configure': False, 'cmake_target': None, 'cmake_target_skip_unavailable': False, 'install_base': '/home/ps/dof_6_ws/install/conveyorbelt_gazebo', 'merge_install': False, 'path': '/home/ps/dof_6_ws/src/conveyorbelt_gazebo', 'symlink_install': False, 'test_result_base': None}
[0.222s] Level 5:colcon.colcon_core.verb:set package 'conveyorbelt_msgs' build argument 'cmake_args' from command line to 'None'
[0.222s] Level 5:colcon.colcon_core.verb:set package 'conveyorbelt_msgs' build argument 'cmake_target' from command line to 'None'
[0.222s] Level 5:colcon.colcon_core.verb:set package 'conveyorbelt_msgs' build argument 'cmake_target_skip_unavailable' from command line to 'False'
[0.222s] Level 5:colcon.colcon_core.verb:set package 'conveyorbelt_msgs' build argument 'cmake_clean_cache' from command line to 'False'
[0.222s] Level 5:colcon.colcon_core.verb:set package 'conveyorbelt_msgs' build argument 'cmake_clean_first' from command line to 'False'
[0.222s] Level 5:colcon.colcon_core.verb:set package 'conveyorbelt_msgs' build argument 'cmake_force_configure' from command line to 'False'
[0.222s] Level 5:colcon.colcon_core.verb:set package 'conveyorbelt_msgs' build argument 'ament_cmake_args' from command line to 'None'
[0.222s] Level 5:colcon.colcon_core.verb:set package 'conveyorbelt_msgs' build argument 'catkin_cmake_args' from command line to 'None'
[0.222s] Level 5:colcon.colcon_core.verb:set package 'conveyorbelt_msgs' build argument 'catkin_skip_building_tests' from command line to 'False'
[0.222s] DEBUG:colcon.colcon_core.verb:Building package 'conveyorbelt_msgs' with the following arguments: {'ament_cmake_args': None, 'build_base': '/home/ps/dof_6_ws/build/conveyorbelt_msgs', 'catkin_cmake_args': None, 'catkin_skip_building_tests': False, 'cmake_args': None, 'cmake_clean_cache': False, 'cmake_clean_first': False, 'cmake_force_configure': False, 'cmake_target': None, 'cmake_target_skip_unavailable': False, 'install_base': '/home/ps/dof_6_ws/install/conveyorbelt_msgs', 'merge_install': False, 'path': '/home/ps/dof_6_ws/src/conveyorbelt_msgs', 'symlink_install': False, 'test_result_base': None}
[0.222s] Level 5:colcon.colcon_core.verb:set package 'ur5' build argument 'cmake_args' from command line to 'None'
[0.222s] Level 5:colcon.colcon_core.verb:set package 'ur5' build argument 'cmake_target' from command line to 'None'
[0.222s] Level 5:colcon.colcon_core.verb:set package 'ur5' build argument 'cmake_target_skip_unavailable' from command line to 'False'
[0.222s] Level 5:colcon.colcon_core.verb:set package 'ur5' build argument 'cmake_clean_cache' from command line to 'False'
[0.222s] Level 5:colcon.colcon_core.verb:set package 'ur5' build argument 'cmake_clean_first' from command line to 'False'
[0.222s] Level 5:colcon.colcon_core.verb:set package 'ur5' build argument 'cmake_force_configure' from command line to 'False'
[0.222s] Level 5:colcon.colcon_core.verb:set package 'ur5' build argument 'ament_cmake_args' from command line to 'None'
[0.222s] Level 5:colcon.colcon_core.verb:set package 'ur5' build argument 'catkin_cmake_args' from command line to 'None'
[0.222s] Level 5:colcon.colcon_core.verb:set package 'ur5' build argument 'catkin_skip_building_tests' from command line to 'False'
[0.222s] DEBUG:colcon.colcon_core.verb:Building package 'ur5' with the following arguments: {'ament_cmake_args': None, 'build_base': '/home/ps/dof_6_ws/build/ur5', 'catkin_cmake_args': None, 'catkin_skip_building_tests': False, 'cmake_args': None, 'cmake_clean_cache': False, 'cmake_clean_first': False, 'cmake_force_configure': False, 'cmake_target': None, 'cmake_target_skip_unavailable': False, 'install_base': '/home/ps/dof_6_ws/install/ur5', 'merge_install': False, 'path': '/home/ps/dof_6_ws/src/ur5', 'symlink_install': False, 'test_result_base': None}
[0.223s] Level 5:colcon.colcon_core.verb:set package 'moveit' build argument 'cmake_args' from command line to 'None'
[0.223s] Level 5:colcon.colcon_core.verb:set package 'moveit' build argument 'cmake_target' from command line to 'None'
[0.223s] Level 5:colcon.colcon_core.verb:set package 'moveit' build argument 'cmake_target_skip_unavailable' from command line to 'False'
[0.223s] Level 5:colcon.colcon_core.verb:set package 'moveit' build argument 'cmake_clean_cache' from command line to 'False'
[0.223s] Level 5:colcon.colcon_core.verb:set package 'moveit' build argument 'cmake_clean_first' from command line to 'False'
[0.223s] Level 5:colcon.colcon_core.verb:set package 'moveit' build argument 'cmake_force_configure' from command line to 'False'
[0.223s] Level 5:colcon.colcon_core.verb:set package 'moveit' build argument 'ament_cmake_args' from command line to 'None'
[0.223s] Level 5:colcon.colcon_core.verb:set package 'moveit' build argument 'catkin_cmake_args' from command line to 'None'
[0.223s] Level 5:colcon.colcon_core.verb:set package 'moveit' build argument 'catkin_skip_building_tests' from command line to 'False'
[0.223s] DEBUG:colcon.colcon_core.verb:Building package 'moveit' with the following arguments: {'ament_cmake_args': None, 'build_base': '/home/ps/dof_6_ws/build/moveit', 'catkin_cmake_args': None, 'catkin_skip_building_tests': False, 'cmake_args': None, 'cmake_clean_cache': False, 'cmake_clean_first': False, 'cmake_force_configure': False, 'cmake_target': None, 'cmake_target_skip_unavailable': False, 'install_base': '/home/ps/dof_6_ws/install/moveit', 'merge_install': False, 'path': '/home/ps/dof_6_ws/src/moveit', 'symlink_install': False, 'test_result_base': None}
[0.223s] Level 5:colcon.colcon_core.verb:set package 'ros2_conveyorbelt' build argument 'cmake_args' from command line to 'None'
[0.223s] Level 5:colcon.colcon_core.verb:set package 'ros2_conveyorbelt' build argument 'cmake_target' from command line to 'None'
[0.223s] Level 5:colcon.colcon_core.verb:set package 'ros2_conveyorbelt' build argument 'cmake_target_skip_unavailable' from command line to 'False'
[0.223s] Level 5:colcon.colcon_core.verb:set package 'ros2_conveyorbelt' build argument 'cmake_clean_cache' from command line to 'False'
[0.223s] Level 5:colcon.colcon_core.verb:set package 'ros2_conveyorbelt' build argument 'cmake_clean_first' from command line to 'False'
[0.223s] Level 5:colcon.colcon_core.verb:set package 'ros2_conveyorbelt' build argument 'cmake_force_configure' from command line to 'False'
[0.223s] Level 5:colcon.colcon_core.verb:set package 'ros2_conveyorbelt' build argument 'ament_cmake_args' from command line to 'None'
[0.223s] Level 5:colcon.colcon_core.verb:set package 'ros2_conveyorbelt' build argument 'catkin_cmake_args' from command line to 'None'
[0.223s] Level 5:colcon.colcon_core.verb:set package 'ros2_conveyorbelt' build argument 'catkin_skip_building_tests' from command line to 'False'
[0.223s] DEBUG:colcon.colcon_core.verb:Building package 'ros2_conveyorbelt' with the following arguments: {'ament_cmake_args': None, 'build_base': '/home/ps/dof_6_ws/build/ros2_conveyorbelt', 'catkin_cmake_args': None, 'catkin_skip_building_tests': False, 'cmake_args': None, 'cmake_clean_cache': False, 'cmake_clean_first': False, 'cmake_force_configure': False, 'cmake_target': None, 'cmake_target_skip_unavailable': False, 'install_base': '/home/ps/dof_6_ws/install/ros2_conveyorbelt', 'merge_install': False, 'path': '/home/ps/dof_6_ws/src/ros2_conveyorbelt', 'symlink_install': False, 'test_result_base': None}
[0.223s] INFO:colcon.colcon_core.executor:Executing jobs using 'parallel' executor
[0.224s] DEBUG:colcon.colcon_parallel_executor.executor.parallel:run_until_complete
[0.224s] INFO:colcon.colcon_ros.task.ament_cmake.build:Building ROS package in '/home/ps/dof_6_ws/src/conveyorbelt_msgs' with build type 'ament_cmake'
[0.224s] INFO:colcon.colcon_cmake.task.cmake.build:Building CMake package in '/home/ps/dof_6_ws/src/conveyorbelt_msgs'
[0.225s] INFO:colcon.colcon_core.plugin_system:Skipping extension 'colcon_core.shell.bat': Not used on non-Windows systems
[0.225s] INFO:colcon.colcon_core.shell:Skip shell extension 'powershell' for command environment: Not usable outside of PowerShell
[0.225s] DEBUG:colcon.colcon_core.shell:Skip shell extension 'dsv' for command environment
[0.228s] INFO:colcon.colcon_ros.task.ament_python.build:Building ROS package in '/home/ps/dof_6_ws/src/ur5' with build type 'ament_python'
[0.228s] Level 1:colcon.colcon_core.shell:create_environment_hook('ur5', 'ament_prefix_path')
[0.228s] INFO:colcon.colcon_core.shell:Creating environment hook '/home/ps/dof_6_ws/install/ur5/share/ur5/hook/ament_prefix_path.ps1'
[0.229s] INFO:colcon.colcon_core.shell:Creating environment descriptor '/home/ps/dof_6_ws/install/ur5/share/ur5/hook/ament_prefix_path.dsv'
[0.229s] INFO:colcon.colcon_core.shell:Creating environment hook '/home/ps/dof_6_ws/install/ur5/share/ur5/hook/ament_prefix_path.sh'
[0.229s] INFO:colcon.colcon_core.shell:Skip shell extension 'powershell' for command environment: Not usable outside of PowerShell
[0.229s] DEBUG:colcon.colcon_core.shell:Skip shell extension 'dsv' for command environment
[0.232s] INFO:colcon.colcon_ros.task.ament_cmake.build:Building ROS package in '/home/ps/dof_6_ws/src/conveyorbelt_gazebo' with build type 'ament_cmake'
[0.232s] INFO:colcon.colcon_cmake.task.cmake.build:Building CMake package in '/home/ps/dof_6_ws/src/conveyorbelt_gazebo'
[0.232s] INFO:colcon.colcon_core.shell:Skip shell extension 'powershell' for command environment: Not usable outside of PowerShell
[0.232s] DEBUG:colcon.colcon_core.shell:Skip shell extension 'dsv' for command environment
[0.240s] DEBUG:colcon.colcon_core.event_handler.log_command:Invoking command in '/home/ps/dof_6_ws/build/conveyorbelt_msgs': CMAKE_PREFIX_PATH=${CMAKE_PREFIX_PATH}:/home/ps/dof_6_ws/install/ur5:/opt/ros/humble /usr/bin/cmake --build /home/ps/dof_6_ws/build/conveyorbelt_msgs -- -j12 -l12
[0.400s] INFO:colcon.colcon_core.task.python.build:Building Python package in '/home/ps/dof_6_ws/src/ur5'
[0.401s] INFO:colcon.colcon_core.shell:Skip shell extension 'powershell' for command environment: Not usable outside of PowerShell
[0.401s] DEBUG:colcon.colcon_core.shell:Skip shell extension 'dsv' for command environment
[0.408s] DEBUG:colcon.colcon_core.event_handler.log_command:Invoking command in '/home/ps/dof_6_ws/build/conveyorbelt_gazebo': CMAKE_PREFIX_PATH=${CMAKE_PREFIX_PATH}:/home/ps/dof_6_ws/install/ur5:/opt/ros/humble /usr/bin/cmake --build /home/ps/dof_6_ws/build/conveyorbelt_gazebo -- -j12 -l12
[0.445s] DEBUG:colcon.colcon_core.event_handler.log_command:Invoked command in '/home/ps/dof_6_ws/build/conveyorbelt_gazebo' returned '0': CMAKE_PREFIX_PATH=${CMAKE_PREFIX_PATH}:/home/ps/dof_6_ws/install/ur5:/opt/ros/humble /usr/bin/cmake --build /home/ps/dof_6_ws/build/conveyorbelt_gazebo -- -j12 -l12
[0.470s] DEBUG:colcon.colcon_core.event_handler.log_command:Invoking command in '/home/ps/dof_6_ws/build/conveyorbelt_gazebo': CMAKE_PREFIX_PATH=${CMAKE_PREFIX_PATH}:/home/ps/dof_6_ws/install/ur5:/opt/ros/humble /usr/bin/cmake --install /home/ps/dof_6_ws/build/conveyorbelt_gazebo
[0.473s] DEBUG:colcon.colcon_core.event_handler.log_command:Invoked command in '/home/ps/dof_6_ws/build/conveyorbelt_msgs' returned '0': CMAKE_PREFIX_PATH=${CMAKE_PREFIX_PATH}:/home/ps/dof_6_ws/install/ur5:/opt/ros/humble /usr/bin/cmake --build /home/ps/dof_6_ws/build/conveyorbelt_msgs -- -j12 -l12
[0.477s] Level 1:colcon.colcon_core.environment:create_environment_scripts_only(conveyorbelt_gazebo)
[0.478s] DEBUG:colcon.colcon_core.event_handler.log_command:Invoked command in '/home/ps/dof_6_ws/build/conveyorbelt_gazebo' returned '0': CMAKE_PREFIX_PATH=${CMAKE_PREFIX_PATH}:/home/ps/dof_6_ws/install/ur5:/opt/ros/humble /usr/bin/cmake --install /home/ps/dof_6_ws/build/conveyorbelt_gazebo
[0.479s] Level 1:colcon.colcon_core.environment:checking '/home/ps/dof_6_ws/install/conveyorbelt_gazebo' for CMake module files
[0.479s] Level 1:colcon.colcon_core.environment:checking '/home/ps/dof_6_ws/install/conveyorbelt_gazebo' for CMake config files
[0.479s] Level 1:colcon.colcon_core.shell:create_environment_hook('conveyorbelt_gazebo', 'cmake_prefix_path')
[0.480s] INFO:colcon.colcon_core.shell:Creating environment hook '/home/ps/dof_6_ws/install/conveyorbelt_gazebo/share/conveyorbelt_gazebo/hook/cmake_prefix_path.ps1'
[0.480s] INFO:colcon.colcon_core.shell:Creating environment descriptor '/home/ps/dof_6_ws/install/conveyorbelt_gazebo/share/conveyorbelt_gazebo/hook/cmake_prefix_path.dsv'
[0.480s] INFO:colcon.colcon_core.shell:Creating environment hook '/home/ps/dof_6_ws/install/conveyorbelt_gazebo/share/conveyorbelt_gazebo/hook/cmake_prefix_path.sh'
[0.481s] Level 1:colcon.colcon_core.environment:checking '/home/ps/dof_6_ws/install/conveyorbelt_gazebo/bin'
[0.481s] Level 1:colcon.colcon_core.environment:checking '/home/ps/dof_6_ws/install/conveyorbelt_gazebo/lib/pkgconfig/conveyorbelt_gazebo.pc'
[0.481s] Level 1:colcon.colcon_core.environment:checking '/home/ps/dof_6_ws/install/conveyorbelt_gazebo/lib/python3.10/site-packages'
[0.481s] Level 1:colcon.colcon_core.environment:checking '/home/ps/dof_6_ws/install/conveyorbelt_gazebo/bin'
[0.481s] INFO:colcon.colcon_core.shell:Creating package script '/home/ps/dof_6_ws/install/conveyorbelt_gazebo/share/conveyorbelt_gazebo/package.ps1'
[0.481s] INFO:colcon.colcon_core.shell:Creating package descriptor '/home/ps/dof_6_ws/install/conveyorbelt_gazebo/share/conveyorbelt_gazebo/package.dsv'
[0.482s] INFO:colcon.colcon_core.shell:Creating package script '/home/ps/dof_6_ws/install/conveyorbelt_gazebo/share/conveyorbelt_gazebo/package.sh'
[0.482s] INFO:colcon.colcon_core.shell:Creating package script '/home/ps/dof_6_ws/install/conveyorbelt_gazebo/share/conveyorbelt_gazebo/package.bash'
[0.482s] INFO:colcon.colcon_core.shell:Creating package script '/home/ps/dof_6_ws/install/conveyorbelt_gazebo/share/conveyorbelt_gazebo/package.zsh'
[0.483s] Level 1:colcon.colcon_core.environment:create_file_with_runtime_dependencies(/home/ps/dof_6_ws/install/conveyorbelt_gazebo/share/colcon-core/packages/conveyorbelt_gazebo)
[0.502s] Level 1:colcon.colcon_core.environment:create_environment_scripts_only(conveyorbelt_gazebo)
[0.502s] Level 1:colcon.colcon_core.environment:checking '/home/ps/dof_6_ws/install/conveyorbelt_gazebo' for CMake module files
[0.502s] Level 1:colcon.colcon_core.environment:checking '/home/ps/dof_6_ws/install/conveyorbelt_gazebo' for CMake config files
[0.502s] Level 1:colcon.colcon_core.shell:create_environment_hook('conveyorbelt_gazebo', 'cmake_prefix_path')
[0.502s] INFO:colcon.colcon_core.shell:Creating environment hook '/home/ps/dof_6_ws/install/conveyorbelt_gazebo/share/conveyorbelt_gazebo/hook/cmake_prefix_path.ps1'
[0.503s] INFO:colcon.colcon_core.shell:Creating environment descriptor '/home/ps/dof_6_ws/install/conveyorbelt_gazebo/share/conveyorbelt_gazebo/hook/cmake_prefix_path.dsv'
[0.503s] INFO:colcon.colcon_core.shell:Creating environment hook '/home/ps/dof_6_ws/install/conveyorbelt_gazebo/share/conveyorbelt_gazebo/hook/cmake_prefix_path.sh'
[0.503s] Level 1:colcon.colcon_core.environment:checking '/home/ps/dof_6_ws/install/conveyorbelt_gazebo/bin'
[0.503s] Level 1:colcon.colcon_core.environment:checking '/home/ps/dof_6_ws/install/conveyorbelt_gazebo/lib/pkgconfig/conveyorbelt_gazebo.pc'
[0.503s] Level 1:colcon.colcon_core.environment:checking '/home/ps/dof_6_ws/install/conveyorbelt_gazebo/lib/python3.10/site-packages'
[0.504s] Level 1:colcon.colcon_core.environment:checking '/home/ps/dof_6_ws/install/conveyorbelt_gazebo/bin'
[0.504s] INFO:colcon.colcon_core.shell:Creating package script '/home/ps/dof_6_ws/install/conveyorbelt_gazebo/share/conveyorbelt_gazebo/package.ps1'
[0.504s] INFO:colcon.colcon_core.shell:Creating package descriptor '/home/ps/dof_6_ws/install/conveyorbelt_gazebo/share/conveyorbelt_gazebo/package.dsv'
[0.504s] INFO:colcon.colcon_core.shell:Creating package script '/home/ps/dof_6_ws/install/conveyorbelt_gazebo/share/conveyorbelt_gazebo/package.sh'
[0.504s] INFO:colcon.colcon_core.shell:Creating package script '/home/ps/dof_6_ws/install/conveyorbelt_gazebo/share/conveyorbelt_gazebo/package.bash'
[0.505s] INFO:colcon.colcon_core.shell:Creating package script '/home/ps/dof_6_ws/install/conveyorbelt_gazebo/share/conveyorbelt_gazebo/package.zsh'
[0.505s] Level 1:colcon.colcon_core.environment:create_file_with_runtime_dependencies(/home/ps/dof_6_ws/install/conveyorbelt_gazebo/share/colcon-core/packages/conveyorbelt_gazebo)
[0.538s] DEBUG:colcon.colcon_core.event_handler.log_command:Invoking command in '/home/ps/dof_6_ws/build/conveyorbelt_msgs': CMAKE_PREFIX_PATH=${CMAKE_PREFIX_PATH}:/home/ps/dof_6_ws/install/ur5:/opt/ros/humble /usr/bin/cmake --install /home/ps/dof_6_ws/build/conveyorbelt_msgs
[0.577s] Level 1:colcon.colcon_core.environment:create_environment_scripts_only(conveyorbelt_msgs)
[0.577s] Level 1:colcon.colcon_core.environment:checking '/home/ps/dof_6_ws/install/conveyorbelt_msgs' for CMake module files
[0.577s] DEBUG:colcon.colcon_core.event_handler.log_command:Invoked command in '/home/ps/dof_6_ws/build/conveyorbelt_msgs' returned '0': CMAKE_PREFIX_PATH=${CMAKE_PREFIX_PATH}:/home/ps/dof_6_ws/install/ur5:/opt/ros/humble /usr/bin/cmake --install /home/ps/dof_6_ws/build/conveyorbelt_msgs
[0.578s] Level 1:colcon.colcon_core.environment:checking '/home/ps/dof_6_ws/install/conveyorbelt_msgs' for CMake config files
[0.578s] Level 1:colcon.colcon_core.shell:create_environment_hook('conveyorbelt_msgs', 'cmake_prefix_path')
[0.578s] INFO:colcon.colcon_core.shell:Creating environment hook '/home/ps/dof_6_ws/install/conveyorbelt_msgs/share/conveyorbelt_msgs/hook/cmake_prefix_path.ps1'
[0.578s] INFO:colcon.colcon_core.shell:Creating environment descriptor '/home/ps/dof_6_ws/install/conveyorbelt_msgs/share/conveyorbelt_msgs/hook/cmake_prefix_path.dsv'
[0.579s] INFO:colcon.colcon_core.shell:Creating environment hook '/home/ps/dof_6_ws/install/conveyorbelt_msgs/share/conveyorbelt_msgs/hook/cmake_prefix_path.sh'
[0.579s] Level 1:colcon.colcon_core.environment:checking '/home/ps/dof_6_ws/install/conveyorbelt_msgs/lib'
[0.579s] Level 1:colcon.colcon_core.shell:create_environment_hook('conveyorbelt_msgs', 'ld_library_path_lib')
[0.579s] INFO:colcon.colcon_core.shell:Creating environment hook '/home/ps/dof_6_ws/install/conveyorbelt_msgs/share/conveyorbelt_msgs/hook/ld_library_path_lib.ps1'
[0.579s] INFO:colcon.colcon_core.shell:Creating environment descriptor '/home/ps/dof_6_ws/install/conveyorbelt_msgs/share/conveyorbelt_msgs/hook/ld_library_path_lib.dsv'
[0.580s] INFO:colcon.colcon_core.shell:Creating environment hook '/home/ps/dof_6_ws/install/conveyorbelt_msgs/share/conveyorbelt_msgs/hook/ld_library_path_lib.sh'
[0.580s] Level 1:colcon.colcon_core.environment:checking '/home/ps/dof_6_ws/install/conveyorbelt_msgs/bin'
[0.580s] Level 1:colcon.colcon_core.environment:checking '/home/ps/dof_6_ws/install/conveyorbelt_msgs/lib/pkgconfig/conveyorbelt_msgs.pc'
[0.580s] Level 1:colcon.colcon_core.environment:checking '/home/ps/dof_6_ws/install/conveyorbelt_msgs/lib/python3.10/site-packages'
[0.580s] Level 1:colcon.colcon_core.environment:checking '/home/ps/dof_6_ws/install/conveyorbelt_msgs/bin'
[0.580s] INFO:colcon.colcon_core.shell:Creating package script '/home/ps/dof_6_ws/install/conveyorbelt_msgs/share/conveyorbelt_msgs/package.ps1'
[0.581s] INFO:colcon.colcon_core.shell:Creating package descriptor '/home/ps/dof_6_ws/install/conveyorbelt_msgs/share/conveyorbelt_msgs/package.dsv'
[0.581s] INFO:colcon.colcon_core.shell:Creating package script '/home/ps/dof_6_ws/install/conveyorbelt_msgs/share/conveyorbelt_msgs/package.sh'
[0.581s] INFO:colcon.colcon_core.shell:Creating package script '/home/ps/dof_6_ws/install/conveyorbelt_msgs/share/conveyorbelt_msgs/package.bash'
[0.581s] INFO:colcon.colcon_core.shell:Creating package script '/home/ps/dof_6_ws/install/conveyorbelt_msgs/share/conveyorbelt_msgs/package.zsh'
[0.581s] Level 1:colcon.colcon_core.environment:create_file_with_runtime_dependencies(/home/ps/dof_6_ws/install/conveyorbelt_msgs/share/colcon-core/packages/conveyorbelt_msgs)
[0.621s] DEBUG:colcon.colcon_core.event_handler.log_command:Invoking command in '/home/ps/dof_6_ws/src/ur5': PYTHONPATH=/home/ps/dof_6_ws/build/ur5/prefix_override:/usr/lib/python3/dist-packages/colcon_core/task/python/colcon_distutils_commands:/home/ps/dof_6_ws/install/ur5/lib/python3.10/site-packages:${PYTHONPATH} /usr/bin/python3 -W ignore:setup.py install is deprecated setup.py egg_info --egg-base ../../build/ur5 build --build-base /home/ps/dof_6_ws/build/ur5/build install --record /home/ps/dof_6_ws/build/ur5/install.log --single-version-externally-managed install_data
[0.650s] Level 1:colcon.colcon_core.environment:create_environment_scripts_only(conveyorbelt_msgs)
[0.650s] Level 1:colcon.colcon_core.environment:checking '/home/ps/dof_6_ws/install/conveyorbelt_msgs' for CMake module files
[0.651s] Level 1:colcon.colcon_core.environment:checking '/home/ps/dof_6_ws/install/conveyorbelt_msgs' for CMake config files
[0.651s] Level 1:colcon.colcon_core.shell:create_environment_hook('conveyorbelt_msgs', 'cmake_prefix_path')
[0.651s] INFO:colcon.colcon_core.shell:Creating environment hook '/home/ps/dof_6_ws/install/conveyorbelt_msgs/share/conveyorbelt_msgs/hook/cmake_prefix_path.ps1'
[0.651s] INFO:colcon.colcon_core.shell:Creating environment descriptor '/home/ps/dof_6_ws/install/conveyorbelt_msgs/share/conveyorbelt_msgs/hook/cmake_prefix_path.dsv'
[0.652s] INFO:colcon.colcon_core.shell:Creating environment hook '/home/ps/dof_6_ws/install/conveyorbelt_msgs/share/conveyorbelt_msgs/hook/cmake_prefix_path.sh'
[0.652s] Level 1:colcon.colcon_core.environment:checking '/home/ps/dof_6_ws/install/conveyorbelt_msgs/lib'
[0.652s] Level 1:colcon.colcon_core.shell:create_environment_hook('conveyorbelt_msgs', 'ld_library_path_lib')
[0.652s] INFO:colcon.colcon_core.shell:Creating environment hook '/home/ps/dof_6_ws/install/conveyorbelt_msgs/share/conveyorbelt_msgs/hook/ld_library_path_lib.ps1'
[0.652s] INFO:colcon.colcon_core.shell:Creating environment descriptor '/home/ps/dof_6_ws/install/conveyorbelt_msgs/share/conveyorbelt_msgs/hook/ld_library_path_lib.dsv'
[0.653s] INFO:colcon.colcon_core.shell:Creating environment hook '/home/ps/dof_6_ws/install/conveyorbelt_msgs/share/conveyorbelt_msgs/hook/ld_library_path_lib.sh'
[0.653s] Level 1:colcon.colcon_core.environment:checking '/home/ps/dof_6_ws/install/conveyorbelt_msgs/bin'
[0.653s] Level 1:colcon.colcon_core.environment:checking '/home/ps/dof_6_ws/install/conveyorbelt_msgs/lib/pkgconfig/conveyorbelt_msgs.pc'
[0.653s] Level 1:colcon.colcon_core.environment:checking '/home/ps/dof_6_ws/install/conveyorbelt_msgs/lib/python3.10/site-packages'
[0.653s] Level 1:colcon.colcon_core.environment:checking '/home/ps/dof_6_ws/install/conveyorbelt_msgs/bin'
[0.653s] INFO:colcon.colcon_core.shell:Creating package script '/home/ps/dof_6_ws/install/conveyorbelt_msgs/share/conveyorbelt_msgs/package.ps1'
[0.654s] INFO:colcon.colcon_core.shell:Creating package descriptor '/home/ps/dof_6_ws/install/conveyorbelt_msgs/share/conveyorbelt_msgs/package.dsv'
[0.654s] INFO:colcon.colcon_core.shell:Creating package script '/home/ps/dof_6_ws/install/conveyorbelt_msgs/share/conveyorbelt_msgs/package.sh'
[0.654s] INFO:colcon.colcon_core.shell:Creating package script '/home/ps/dof_6_ws/install/conveyorbelt_msgs/share/conveyorbelt_msgs/package.bash'
[0.654s] INFO:colcon.colcon_core.shell:Creating package script '/home/ps/dof_6_ws/install/conveyorbelt_msgs/share/conveyorbelt_msgs/package.zsh'
[0.654s] Level 1:colcon.colcon_core.environment:create_file_with_runtime_dependencies(/home/ps/dof_6_ws/install/conveyorbelt_msgs/share/colcon-core/packages/conveyorbelt_msgs)
[0.655s] INFO:colcon.colcon_ros.task.ament_cmake.build:Building ROS package in '/home/ps/dof_6_ws/src/ros2_conveyorbelt' with build type 'ament_cmake'
[0.655s] INFO:colcon.colcon_cmake.task.cmake.build:Building CMake package in '/home/ps/dof_6_ws/src/ros2_conveyorbelt'
[0.655s] INFO:colcon.colcon_core.shell:Skip shell extension 'powershell' for command environment: Not usable outside of PowerShell
[0.655s] DEBUG:colcon.colcon_core.shell:Skip shell extension 'dsv' for command environment
[0.664s] DEBUG:colcon.colcon_core.event_handler.log_command:Invoking command in '/home/ps/dof_6_ws/build/ros2_conveyorbelt': CMAKE_PREFIX_PATH=/home/ps/dof_6_ws/install/conveyorbelt_msgs:/home/ps/dof_6_ws/install/moveit:/home/ps/dof_6_ws/install/ros2_conveyorbelt:/home/ps/dof_6_ws/install/conveyorbelt_gazebo:/home/ps/RoboticsLab-6DOF-master/install/moveit:/home/ps/RoboticsLab-6DOF-master/install/ur5:/home/ps/RoboticsLab-6DOF-master/install/ros2_conveyorbelt:/home/ps/RoboticsLab-6DOF-master/install/conveyorbelt_msgs:/home/ps/RoboticsLab-6DOF-master/install/conveyorbelt_gazebo:/home/ps/dof_6_ws/install/ur5:/opt/ros/humble LD_LIBRARY_PATH=/home/ps/dof_6_ws/install/conveyorbelt_msgs/lib:/home/ps/dof_6_ws/install/ros2_conveyorbelt/lib:/home/ps/RoboticsLab-6DOF-master/install/ros2_conveyorbelt/lib:/home/ps/RoboticsLab-6DOF-master/install/conveyorbelt_msgs/lib:/usr/lib/x86_64-linux-gnu/gazebo-11/plugins:/opt/ros/humble/opt/rviz_ogre_vendor/lib:/opt/ros/humble/lib/x86_64-linux-gnu:/opt/ros/humble/lib:/usr/lib/x86_64-linux-gnu/gazebo-11/plugins /usr/bin/cmake --build /home/ps/dof_6_ws/build/ros2_conveyorbelt -- -j12 -l12
[0.731s] DEBUG:colcon.colcon_core.event_handler.log_command:Invoked command in '/home/ps/dof_6_ws/build/ros2_conveyorbelt' returned '0': CMAKE_PREFIX_PATH=/home/ps/dof_6_ws/install/conveyorbelt_msgs:/home/ps/dof_6_ws/install/moveit:/home/ps/dof_6_ws/install/ros2_conveyorbelt:/home/ps/dof_6_ws/install/conveyorbelt_gazebo:/home/ps/RoboticsLab-6DOF-master/install/moveit:/home/ps/RoboticsLab-6DOF-master/install/ur5:/home/ps/RoboticsLab-6DOF-master/install/ros2_conveyorbelt:/home/ps/RoboticsLab-6DOF-master/install/conveyorbelt_msgs:/home/ps/RoboticsLab-6DOF-master/install/conveyorbelt_gazebo:/home/ps/dof_6_ws/install/ur5:/opt/ros/humble LD_LIBRARY_PATH=/home/ps/dof_6_ws/install/conveyorbelt_msgs/lib:/home/ps/dof_6_ws/install/ros2_conveyorbelt/lib:/home/ps/RoboticsLab-6DOF-master/install/ros2_conveyorbelt/lib:/home/ps/RoboticsLab-6DOF-master/install/conveyorbelt_msgs/lib:/usr/lib/x86_64-linux-gnu/gazebo-11/plugins:/opt/ros/humble/opt/rviz_ogre_vendor/lib:/opt/ros/humble/lib/x86_64-linux-gnu:/opt/ros/humble/lib:/usr/lib/x86_64-linux-gnu/gazebo-11/plugins /usr/bin/cmake --build /home/ps/dof_6_ws/build/ros2_conveyorbelt -- -j12 -l12
[0.754s] DEBUG:colcon.colcon_core.event_handler.log_command:Invoking command in '/home/ps/dof_6_ws/build/ros2_conveyorbelt': CMAKE_PREFIX_PATH=/home/ps/dof_6_ws/install/conveyorbelt_msgs:/home/ps/dof_6_ws/install/moveit:/home/ps/dof_6_ws/install/ros2_conveyorbelt:/home/ps/dof_6_ws/install/conveyorbelt_gazebo:/home/ps/RoboticsLab-6DOF-master/install/moveit:/home/ps/RoboticsLab-6DOF-master/install/ur5:/home/ps/RoboticsLab-6DOF-master/install/ros2_conveyorbelt:/home/ps/RoboticsLab-6DOF-master/install/conveyorbelt_msgs:/home/ps/RoboticsLab-6DOF-master/install/conveyorbelt_gazebo:/home/ps/dof_6_ws/install/ur5:/opt/ros/humble LD_LIBRARY_PATH=/home/ps/dof_6_ws/install/conveyorbelt_msgs/lib:/home/ps/dof_6_ws/install/ros2_conveyorbelt/lib:/home/ps/RoboticsLab-6DOF-master/install/ros2_conveyorbelt/lib:/home/ps/RoboticsLab-6DOF-master/install/conveyorbelt_msgs/lib:/usr/lib/x86_64-linux-gnu/gazebo-11/plugins:/opt/ros/humble/opt/rviz_ogre_vendor/lib:/opt/ros/humble/lib/x86_64-linux-gnu:/opt/ros/humble/lib:/usr/lib/x86_64-linux-gnu/gazebo-11/plugins /usr/bin/cmake --install /home/ps/dof_6_ws/build/ros2_conveyorbelt
[0.762s] Level 1:colcon.colcon_core.environment:create_environment_scripts_only(ros2_conveyorbelt)
[0.763s] Level 1:colcon.colcon_core.environment:checking '/home/ps/dof_6_ws/install/ros2_conveyorbelt' for CMake module files
[0.763s] DEBUG:colcon.colcon_core.event_handler.log_command:Invoked command in '/home/ps/dof_6_ws/build/ros2_conveyorbelt' returned '0': CMAKE_PREFIX_PATH=/home/ps/dof_6_ws/install/conveyorbelt_msgs:/home/ps/dof_6_ws/install/moveit:/home/ps/dof_6_ws/install/ros2_conveyorbelt:/home/ps/dof_6_ws/install/conveyorbelt_gazebo:/home/ps/RoboticsLab-6DOF-master/install/moveit:/home/ps/RoboticsLab-6DOF-master/install/ur5:/home/ps/RoboticsLab-6DOF-master/install/ros2_conveyorbelt:/home/ps/RoboticsLab-6DOF-master/install/conveyorbelt_msgs:/home/ps/RoboticsLab-6DOF-master/install/conveyorbelt_gazebo:/home/ps/dof_6_ws/install/ur5:/opt/ros/humble LD_LIBRARY_PATH=/home/ps/dof_6_ws/install/conveyorbelt_msgs/lib:/home/ps/dof_6_ws/install/ros2_conveyorbelt/lib:/home/ps/RoboticsLab-6DOF-master/install/ros2_conveyorbelt/lib:/home/ps/RoboticsLab-6DOF-master/install/conveyorbelt_msgs/lib:/usr/lib/x86_64-linux-gnu/gazebo-11/plugins:/opt/ros/humble/opt/rviz_ogre_vendor/lib:/opt/ros/humble/lib/x86_64-linux-gnu:/opt/ros/humble/lib:/usr/lib/x86_64-linux-gnu/gazebo-11/plugins /usr/bin/cmake --install /home/ps/dof_6_ws/build/ros2_conveyorbelt
[0.763s] Level 1:colcon.colcon_core.environment:checking '/home/ps/dof_6_ws/install/ros2_conveyorbelt' for CMake config files
[0.763s] Level 1:colcon.colcon_core.shell:create_environment_hook('ros2_conveyorbelt', 'cmake_prefix_path')
[0.763s] INFO:colcon.colcon_core.shell:Creating environment hook '/home/ps/dof_6_ws/install/ros2_conveyorbelt/share/ros2_conveyorbelt/hook/cmake_prefix_path.ps1'
[0.764s] INFO:colcon.colcon_core.shell:Creating environment descriptor '/home/ps/dof_6_ws/install/ros2_conveyorbelt/share/ros2_conveyorbelt/hook/cmake_prefix_path.dsv'
[0.764s] INFO:colcon.colcon_core.shell:Creating environment hook '/home/ps/dof_6_ws/install/ros2_conveyorbelt/share/ros2_conveyorbelt/hook/cmake_prefix_path.sh'
[0.764s] Level 1:colcon.colcon_core.environment:checking '/home/ps/dof_6_ws/install/ros2_conveyorbelt/lib'
[0.764s] Level 1:colcon.colcon_core.shell:create_environment_hook('ros2_conveyorbelt', 'ld_library_path_lib')
[0.764s] INFO:colcon.colcon_core.shell:Creating environment hook '/home/ps/dof_6_ws/install/ros2_conveyorbelt/share/ros2_conveyorbelt/hook/ld_library_path_lib.ps1'
[0.765s] INFO:colcon.colcon_core.shell:Creating environment descriptor '/home/ps/dof_6_ws/install/ros2_conveyorbelt/share/ros2_conveyorbelt/hook/ld_library_path_lib.dsv'
[0.765s] INFO:colcon.colcon_core.shell:Creating environment hook '/home/ps/dof_6_ws/install/ros2_conveyorbelt/share/ros2_conveyorbelt/hook/ld_library_path_lib.sh'
[0.765s] Level 1:colcon.colcon_core.environment:checking '/home/ps/dof_6_ws/install/ros2_conveyorbelt/bin'
[0.765s] Level 1:colcon.colcon_core.environment:checking '/home/ps/dof_6_ws/install/ros2_conveyorbelt/lib/pkgconfig/ros2_conveyorbelt.pc'
[0.765s] Level 1:colcon.colcon_core.environment:checking '/home/ps/dof_6_ws/install/ros2_conveyorbelt/lib/python3.10/site-packages'
[0.765s] Level 1:colcon.colcon_core.environment:checking '/home/ps/dof_6_ws/install/ros2_conveyorbelt/bin'
[0.766s] INFO:colcon.colcon_core.shell:Creating package script '/home/ps/dof_6_ws/install/ros2_conveyorbelt/share/ros2_conveyorbelt/package.ps1'
[0.766s] INFO:colcon.colcon_core.shell:Creating package descriptor '/home/ps/dof_6_ws/install/ros2_conveyorbelt/share/ros2_conveyorbelt/package.dsv'
[0.766s] INFO:colcon.colcon_core.shell:Creating package script '/home/ps/dof_6_ws/install/ros2_conveyorbelt/share/ros2_conveyorbelt/package.sh'
[0.766s] INFO:colcon.colcon_core.shell:Creating package script '/home/ps/dof_6_ws/install/ros2_conveyorbelt/share/ros2_conveyorbelt/package.bash'
[0.766s] INFO:colcon.colcon_core.shell:Creating package script '/home/ps/dof_6_ws/install/ros2_conveyorbelt/share/ros2_conveyorbelt/package.zsh'
[0.767s] Level 1:colcon.colcon_core.environment:create_file_with_runtime_dependencies(/home/ps/dof_6_ws/install/ros2_conveyorbelt/share/colcon-core/packages/ros2_conveyorbelt)
[0.774s] DEBUG:colcon.colcon_core.event_handler.log_command:Invoked command in '/home/ps/dof_6_ws/src/ur5' returned '1': PYTHONPATH=/home/ps/dof_6_ws/build/ur5/prefix_override:/usr/lib/python3/dist-packages/colcon_core/task/python/colcon_distutils_commands:/home/ps/dof_6_ws/install/ur5/lib/python3.10/site-packages:${PYTHONPATH} /usr/bin/python3 -W ignore:setup.py install is deprecated setup.py egg_info --egg-base ../../build/ur5 build --build-base /home/ps/dof_6_ws/build/ur5/build install --record /home/ps/dof_6_ws/build/ur5/install.log --single-version-externally-managed install_data
[0.800s] DEBUG:colcon.colcon_parallel_executor.executor.parallel:closing loop
[0.800s] DEBUG:colcon.colcon_parallel_executor.executor.parallel:loop closed
[0.800s] DEBUG:colcon.colcon_parallel_executor.executor.parallel:run_until_complete finished with '1'
[0.800s] DEBUG:colcon.colcon_core.event_reactor:joining thread
[0.804s] INFO:colcon.colcon_core.plugin_system:Skipping extension 'colcon_notification.desktop_notification.terminal_notifier': Not used on non-Darwin systems
[0.804s] INFO:colcon.colcon_core.plugin_system:Skipping extension 'colcon_notification.desktop_notification.win32': Not used on non-Windows systems
[0.804s] INFO:colcon.colcon_notification.desktop_notification:Sending desktop notification using 'notify2'
[0.811s] DEBUG:colcon.colcon_core.event_reactor:joined thread
[0.812s] INFO:colcon.colcon_core.shell:Creating prefix script '/home/ps/dof_6_ws/install/local_setup.ps1'
[0.813s] INFO:colcon.colcon_core.shell:Creating prefix util module '/home/ps/dof_6_ws/install/_local_setup_util_ps1.py'
[0.813s] INFO:colcon.colcon_core.shell:Creating prefix chain script '/home/ps/dof_6_ws/install/setup.ps1'
[0.814s] INFO:colcon.colcon_core.shell:Creating prefix script '/home/ps/dof_6_ws/install/local_setup.sh'
[0.815s] INFO:colcon.colcon_core.shell:Creating prefix util module '/home/ps/dof_6_ws/install/_local_setup_util_sh.py'
[0.815s] INFO:colcon.colcon_core.shell:Creating prefix chain script '/home/ps/dof_6_ws/install/setup.sh'
[0.816s] INFO:colcon.colcon_core.shell:Creating prefix script '/home/ps/dof_6_ws/install/local_setup.bash'
[0.816s] INFO:colcon.colcon_core.shell:Creating prefix chain script '/home/ps/dof_6_ws/install/setup.bash'
[0.817s] INFO:colcon.colcon_core.shell:Creating prefix script '/home/ps/dof_6_ws/install/local_setup.zsh'
[0.817s] INFO:colcon.colcon_core.shell:Creating prefix chain script '/home/ps/dof_6_ws/install/setup.zsh'
