-- Install configuration: ""
-- Up-to-date: /home/ps/dof_6_ws/install/conveyorbelt_gazebo/share/conveyorbelt_gazebo/launch
-- Up-to-date: /home/ps/dof_6_ws/install/conveyorbelt_gazebo/share/conveyorbelt_gazebo/launch/conveyorbelt.launch.py
-- Up-to-date: /home/ps/dof_6_ws/install/conveyorbelt_gazebo/share/conveyorbelt_gazebo/models
-- Up-to-date: /home/ps/dof_6_ws/install/conveyorbelt_gazebo/share/conveyorbelt_gazebo/models/conveyor_belt
-- Up-to-date: /home/ps/dof_6_ws/install/conveyorbelt_gazebo/share/conveyorbelt_gazebo/models/conveyor_belt/model.sdf
-- Up-to-date: /home/ps/dof_6_ws/install/conveyorbelt_gazebo/share/conveyorbelt_gazebo/models/conveyor_belt/meshes
-- Up-to-date: /home/ps/dof_6_ws/install/conveyorbelt_gazebo/share/conveyorbelt_gazebo/models/conveyor_belt/meshes/conveyor_belt.stl
-- Up-to-date: /home/ps/dof_6_ws/install/conveyorbelt_gazebo/share/conveyorbelt_gazebo/models/conveyor_belt/meshes/conveyor_belt.dae
-- Up-to-date: /home/ps/dof_6_ws/install/conveyorbelt_gazebo/share/conveyorbelt_gazebo/models/conveyor_belt/model.config
-- Up-to-date: /home/ps/dof_6_ws/install/conveyorbelt_gazebo/share/conveyorbelt_gazebo/worlds
-- Up-to-date: /home/ps/dof_6_ws/install/conveyorbelt_gazebo/share/conveyorbelt_gazebo/worlds/conveyorbelt.world
-- Up-to-date: /home/ps/dof_6_ws/install/conveyorbelt_gazebo/share/conveyorbelt_gazebo/urdf
-- Up-to-date: /home/ps/dof_6_ws/install/conveyorbelt_gazebo/share/conveyorbelt_gazebo/urdf/box_2.urdf
-- Up-to-date: /home/ps/dof_6_ws/install/conveyorbelt_gazebo/share/conveyorbelt_gazebo/urdf/box_3.urdf
-- Up-to-date: /home/ps/dof_6_ws/install/conveyorbelt_gazebo/share/conveyorbelt_gazebo/urdf/box_4.urdf
-- Up-to-date: /home/ps/dof_6_ws/install/conveyorbelt_gazebo/share/conveyorbelt_gazebo/urdf/box_1.urdf
-- Up-to-date: /home/ps/dof_6_ws/install/conveyorbelt_gazebo/share/ament_index/resource_index/package_run_dependencies/conveyorbelt_gazebo
-- Up-to-date: /home/ps/dof_6_ws/install/conveyorbelt_gazebo/share/ament_index/resource_index/parent_prefix_path/conveyorbelt_gazebo
-- Up-to-date: /home/ps/dof_6_ws/install/conveyorbelt_gazebo/share/conveyorbelt_gazebo/environment/ament_prefix_path.sh
-- Up-to-date: /home/ps/dof_6_ws/install/conveyorbelt_gazebo/share/conveyorbelt_gazebo/environment/ament_prefix_path.dsv
-- Up-to-date: /home/ps/dof_6_ws/install/conveyorbelt_gazebo/share/conveyorbelt_gazebo/environment/path.sh
-- Up-to-date: /home/ps/dof_6_ws/install/conveyorbelt_gazebo/share/conveyorbelt_gazebo/environment/path.dsv
-- Up-to-date: /home/ps/dof_6_ws/install/conveyorbelt_gazebo/share/conveyorbelt_gazebo/local_setup.bash
-- Up-to-date: /home/ps/dof_6_ws/install/conveyorbelt_gazebo/share/conveyorbelt_gazebo/local_setup.sh
-- Up-to-date: /home/ps/dof_6_ws/install/conveyorbelt_gazebo/share/conveyorbelt_gazebo/local_setup.zsh
-- Up-to-date: /home/ps/dof_6_ws/install/conveyorbelt_gazebo/share/conveyorbelt_gazebo/local_setup.dsv
-- Up-to-date: /home/ps/dof_6_ws/install/conveyorbelt_gazebo/share/conveyorbelt_gazebo/package.dsv
-- Up-to-date: /home/ps/dof_6_ws/install/conveyorbelt_gazebo/share/ament_index/resource_index/packages/conveyorbelt_gazebo
-- Up-to-date: /home/ps/dof_6_ws/install/conveyorbelt_gazebo/share/conveyorbelt_gazebo/cmake/conveyorbelt_gazeboConfig.cmake
-- Up-to-date: /home/ps/dof_6_ws/install/conveyorbelt_gazebo/share/conveyorbelt_gazebo/cmake/conveyorbelt_gazeboConfig-version.cmake
-- Up-to-date: /home/ps/dof_6_ws/install/conveyorbelt_gazebo/share/conveyorbelt_gazebo/package.xml
