/home/ps/dof_6_ws/install/ur5/lib/python3.10/site-packages/ur5/proximity.py
/home/ps/dof_6_ws/install/ur5/lib/python3.10/site-packages/ur5/controller_rviz_ik.py
/home/ps/dof_6_ws/install/ur5/lib/python3.10/site-packages/ur5/seq.py
/home/ps/dof_6_ws/install/ur5/lib/python3.10/site-packages/ur5/controller_rviz.py
/home/ps/dof_6_ws/install/ur5/lib/python3.10/site-packages/ur5/pick_place.py
/home/ps/dof_6_ws/install/ur5/lib/python3.10/site-packages/ur5/capture_image.py
/home/ps/dof_6_ws/install/ur5/lib/python3.10/site-packages/ur5/controller_fk.py
/home/ps/dof_6_ws/install/ur5/lib/python3.10/site-packages/ur5/vacuum_gripper_controller.py
/home/ps/dof_6_ws/install/ur5/lib/python3.10/site-packages/ur5/pose_publisher.py
/home/ps/dof_6_ws/install/ur5/lib/python3.10/site-packages/ur5/__init__.py
/home/ps/dof_6_ws/install/ur5/lib/python3.10/site-packages/ur5/spawn_box_scheduler.py
/home/ps/dof_6_ws/install/ur5/lib/python3.10/site-packages/ur5/pick_and_place.py
/home/ps/dof_6_ws/install/ur5/lib/python3.10/site-packages/ur5/controller_gz.py
/home/ps/dof_6_ws/install/ur5/lib/python3.10/site-packages/ur5/controller_ik.py
/home/ps/dof_6_ws/install/ur5/lib/python3.10/site-packages/ur5/tmp.py
/home/ps/dof_6_ws/install/ur5/lib/python3.10/site-packages/ur5/__pycache__/proximity.cpython-310.pyc
/home/ps/dof_6_ws/install/ur5/lib/python3.10/site-packages/ur5/__pycache__/controller_rviz_ik.cpython-310.pyc
/home/ps/dof_6_ws/install/ur5/lib/python3.10/site-packages/ur5/__pycache__/seq.cpython-310.pyc
/home/ps/dof_6_ws/install/ur5/lib/python3.10/site-packages/ur5/__pycache__/controller_rviz.cpython-310.pyc
/home/ps/dof_6_ws/install/ur5/lib/python3.10/site-packages/ur5/__pycache__/pick_place.cpython-310.pyc
/home/ps/dof_6_ws/install/ur5/lib/python3.10/site-packages/ur5/__pycache__/capture_image.cpython-310.pyc
/home/ps/dof_6_ws/install/ur5/lib/python3.10/site-packages/ur5/__pycache__/controller_fk.cpython-310.pyc
/home/ps/dof_6_ws/install/ur5/lib/python3.10/site-packages/ur5/__pycache__/vacuum_gripper_controller.cpython-310.pyc
/home/ps/dof_6_ws/install/ur5/lib/python3.10/site-packages/ur5/__pycache__/pose_publisher.cpython-310.pyc
/home/ps/dof_6_ws/install/ur5/lib/python3.10/site-packages/ur5/__pycache__/__init__.cpython-310.pyc
/home/ps/dof_6_ws/install/ur5/lib/python3.10/site-packages/ur5/__pycache__/spawn_box_scheduler.cpython-310.pyc
/home/ps/dof_6_ws/install/ur5/lib/python3.10/site-packages/ur5/__pycache__/pick_and_place.cpython-310.pyc
/home/ps/dof_6_ws/install/ur5/lib/python3.10/site-packages/ur5/__pycache__/controller_gz.cpython-310.pyc
/home/ps/dof_6_ws/install/ur5/lib/python3.10/site-packages/ur5/__pycache__/controller_ik.cpython-310.pyc
/home/ps/dof_6_ws/install/ur5/lib/python3.10/site-packages/ur5/__pycache__/tmp.cpython-310.pyc
/home/ps/dof_6_ws/install/ur5/share/ament_index/resource_index/packages/ur5
/home/ps/dof_6_ws/install/ur5/share/ur5/package.xml
/home/ps/dof_6_ws/install/ur5/share/ur5/ur5_world.launch.py
/home/ps/dof_6_ws/install/ur5/share/ur5/ur5_gazebo.launch.py
/home/ps/dof_6_ws/install/ur5/share/ur5/ur5_control.launch.py
/home/ps/dof_6_ws/install/ur5/share/ur5/ur5_rviz.launch.py
/home/ps/dof_6_ws/install/ur5/share/ur5/ur5_rviz_bot_clean.urdf
/home/ps/dof_6_ws/install/ur5/share/ur5/ur5_rviz_bot.urdf
/home/ps/dof_6_ws/install/ur5/share/ur5/ur5_grip.urdf
/home/ps/dof_6_ws/install/ur5/share/ur5/ur5_control.yaml
/home/ps/dof_6_ws/install/ur5/share/ur5/wrist_3_link.STL
/home/ps/dof_6_ws/install/ur5/share/ur5/upper_arm_link.STL
/home/ps/dof_6_ws/install/ur5/share/ur5/base_link.STL
/home/ps/dof_6_ws/install/ur5/share/ur5/forearm_link.STL
/home/ps/dof_6_ws/install/ur5/share/ur5/wrist_2_link.STL
/home/ps/dof_6_ws/install/ur5/share/ur5/wrist_1_link.STL
/home/ps/dof_6_ws/install/ur5/share/ur5/shoulder_link.STL
/home/ps/dof_6_ws/install/ur5/lib/python3.10/site-packages/ur5-0.0.0-py3.10.egg-info/zip-safe
/home/ps/dof_6_ws/install/ur5/lib/python3.10/site-packages/ur5-0.0.0-py3.10.egg-info/SOURCES.txt
/home/ps/dof_6_ws/install/ur5/lib/python3.10/site-packages/ur5-0.0.0-py3.10.egg-info/dependency_links.txt
/home/ps/dof_6_ws/install/ur5/lib/python3.10/site-packages/ur5-0.0.0-py3.10.egg-info/PKG-INFO
/home/ps/dof_6_ws/install/ur5/lib/python3.10/site-packages/ur5-0.0.0-py3.10.egg-info/requires.txt
/home/ps/dof_6_ws/install/ur5/lib/python3.10/site-packages/ur5-0.0.0-py3.10.egg-info/entry_points.txt
/home/ps/dof_6_ws/install/ur5/lib/python3.10/site-packages/ur5-0.0.0-py3.10.egg-info/top_level.txt
/home/ps/dof_6_ws/install/ur5/lib/ur5/cap
/home/ps/dof_6_ws/install/ur5/lib/ur5/grip
/home/ps/dof_6_ws/install/ur5/lib/ur5/gz
/home/ps/dof_6_ws/install/ur5/lib/ur5/gz_ik
/home/ps/dof_6_ws/install/ur5/lib/ur5/pnp
/home/ps/dof_6_ws/install/ur5/lib/ur5/pose
/home/ps/dof_6_ws/install/ur5/lib/ur5/prox
/home/ps/dof_6_ws/install/ur5/lib/ur5/rviz
/home/ps/dof_6_ws/install/ur5/lib/ur5/rviz_ik
/home/ps/dof_6_ws/install/ur5/lib/ur5/scheduler
